2024-04-13 01:02:54,994 [ERROR] LogOutputStream:75 - [STDERR_REDIRECT] 
2024-04-13 13:57:14,903 [INFO] Activator:176 - 


2024-04-13 13:57:14,904 [INFO] Activator:177 - !SESSION log4j initialized
2024-04-13 13:57:19,876 [INFO] LogOutputStream:77 - [STDOUT_REDIRECT] 
2024-04-13 13:57:26,743 [INFO] ApplicationProperties:184 - Using Application install path: C:\ST\STM32CubeIDE_1.14.0\STM32CubeIDE\plugins\com.st.stm32cube.common.mx_6.10.0.202311202037
2024-04-13 13:57:26,756 [INFO] DbMcusXml:78 - Set database path to: C:\ST\STM32CubeIDE_1.14.0\STM32CubeIDE\plugins\com.st.stm32cube.common.mx_6.10.0.202311202037\\db\/mcu/
2024-04-13 13:57:26,757 [INFO] ApiDb:274 - Set plugin database path to: C:\ST\STM32CubeIDE_1.14.0\STM32CubeIDE\plugins\com.st.stm32cube.common.mx_6.10.0.202311202037\\db\/plugins/boardmanager/
2024-04-13 13:57:26,757 [WARN] ApiDb:259 - Overriding images path with different value:  => C:\ST\STM32CubeIDE_1.14.0\STM32CubeIDE\plugins\com.st.stm32cube.common.mx_6.10.0.202311202037\\db\/plugins/mcufinder/images/
2024-04-13 13:57:26,762 [INFO] ApiDb:250 - Set database path to: C:\Users\Ahmet\.stmcufinder\plugins\mcufinder//mcu/
2024-04-13 13:57:26,763 [INFO] DbMcusAds:125 - Set database path to: C:\Users\Ahmet\.stmcufinder\plugins\mcufinder//mcu/
2024-04-13 13:57:26,764 [INFO] CrossReferenceDbSqlite:203 - Set database path to: C:\Users\Ahmet\.stmcufinder\plugins\mcufinder//mcu/cs/
2024-04-13 13:57:26,850 [INFO] RulesReader:64 - Compatibility file has been processed (297 Rules)
2024-04-13 13:57:26,912 [INFO] DbMcusXml:78 - Set database path to: C:\ST\STM32CubeIDE_1.14.0\STM32CubeIDE\plugins\com.st.stm32cube.common.mx_6.10.0.202311202037\\db\/mcu/
2024-04-13 13:57:26,912 [INFO] ApiDb:274 - Set plugin database path to: C:\ST\STM32CubeIDE_1.14.0\STM32CubeIDE\plugins\com.st.stm32cube.common.mx_6.10.0.202311202037\\db\/plugins/boardmanager/
2024-04-13 13:57:26,913 [INFO] ApiDb:261 - Set plugin images path to: C:\ST\STM32CubeIDE_1.14.0\STM32CubeIDE\plugins\com.st.stm32cube.common.mx_6.10.0.202311202037\\db\/plugins/mcufinder/images/
2024-04-13 13:57:26,913 [WARN] DbFile:41 - Overriding database path with different value: C:\Users\Ahmet\.stmcufinder\plugins\mcufinder/ => C:\Users\Ahmet\.stmcufinder\plugins\mcufinder
2024-04-13 13:57:26,913 [INFO] ApiDb:250 - Set database path to: C:\Users\Ahmet\.stmcufinder\plugins\mcufinder//mcu/
2024-04-13 13:57:26,913 [WARN] DbFile:41 - Overriding database path with different value: C:\Users\Ahmet\.stmcufinder\plugins\mcufinder/ => C:\Users\Ahmet\.stmcufinder\plugins\mcufinder
2024-04-13 13:57:26,913 [INFO] DbMcusAds:125 - Set database path to: C:\Users\Ahmet\.stmcufinder\plugins\mcufinder//mcu/
2024-04-13 13:57:26,913 [WARN] DbFile:41 - Overriding database path with different value: C:\Users\Ahmet\.stmcufinder\plugins\mcufinder/ => C:\Users\Ahmet\.stmcufinder\plugins\mcufinder
2024-04-13 13:57:26,913 [WARN] DbFile:41 - Overriding database path with different value: C:\Users\Ahmet\.stmcufinder\plugins\mcufinder/ => C:\Users\Ahmet\.stmcufinder\plugins\mcufinder
2024-04-13 13:57:26,913 [INFO] CrossReferenceDbSqlite:203 - Set database path to: C:\Users\Ahmet\.stmcufinder\plugins\mcufinder//mcu/cs/
2024-04-13 13:57:26,967 [INFO] MainPanel:264 - HeapMemory: 268435456
2024-04-13 13:57:27,030 [INFO] DbMcusXml:78 - Set database path to: C:\ST\STM32CubeIDE_1.14.0\STM32CubeIDE\plugins\com.st.stm32cube.common.mx_6.10.0.202311202037\\db\/mcu/
2024-04-13 13:57:27,030 [INFO] ApiDb:274 - Set plugin database path to: C:\ST\STM32CubeIDE_1.14.0\STM32CubeIDE\plugins\com.st.stm32cube.common.mx_6.10.0.202311202037\\db\/plugins/boardmanager/
2024-04-13 13:57:27,030 [INFO] ApiDb:261 - Set plugin images path to: C:\ST\STM32CubeIDE_1.14.0\STM32CubeIDE\plugins\com.st.stm32cube.common.mx_6.10.0.202311202037\\db\/plugins/mcufinder/images/
2024-04-13 13:57:27,030 [WARN] DbFile:41 - Overriding database path with different value: C:\Users\Ahmet\.stmcufinder\plugins\mcufinder/ => C:\Users\Ahmet\.stmcufinder\plugins\mcufinder
2024-04-13 13:57:27,030 [INFO] ApiDb:250 - Set database path to: C:\Users\Ahmet\.stmcufinder\plugins\mcufinder//mcu/
2024-04-13 13:57:27,030 [WARN] DbFile:41 - Overriding database path with different value: C:\Users\Ahmet\.stmcufinder\plugins\mcufinder/ => C:\Users\Ahmet\.stmcufinder\plugins\mcufinder
2024-04-13 13:57:27,030 [INFO] DbMcusAds:125 - Set database path to: C:\Users\Ahmet\.stmcufinder\plugins\mcufinder//mcu/
2024-04-13 13:57:27,030 [WARN] DbFile:41 - Overriding database path with different value: C:\Users\Ahmet\.stmcufinder\plugins\mcufinder/ => C:\Users\Ahmet\.stmcufinder\plugins\mcufinder
2024-04-13 13:57:27,030 [WARN] DbFile:41 - Overriding database path with different value: C:\Users\Ahmet\.stmcufinder\plugins\mcufinder/ => C:\Users\Ahmet\.stmcufinder\plugins\mcufinder
2024-04-13 13:57:27,030 [INFO] CrossReferenceDbSqlite:203 - Set database path to: C:\Users\Ahmet\.stmcufinder\plugins\mcufinder//mcu/cs/
2024-04-13 13:57:27,043 [INFO] ApplicationProperties:184 - Using Application install path: C:\ST\STM32CubeIDE_1.14.0\STM32CubeIDE\plugins\com.st.stm32cube.common.mx_6.10.0.202311202037
2024-04-13 13:57:27,045 [INFO] PluginManage:196 - Search for loadable plugins [exclusion list=, ]
2024-04-13 13:57:27,047 [INFO] PluginManage:310 - Check plugin analytics
2024-04-13 13:57:27,220 [INFO] AnalyticsPlugin:253 - Accepted Software Licenses: 
2024-04-13 13:57:27,220 [INFO] AnalyticsPlugin:255 - Accepted CMSIS Pack Licenses: 
2024-04-13 13:57:27,220 [INFO] AnalyticsPlugin:257 - Accepted Firmware Licenses: FW.L4.1.18.0,FW.F4.1.27.0
2024-04-13 13:57:27,223 [INFO] PluginManage:359 - Loaded plugin analytics (category:tool,tabindex:-1)
2024-04-13 13:57:27,224 [INFO] PluginManage:310 - Check plugin cadmodel
2024-04-13 13:57:27,239 [INFO] CADModel:105 - Init CAD model plugin
2024-04-13 13:57:27,239 [INFO] PluginManage:359 - Loaded plugin cadmodel (category:power,tabindex:5)
2024-04-13 13:57:27,239 [INFO] PluginManage:310 - Check plugin clock
2024-04-13 13:57:27,258 [INFO] PluginManage:359 - Loaded plugin clock (category:base,tabindex:2)
2024-04-13 13:57:27,258 [INFO] PluginManage:310 - Check plugin ddr
2024-04-13 13:57:27,260 [INFO] PluginManage:359 - Loaded plugin ddr (category:tool,tabindex:6)
2024-04-13 13:57:27,260 [INFO] PluginManage:310 - Check plugin filemanager
2024-04-13 13:57:27,380 [INFO] PluginManage:359 - Loaded plugin filemanager (category:base,tabindex:10)
2024-04-13 13:57:27,380 [INFO] PluginManage:310 - Check plugin ipmanager
2024-04-13 13:57:27,386 [INFO] PluginManage:359 - Loaded plugin ipmanager (category:base,tabindex:5)
2024-04-13 13:57:27,387 [INFO] PluginManage:310 - Check plugin lpbam
2024-04-13 13:57:27,403 [INFO] PluginManage:359 - Loaded plugin lpbam (category:base,tabindex:0)
2024-04-13 13:57:27,403 [INFO] PluginManage:310 - Check plugin memorymap
2024-04-13 13:57:27,422 [INFO] PluginManage:359 - Loaded plugin memorymap (category:base,tabindex:4)
2024-04-13 13:57:27,422 [INFO] PluginManage:310 - Check plugin pinoutandconfiguration
2024-04-13 13:57:27,434 [INFO] PluginManage:359 - Loaded plugin pinoutandconfiguration (category:base,tabindex:1)
2024-04-13 13:57:27,434 [INFO] PluginManage:310 - Check plugin pinoutconfig
2024-04-13 13:57:27,498 [WARN] SupportedApi:132 - Cannot load RTOS API schema: s4s-elt-must-match.1: The content of 'definitions' must match (annotation?, (simpleType | complexType)?, (unique | key | keyref)*)). A problem was found starting at: attribute.
2024-04-13 13:57:27,596 [INFO] PluginManage:359 - Loaded plugin pinoutconfig (category:base,tabindex:0)
2024-04-13 13:57:27,596 [INFO] PluginManage:310 - Check plugin power
2024-04-13 13:57:27,610 [INFO] PluginManage:359 - Loaded plugin power (category:power,tabindex:4)
2024-04-13 13:57:27,610 [INFO] PluginManage:310 - Check plugin projectmanager
2024-04-13 13:57:27,619 [INFO] PluginManage:359 - Loaded plugin projectmanager (category:projectmanager,tabindex:3)
2024-04-13 13:57:27,619 [INFO] PluginManage:310 - Check plugin thirdparty
2024-04-13 13:57:27,795 [INFO] PluginManage:359 - Loaded plugin thirdparty (category:base,tabindex:-1)
2024-04-13 13:57:27,796 [INFO] PluginManage:310 - Check plugin tools
2024-04-13 13:57:27,796 [WARN] IntegrityCheckThread:84 - waiting for thirdparty lock release [integrity check]
2024-04-13 13:57:27,796 [INFO] IntegrityCheckThread:86 - entering critical section [integrity check]
2024-04-13 13:57:27,796 [INFO] ThirdPartyUpdaterWithRetryManager:70 - Updater plugin not ready yet. [1/15]
2024-04-13 13:57:27,818 [INFO] PluginManage:359 - Loaded plugin tools (category:base,tabindex:7)
2024-04-13 13:57:27,818 [INFO] PluginManage:310 - Check plugin tutovideos
2024-04-13 13:57:28,043 [INFO] PluginManage:359 - Loaded plugin tutovideos (category:base,tabindex:-1)
2024-04-13 13:57:28,043 [INFO] PluginManage:310 - Check plugin updater
2024-04-13 13:57:28,053 [INFO] PluginManage:359 - Loaded plugin updater (category:base,tabindex:12)
2024-04-13 13:57:28,053 [INFO] PluginManage:310 - Check plugin userauth
2024-04-13 13:57:28,059 [INFO] UserAuth:114 - Init User Auth plugin
2024-04-13 13:57:28,059 [INFO] PluginManage:359 - Loaded plugin userauth (category:base,tabindex:14)
2024-04-13 13:57:28,059 [INFO] PluginManage:283 - PluginManage : Loaded plugins [17]
2024-04-13 13:57:28,273 [INFO] PinOutPanel:1499 - setPackage(No Configuration,No Configuration)
2024-04-13 13:57:28,351 [INFO] CADModel:165 - CPN selected for project level
2024-04-13 13:57:28,351 [INFO] CADModel:114 - Register for checkConnection events
2024-04-13 13:57:28,372 [INFO] IPUIPlugin:80 - create IPUIPlugin
2024-04-13 13:57:28,372 [INFO] PluginManager:220 - loadIPPluginJar : add adc
2024-04-13 13:57:28,393 [INFO] IPUIPlugin:80 - create IPUIPlugin
2024-04-13 13:57:28,394 [INFO] PluginManager:220 - loadIPPluginJar : add aes
2024-04-13 13:57:28,416 [INFO] IPUIPlugin:80 - create IPUIPlugin
2024-04-13 13:57:28,416 [INFO] PluginManager:220 - loadIPPluginJar : add can
2024-04-13 13:57:28,429 [INFO] IPUIPlugin:80 - create IPUIPlugin
2024-04-13 13:57:28,430 [INFO] PluginManager:220 - loadIPPluginJar : add comp
2024-04-13 13:57:28,449 [INFO] IPUIPlugin:80 - create IPUIPlugin
2024-04-13 13:57:28,449 [INFO] PluginManager:220 - loadIPPluginJar : add cryp
2024-04-13 13:57:28,465 [INFO] IPUIPlugin:80 - create IPUIPlugin
2024-04-13 13:57:28,466 [INFO] PluginManager:220 - loadIPPluginJar : add dfsdm
2024-04-13 13:57:28,479 [INFO] IPUIPlugin:80 - create IPUIPlugin
2024-04-13 13:57:28,479 [INFO] PluginManager:220 - loadIPPluginJar : add dma
2024-04-13 13:57:28,504 [INFO] IPUIPlugin:80 - create IPUIPlugin
2024-04-13 13:57:28,504 [INFO] PluginManager:220 - loadIPPluginJar : add dma3
2024-04-13 13:57:28,515 [INFO] IPUIPlugin:80 - create IPUIPlugin
2024-04-13 13:57:28,515 [INFO] PluginManager:220 - loadIPPluginJar : add fatfs
2024-04-13 13:57:28,542 [INFO] IPUIPlugin:80 - create IPUIPlugin
2024-04-13 13:57:28,542 [INFO] PluginManager:220 - loadIPPluginJar : add fmc
2024-04-13 13:57:28,556 [INFO] IPUIPlugin:80 - create IPUIPlugin
2024-04-13 13:57:28,556 [INFO] PluginManager:220 - loadIPPluginJar : add freertos
2024-04-13 13:57:28,567 [INFO] IPUIPlugin:80 - create IPUIPlugin
2024-04-13 13:57:28,567 [INFO] PluginManager:220 - loadIPPluginJar : add genericplugin
2024-04-13 13:57:28,614 [INFO] IPUIPlugin:80 - create IPUIPlugin
2024-04-13 13:57:28,615 [INFO] PluginManager:220 - loadIPPluginJar : add gfxmmu
2024-04-13 13:57:28,689 [INFO] IPUIPlugin:80 - create IPUIPlugin
2024-04-13 13:57:28,689 [INFO] PluginManager:220 - loadIPPluginJar : add gic
2024-04-13 13:57:28,698 [INFO] IPUIPlugin:80 - create IPUIPlugin
2024-04-13 13:57:28,699 [INFO] PluginManager:220 - loadIPPluginJar : add gpio
2024-04-13 13:57:28,750 [INFO] IPUIPlugin:80 - create IPUIPlugin
2024-04-13 13:57:28,750 [INFO] PluginManager:220 - loadIPPluginJar : add gtzc
2024-04-13 13:57:28,767 [INFO] IPUIPlugin:80 - create IPUIPlugin
2024-04-13 13:57:28,767 [INFO] PluginManager:220 - loadIPPluginJar : add hash
2024-04-13 13:57:28,795 [INFO] IPUIPlugin:80 - create IPUIPlugin
2024-04-13 13:57:28,795 [INFO] PluginManager:220 - loadIPPluginJar : add i2c
2024-04-13 13:57:28,816 [INFO] IPUIPlugin:80 - create IPUIPlugin
2024-04-13 13:57:28,816 [INFO] PluginManager:220 - loadIPPluginJar : add i2s
2024-04-13 13:57:28,840 [INFO] IPUIPlugin:80 - create IPUIPlugin
2024-04-13 13:57:28,840 [INFO] PluginManager:220 - loadIPPluginJar : add i3c
2024-04-13 13:57:28,901 [INFO] IPUIPlugin:80 - create IPUIPlugin
2024-04-13 13:57:28,901 [INFO] PluginManager:220 - loadIPPluginJar : add ipddr
2024-04-13 13:57:28,974 [INFO] IPUIPlugin:80 - create IPUIPlugin
2024-04-13 13:57:28,974 [INFO] PluginManager:220 - loadIPPluginJar : add linkedlist
2024-04-13 13:57:28,995 [INFO] IPUIPlugin:80 - create IPUIPlugin
2024-04-13 13:57:28,995 [INFO] PluginManager:220 - loadIPPluginJar : add lorawan
2024-04-13 13:57:29,016 [INFO] IPUIPlugin:80 - create IPUIPlugin
2024-04-13 13:57:29,016 [INFO] PluginManager:220 - loadIPPluginJar : add ltdc
2024-04-13 13:57:29,030 [INFO] IPUIPlugin:80 - create IPUIPlugin
2024-04-13 13:57:29,030 [INFO] PluginManager:220 - loadIPPluginJar : add mdma
2024-04-13 13:57:29,039 [INFO] IPUIPlugin:80 - create IPUIPlugin
2024-04-13 13:57:29,039 [INFO] PluginManager:220 - loadIPPluginJar : add nvic
2024-04-13 13:57:29,060 [INFO] IPUIPlugin:80 - create IPUIPlugin
2024-04-13 13:57:29,060 [INFO] PluginManager:220 - loadIPPluginJar : add opamp
2024-04-13 13:57:29,090 [INFO] IPUIPlugin:80 - create IPUIPlugin
2024-04-13 13:57:29,090 [INFO] PluginManager:220 - loadIPPluginJar : add openamp
2024-04-13 13:57:29,116 [INFO] IPUIPlugin:80 - create IPUIPlugin
2024-04-13 13:57:29,116 [INFO] PluginManager:220 - loadIPPluginJar : add pdm2pcm
2024-04-13 13:57:29,125 [INFO] IPUIPlugin:80 - create IPUIPlugin
2024-04-13 13:57:29,127 [INFO] PluginManager:220 - loadIPPluginJar : add plateformsettings
2024-04-13 13:57:29,143 [INFO] IPUIPlugin:80 - create IPUIPlugin
2024-04-13 13:57:29,143 [INFO] PluginManager:220 - loadIPPluginJar : add quadspi
2024-04-13 13:57:29,151 [INFO] IPUIPlugin:80 - create IPUIPlugin
2024-04-13 13:57:29,152 [INFO] PluginManager:220 - loadIPPluginJar : add resmgrutility
2024-04-13 13:57:29,177 [INFO] IPUIPlugin:80 - create IPUIPlugin
2024-04-13 13:57:29,178 [INFO] PluginManager:220 - loadIPPluginJar : add sai
2024-04-13 13:57:29,198 [INFO] IPUIPlugin:80 - create IPUIPlugin
2024-04-13 13:57:29,198 [INFO] PluginManager:220 - loadIPPluginJar : add spi
2024-04-13 13:57:29,239 [INFO] IPUIPlugin:80 - create IPUIPlugin
2024-04-13 13:57:29,239 [INFO] PluginManager:220 - loadIPPluginJar : add stm32_wpan
2024-04-13 13:57:29,253 [INFO] IPUIPlugin:80 - create IPUIPlugin
2024-04-13 13:57:29,253 [INFO] PluginManager:220 - loadIPPluginJar : add tim
2024-04-13 13:57:29,283 [INFO] IPUIPlugin:80 - create IPUIPlugin
2024-04-13 13:57:29,283 [INFO] PluginManager:220 - loadIPPluginJar : add touchsensing
2024-04-13 13:57:29,295 [INFO] IPUIPlugin:80 - create IPUIPlugin
2024-04-13 13:57:29,295 [INFO] PluginManager:220 - loadIPPluginJar : add tracer_emb
2024-04-13 13:57:29,309 [INFO] IPUIPlugin:80 - create IPUIPlugin
2024-04-13 13:57:29,309 [INFO] PluginManager:220 - loadIPPluginJar : add ts
2024-04-13 13:57:29,319 [INFO] IPUIPlugin:80 - create IPUIPlugin
2024-04-13 13:57:29,320 [INFO] PluginManager:220 - loadIPPluginJar : add tsc
2024-04-13 13:57:29,332 [INFO] IPUIPlugin:80 - create IPUIPlugin
2024-04-13 13:57:29,332 [INFO] PluginManager:220 - loadIPPluginJar : add ucpd
2024-04-13 13:57:29,365 [INFO] IPUIPlugin:80 - create IPUIPlugin
2024-04-13 13:57:29,366 [INFO] PluginManager:220 - loadIPPluginJar : add usart
2024-04-13 13:57:29,390 [INFO] IPUIPlugin:80 - create IPUIPlugin
2024-04-13 13:57:29,390 [INFO] PluginManager:220 - loadIPPluginJar : add usbx
2024-04-13 13:57:29,493 [INFO] CADModel:165 - CPN selected for project level
2024-04-13 13:57:29,493 [INFO] CADModel:114 - Register for checkConnection events
2024-04-13 13:57:29,494 [FATAL] Updater:308 - Updater called before beeing initialized
2024-04-13 13:57:29,494 [ERROR] CADModel:125 - Updater not yet initialized, retry later 
2024-04-13 13:57:29,603 [INFO] CADModel:165 - CPN selected for project level
2024-04-13 13:57:29,603 [INFO] CADModel:114 - Register for checkConnection events
2024-04-13 13:57:29,603 [FATAL] Updater:308 - Updater called before beeing initialized
2024-04-13 13:57:29,603 [ERROR] CADModel:125 - Updater not yet initialized, retry later 
2024-04-13 13:57:29,606 [FATAL] Updater:308 - Updater called before beeing initialized
2024-04-13 13:57:29,697 [FATAL] Updater:308 - Updater called before beeing initialized
2024-04-13 13:57:29,708 [INFO] DbMcusAds:53 - JSON generation date=Wed Nov 29 13:52:27 TRT 2023 (1701255147349)
2024-04-13 13:57:29,708 [FATAL] Updater:308 - Updater called before beeing initialized
2024-04-13 13:57:29,759 [WARN] DetailPanel:346 - Failed to get advertising image, set to default
2024-04-13 13:57:29,810 [FATAL] Updater:308 - Updater called before beeing initialized
2024-04-13 13:57:29,811 [FATAL] Updater:308 - Updater called before beeing initialized
2024-04-13 13:57:29,811 [FATAL] Updater:308 - Updater called before beeing initialized
2024-04-13 13:57:29,811 [WARN] DetailPanel:346 - Failed to get advertising image, set to default
2024-04-13 13:57:29,812 [FATAL] Updater:308 - Updater called before beeing initialized
2024-04-13 13:57:29,860 [ERROR] Updater:1120 - MainUpdater not yet initialized. External WinMGr cannot be set.
2024-04-13 13:57:29,867 [INFO] Updater:1056 - Updater Version found : 6.10.0
2024-04-13 13:57:29,892 [INFO] ApplicationProperties:184 - Using Application install path: C:\ST\STM32CubeIDE_1.14.0\STM32CubeIDE\plugins\com.st.stm32cube.common.mx_6.10.0.202311202037
2024-04-13 13:57:30,798 [INFO] ThirdPartyUpdaterWithRetryManager:70 - Updater plugin not ready yet. [2/15]
2024-04-13 13:57:31,474 [ERROR] LogOutputStream:75 - [STDERR_REDIRECT] Apr 13, 2024 1:57:31 PM java.util.prefs.WindowsPreferences <init>
2024-04-13 13:57:31,475 [ERROR] LogOutputStream:75 - [STDERR_REDIRECT] WARNING: Could not open/create prefs root node Software\JavaSoft\Prefs at root 0xffffffff80000002. Windows RegCreateKeyEx(...) returned error code 5.
2024-04-13 13:57:31,476 [ERROR] LogOutputStream:75 - [STDERR_REDIRECT] 
2024-04-13 13:57:31,924 [INFO] MainUpdater:2873 - connection check result : 10
2024-04-13 13:57:31,924 [INFO] MainUpdater:290 - Updater Check For Update Now.
2024-04-13 13:57:31,924 [INFO] MicroXplorer:498 - Change Database Version : DB.6.0.100
2024-04-13 13:57:31,964 [INFO] McuFinderGlobals:63 - Set McuFinder mode to 2 (CubeIDE integrated)
2024-04-13 13:57:31,965 [INFO] UserAuth:180 - activating auth plugin
2024-04-13 13:57:31,969 [INFO] UserAuth:404 - Internet connection configuration mode: 1
2024-04-13 13:57:32,009 [INFO] JxBrowserEngine:152 - Initiate JxBrowser Engine with user profile folder
2024-04-13 13:57:32,126 [INFO] CheckServerUpdateThread:120 - End of CheckServer Thread
2024-04-13 13:57:33,916 [WARN] PackLoader:240 - Cannot read IP mode file for STMicroelectronics.X-CUBE-SMBUS.2.1.0
2024-04-13 13:57:33,950 [WARN] PackLoader:240 - Cannot read IP mode file for STMicroelectronics.X-CUBE-TOUCHGFX.4.23.1
2024-04-13 13:57:33,964 [WARN] PackLoader:240 - Cannot read IP mode file for STMicroelectronics.X-CUBE-TOUCHGFX.4.23.0
2024-04-13 13:57:33,972 [WARN] PackLoader:240 - Cannot read IP mode file for STMicroelectronics.X-CUBE-TOUCHGFX.4.23.2
2024-04-13 13:57:33,998 [WARN] PackLoader:240 - Cannot read IP mode file for STMicroelectronics.X-CUBE-AZRTOS-F7.1.1.0
2024-04-13 13:57:34,011 [WARN] PackLoader:240 - Cannot read IP mode file for STMicroelectronics.FP-SNS-MOTENV1.4.3.2
2024-04-13 13:57:34,021 [WARN] PackLoader:240 - Cannot read IP mode file for STMicroelectronics.FP-SNS-FLIGHT1.5.0.2
2024-04-13 13:57:34,034 [WARN] PackLoader:240 - Cannot read IP mode file for STMicroelectronics.X-CUBE-DISPLAY.3.0.0
2024-04-13 13:57:34,052 [WARN] PackLoader:240 - Cannot read IP mode file for STMicroelectronics.X-CUBE-BLE1.7.0.0
2024-04-13 13:57:34,073 [WARN] PackLoader:240 - Cannot read IP mode file for STMicroelectronics.X-CUBE-BLEMGR.3.1.0
2024-04-13 13:57:34,085 [WARN] PackLoader:240 - Cannot read IP mode file for STMicroelectronics.FP-SNS-SMARTAG2.1.2.0
2024-04-13 13:57:34,103 [INFO] LogOutputStream:77 - [STDOUT_REDIRECT] 1 : Invalid condition id : UX_CORESTACK_Condition cause : null
2024-04-13 13:57:34,104 [INFO] LogOutputStream:77 - [STDOUT_REDIRECT] 1 : Invalid condition id : UX_CORESTACK_Condition cause : null
2024-04-13 13:57:34,106 [INFO] LogOutputStream:77 - [STDOUT_REDIRECT] 1 : Invalid condition id : UX_CORESTACK_Condition cause : null
2024-04-13 13:57:34,107 [INFO] LogOutputStream:77 - [STDOUT_REDIRECT] 1 : Invalid condition id : UX_CORESTACK_Condition cause : null
2024-04-13 13:57:34,109 [INFO] LogOutputStream:77 - [STDOUT_REDIRECT] 1 : Invalid condition id : UX_CORESTACK_Condition cause : null
2024-04-13 13:57:34,110 [WARN] PackLoader:240 - Cannot read IP mode file for STMicroelectronics.X-CUBE-AZRTOS-WL.2.0.0
2024-04-13 13:57:34,121 [WARN] PackLoader:240 - Cannot read IP mode file for STMicroelectronics.FP-SNS-MOTENV1.5.0.0
2024-04-13 13:57:34,136 [WARN] PackLoader:240 - Cannot read IP mode file for WES.I-CUBE-Cesium.1.3.0
2024-04-13 13:57:34,145 [WARN] PackLoader:240 - Cannot read IP mode file for STMicroelectronics.X-CUBE-BLE2.3.3.0
2024-04-13 13:57:34,154 [WARN] PackLoader:240 - Cannot read IP mode file for STMicroelectronics.X-CUBE-TCPP.4.1.0
2024-04-13 13:57:34,164 [WARN] PackLoader:240 - Cannot read IP mode file for STMicroelectronics.X-CUBE-ALGOBUILD.1.3.0
2024-04-13 13:57:34,183 [WARN] PackLoader:240 - Cannot read IP mode file for STMicroelectronics.X-CUBE-AZRTOS-G0.1.1.0
2024-04-13 13:57:34,193 [WARN] PackLoader:240 - Cannot read IP mode file for STMicroelectronics.X-CUBE-SAFEA1.1.2.2
2024-04-13 13:57:34,202 [WARN] PackLoader:240 - Cannot read IP mode file for STMicroelectronics.X-CUBE-NFC4.3.0.0
2024-04-13 13:57:34,213 [WARN] PackLoader:240 - Cannot read IP mode file for STMicroelectronics.X-CUBE-BLEMGR.3.0.0
2024-04-13 13:57:34,223 [WARN] PackLoader:240 - Cannot read IP mode file for STMicroelectronics.FP-ATR-SIGFOX1.3.2.0
2024-04-13 13:57:34,232 [WARN] PackLoader:240 - Cannot read IP mode file for STMicroelectronics.X-CUBE-EEPRMA1.5.1.0
2024-04-13 13:57:34,256 [WARN] PackLoader:240 - Cannot read IP mode file for SEGGER.I-CUBE-embOS.1.3.1
2024-04-13 13:57:34,280 [WARN] PackLoader:240 - Cannot read IP mode file for STMicroelectronics.X-CUBE-GNSS1.6.0.0
2024-04-13 13:57:34,296 [WARN] PackLoader:240 - Cannot read IP mode file for STMicroelectronics.X-CUBE-AZRTOS-F4.1.1.0
2024-04-13 13:57:34,312 [WARN] PackLoader:240 - Cannot read IP mode file for STMicroelectronics.X-CUBE-AZRTOS-L5.2.0.0
2024-04-13 13:57:34,327 [WARN] PackLoader:240 - Cannot read IP mode file for STMicroelectronics.X-CUBE-EEPRMA1.4.2.0
2024-04-13 13:57:34,336 [WARN] PackLoader:240 - Cannot read IP mode file for STMicroelectronics.X-CUBE-NFC6.3.1.0
2024-04-13 13:57:34,344 [WARN] PackLoader:240 - Cannot read IP mode file for ITTIA_DB.I-CUBE-ITTIADB.8.8.0
2024-04-13 13:57:34,352 [WARN] PackLoader:240 - Cannot read IP mode file for STMicroelectronics.X-CUBE-NFC7.1.0.1
2024-04-13 13:57:34,360 [WARN] PackLoader:240 - Cannot read IP mode file for STMicroelectronics.X-CUBE-NFC6.3.0.0
2024-04-13 13:57:34,368 [WARN] PackLoader:240 - Cannot read IP mode file for STMicroelectronics.X-CUBE-AI.8.1.0
2024-04-13 13:57:34,386 [WARN] ConditionMgr:438 - getConditionDescription Invalid condition id : LAN8742 Phy interface Condition cause : null
2024-04-13 13:57:34,386 [WARN] PackLoader:240 - Cannot read IP mode file for STMicroelectronics.X-CUBE-AZRTOS-L4.2.0.0
2024-04-13 13:57:34,387 [WARN] ConditionMgr:1039 - genDependencies : Invalid condition id : LAN8742 Phy interface Condition cause : null
2024-04-13 13:57:34,387 [WARN] ConditionMgr:1039 - genDependencies : Invalid condition id : LAN8742 Phy interface Condition cause : null
2024-04-13 13:57:34,387 [WARN] ConditionMgr:1039 - genDependencies : Invalid condition id : LAN8742 Phy interface Condition cause : null
2024-04-13 13:57:34,397 [WARN] PackLoader:240 - Cannot read IP mode file for STMicroelectronics.X-CUBE-SFXS2LP1.4.0.0
2024-04-13 13:57:34,412 [WARN] ConditionMgr:438 - getConditionDescription Invalid condition id : UX DEVICE CLASS RTOS Condition cause : null
2024-04-13 13:57:34,412 [WARN] ConditionMgr:438 - getConditionDescription Invalid condition id : UX DEVICE CLASS RTOS Condition cause : null
2024-04-13 13:57:34,413 [WARN] PackLoader:240 - Cannot read IP mode file for STMicroelectronics.X-CUBE-AZRTOS-WB.2.0.0
2024-04-13 13:57:34,414 [WARN] ConditionMgr:1039 - genDependencies : Invalid condition id : UX DEVICE CLASS RTOS Condition cause : null
2024-04-13 13:57:34,414 [WARN] ConditionMgr:1039 - genDependencies : Invalid condition id : UX DEVICE CLASS RTOS Condition cause : null
2024-04-13 13:57:34,414 [WARN] ConditionMgr:1039 - genDependencies : Invalid condition id : UX DEVICE CLASS RTOS Condition cause : null
2024-04-13 13:57:34,414 [WARN] ConditionMgr:1039 - genDependencies : Invalid condition id : UX DEVICE CLASS RTOS Condition cause : null
2024-04-13 13:57:34,414 [WARN] ConditionMgr:1039 - genDependencies : Invalid condition id : UX DEVICE CLASS RTOS Condition cause : null
2024-04-13 13:57:34,426 [WARN] PackLoader:240 - Cannot read IP mode file for STMicroelectronics.X-CUBE-SUBG2.5.0.0
2024-04-13 13:57:34,444 [WARN] PackLoader:240 - Cannot read IP mode file for STMicroelectronics.X-CUBE-AZRTOS-G4.2.0.0
2024-04-13 13:57:34,458 [WARN] PackLoader:240 - Cannot read IP mode file for Infineon.AIROC-Wi-Fi-Bluetooth-STM32.1.5.1
2024-04-13 13:57:34,491 [WARN] PackLoader:240 - Cannot read IP mode file for STMicroelectronics.X-CUBE-MEMS1.10.0.0
2024-04-13 13:57:34,568 [INFO] WebApp:161 - Instantiating new browser for Auth
2024-04-13 13:57:34,590 [WARN] PackLoader:240 - Cannot read IP mode file for STMicroelectronics.X-CUBE-FREERTOS.1.1.0
2024-04-13 13:57:34,599 [WARN] PackLoader:240 - Cannot read IP mode file for portGmbH.I-Cube-SoM-uGOAL.1.1.0
2024-04-13 13:57:34,612 [WARN] PackLoader:240 - Cannot read IP mode file for STMicroelectronics.X-CUBE-ALS.1.0.1
2024-04-13 13:57:34,624 [WARN] PackLoader:240 - Cannot read IP mode file for STMicroelectronics.FP-ATR-ASTRA1.2.0.0
2024-04-13 13:57:34,637 [WARN] PackLoader:240 - Cannot read IP mode file for STMicroelectronics.X-CUBE-TOF1.3.4.0
2024-04-13 13:57:34,653 [WARN] PackLoader:240 - Cannot read IP mode file for STMicroelectronics.X-CUBE-TOF1.3.4.1
2024-04-13 13:57:34,657 [INFO] ThirdParty:978 - Integrity check success = true
2024-04-13 13:57:34,657 [INFO] IntegrityCheckThread:100 - exiting critical section [integrity check]
2024-04-13 13:57:34,658 [INFO] IntegrityCheckThread:103 - End integrity checks thread
2024-04-13 13:57:35,182 [INFO] WebApp:780 - Register for checkConnection events
2024-04-13 13:57:35,184 [INFO] WebApp:414 - Apply proxy settings
2024-04-13 13:57:35,184 [INFO] WebApp:499 - Chromium requires no authentication
2024-04-13 13:57:35,191 [INFO] WebApp:442 - Direct internet connection detected
2024-04-13 13:57:35,318 [INFO] WebApp:192 - Starting web application
2024-04-13 13:57:35,318 [INFO] WebApp:544 - Web application path used C:\ST\STM32CubeIDE_1.14.0\STM32CubeIDE\plugins\com.st.stm32cube.common.mx_6.10.0.202311202037\db\plugins\mcufinder\reactClient1\index.html
2024-04-13 13:57:55,935 [ERROR] LogOutputStream:75 - [STDERR_REDIRECT] SLF4J: Failed to load class "org.slf4j.impl.StaticLoggerBinder".
2024-04-13 13:57:55,936 [ERROR] LogOutputStream:75 - [STDERR_REDIRECT] SLF4J: Defaulting to no-operation (NOP) logger implementation
2024-04-13 13:57:55,936 [ERROR] LogOutputStream:75 - [STDERR_REDIRECT] SLF4J: See http://www.slf4j.org/codes.html#StaticLoggerBinder for further details.
