2024-11-06 23:29:08,053 [INFO] Activator:176 - 


2024-11-06 23:29:08,058 [INFO] Activator:177 - !SESSION log4j initialized
2024-11-06 23:29:13,566 [INFO] LogOutputStream:77 - [STDOUT_REDIRECT] 
2024-11-06 23:29:15,658 [INFO] ApplicationProperties:184 - Using Application install path: C:\ST\STM32CubeIDE_1.14.0\STM32CubeIDE\plugins\com.st.stm32cube.common.mx_6.10.0.202311202037
2024-11-06 23:29:15,676 [INFO] DbMcusXml:78 - Set database path to: C:\ST\STM32CubeIDE_1.14.0\STM32CubeIDE\plugins\com.st.stm32cube.common.mx_6.10.0.202311202037\\db\/mcu/
2024-11-06 23:29:15,677 [INFO] ApiDb:274 - Set plugin database path to: C:\ST\STM32CubeIDE_1.14.0\STM32CubeIDE\plugins\com.st.stm32cube.common.mx_6.10.0.202311202037\\db\/plugins/boardmanager/
2024-11-06 23:29:15,677 [WARN] ApiDb:259 - Overriding images path with different value:  => C:\ST\STM32CubeIDE_1.14.0\STM32CubeIDE\plugins\com.st.stm32cube.common.mx_6.10.0.202311202037\\db\/plugins/mcufinder/images/
2024-11-06 23:29:15,685 [INFO] ApiDb:250 - Set database path to: C:\Users\Ahmet\.stmcufinder\plugins\mcufinder//mcu/
2024-11-06 23:29:15,686 [INFO] DbMcusAds:125 - Set database path to: C:\Users\Ahmet\.stmcufinder\plugins\mcufinder//mcu/
2024-11-06 23:29:15,690 [INFO] CrossReferenceDbSqlite:203 - Set database path to: C:\Users\Ahmet\.stmcufinder\plugins\mcufinder//mcu/cs/
2024-11-06 23:29:15,807 [INFO] RulesReader:64 - Compatibility file has been processed (297 Rules)
2024-11-06 23:29:15,892 [INFO] DbMcusXml:78 - Set database path to: C:\ST\STM32CubeIDE_1.14.0\STM32CubeIDE\plugins\com.st.stm32cube.common.mx_6.10.0.202311202037\\db\/mcu/
2024-11-06 23:29:15,893 [INFO] ApiDb:274 - Set plugin database path to: C:\ST\STM32CubeIDE_1.14.0\STM32CubeIDE\plugins\com.st.stm32cube.common.mx_6.10.0.202311202037\\db\/plugins/boardmanager/
2024-11-06 23:29:15,893 [INFO] ApiDb:261 - Set plugin images path to: C:\ST\STM32CubeIDE_1.14.0\STM32CubeIDE\plugins\com.st.stm32cube.common.mx_6.10.0.202311202037\\db\/plugins/mcufinder/images/
2024-11-06 23:29:15,893 [WARN] DbFile:41 - Overriding database path with different value: C:\Users\Ahmet\.stmcufinder\plugins\mcufinder/ => C:\Users\Ahmet\.stmcufinder\plugins\mcufinder
2024-11-06 23:29:15,893 [INFO] ApiDb:250 - Set database path to: C:\Users\Ahmet\.stmcufinder\plugins\mcufinder//mcu/
2024-11-06 23:29:15,893 [WARN] DbFile:41 - Overriding database path with different value: C:\Users\Ahmet\.stmcufinder\plugins\mcufinder/ => C:\Users\Ahmet\.stmcufinder\plugins\mcufinder
2024-11-06 23:29:15,893 [INFO] DbMcusAds:125 - Set database path to: C:\Users\Ahmet\.stmcufinder\plugins\mcufinder//mcu/
2024-11-06 23:29:15,893 [WARN] DbFile:41 - Overriding database path with different value: C:\Users\Ahmet\.stmcufinder\plugins\mcufinder/ => C:\Users\Ahmet\.stmcufinder\plugins\mcufinder
2024-11-06 23:29:15,893 [WARN] DbFile:41 - Overriding database path with different value: C:\Users\Ahmet\.stmcufinder\plugins\mcufinder/ => C:\Users\Ahmet\.stmcufinder\plugins\mcufinder
2024-11-06 23:29:15,901 [INFO] CrossReferenceDbSqlite:203 - Set database path to: C:\Users\Ahmet\.stmcufinder\plugins\mcufinder//mcu/cs/
2024-11-06 23:29:15,975 [INFO] MainPanel:264 - HeapMemory: 268435456
2024-11-06 23:29:16,065 [INFO] DbMcusXml:78 - Set database path to: C:\ST\STM32CubeIDE_1.14.0\STM32CubeIDE\plugins\com.st.stm32cube.common.mx_6.10.0.202311202037\\db\/mcu/
2024-11-06 23:29:16,065 [INFO] ApiDb:274 - Set plugin database path to: C:\ST\STM32CubeIDE_1.14.0\STM32CubeIDE\plugins\com.st.stm32cube.common.mx_6.10.0.202311202037\\db\/plugins/boardmanager/
2024-11-06 23:29:16,065 [INFO] ApiDb:261 - Set plugin images path to: C:\ST\STM32CubeIDE_1.14.0\STM32CubeIDE\plugins\com.st.stm32cube.common.mx_6.10.0.202311202037\\db\/plugins/mcufinder/images/
2024-11-06 23:29:16,066 [WARN] DbFile:41 - Overriding database path with different value: C:\Users\Ahmet\.stmcufinder\plugins\mcufinder/ => C:\Users\Ahmet\.stmcufinder\plugins\mcufinder
2024-11-06 23:29:16,066 [INFO] ApiDb:250 - Set database path to: C:\Users\Ahmet\.stmcufinder\plugins\mcufinder//mcu/
2024-11-06 23:29:16,066 [WARN] DbFile:41 - Overriding database path with different value: C:\Users\Ahmet\.stmcufinder\plugins\mcufinder/ => C:\Users\Ahmet\.stmcufinder\plugins\mcufinder
2024-11-06 23:29:16,066 [INFO] DbMcusAds:125 - Set database path to: C:\Users\Ahmet\.stmcufinder\plugins\mcufinder//mcu/
2024-11-06 23:29:16,066 [WARN] DbFile:41 - Overriding database path with different value: C:\Users\Ahmet\.stmcufinder\plugins\mcufinder/ => C:\Users\Ahmet\.stmcufinder\plugins\mcufinder
2024-11-06 23:29:16,066 [WARN] DbFile:41 - Overriding database path with different value: C:\Users\Ahmet\.stmcufinder\plugins\mcufinder/ => C:\Users\Ahmet\.stmcufinder\plugins\mcufinder
2024-11-06 23:29:16,070 [INFO] CrossReferenceDbSqlite:203 - Set database path to: C:\Users\Ahmet\.stmcufinder\plugins\mcufinder//mcu/cs/
2024-11-06 23:29:16,087 [INFO] ApplicationProperties:184 - Using Application install path: C:\ST\STM32CubeIDE_1.14.0\STM32CubeIDE\plugins\com.st.stm32cube.common.mx_6.10.0.202311202037
2024-11-06 23:29:16,088 [INFO] PluginManage:196 - Search for loadable plugins [exclusion list=, ]
2024-11-06 23:29:16,089 [INFO] PluginManage:310 - Check plugin analytics
2024-11-06 23:29:16,290 [INFO] AnalyticsPlugin:253 - Accepted Software Licenses: 
2024-11-06 23:29:16,290 [INFO] AnalyticsPlugin:255 - Accepted CMSIS Pack Licenses: 
2024-11-06 23:29:16,290 [INFO] AnalyticsPlugin:257 - Accepted Firmware Licenses: FW.L4.1.18.0,FW.F4.1.27.0
2024-11-06 23:29:16,293 [INFO] PluginManage:359 - Loaded plugin analytics (category:tool,tabindex:-1)
2024-11-06 23:29:16,294 [INFO] PluginManage:310 - Check plugin cadmodel
2024-11-06 23:29:16,310 [INFO] CADModel:105 - Init CAD model plugin
2024-11-06 23:29:16,311 [INFO] PluginManage:359 - Loaded plugin cadmodel (category:power,tabindex:5)
2024-11-06 23:29:16,311 [INFO] PluginManage:310 - Check plugin clock
2024-11-06 23:29:16,338 [INFO] PluginManage:359 - Loaded plugin clock (category:base,tabindex:2)
2024-11-06 23:29:16,338 [INFO] PluginManage:310 - Check plugin ddr
2024-11-06 23:29:16,341 [INFO] PluginManage:359 - Loaded plugin ddr (category:tool,tabindex:6)
2024-11-06 23:29:16,341 [INFO] PluginManage:310 - Check plugin filemanager
2024-11-06 23:29:16,481 [INFO] PluginManage:359 - Loaded plugin filemanager (category:base,tabindex:10)
2024-11-06 23:29:16,481 [INFO] PluginManage:310 - Check plugin ipmanager
2024-11-06 23:29:16,490 [INFO] PluginManage:359 - Loaded plugin ipmanager (category:base,tabindex:5)
2024-11-06 23:29:16,490 [INFO] PluginManage:310 - Check plugin lpbam
2024-11-06 23:29:16,510 [INFO] PluginManage:359 - Loaded plugin lpbam (category:base,tabindex:0)
2024-11-06 23:29:16,510 [INFO] PluginManage:310 - Check plugin memorymap
2024-11-06 23:29:16,545 [INFO] PluginManage:359 - Loaded plugin memorymap (category:base,tabindex:4)
2024-11-06 23:29:16,545 [INFO] PluginManage:310 - Check plugin pinoutandconfiguration
2024-11-06 23:29:16,566 [INFO] PluginManage:359 - Loaded plugin pinoutandconfiguration (category:base,tabindex:1)
2024-11-06 23:29:16,566 [INFO] PluginManage:310 - Check plugin pinoutconfig
2024-11-06 23:29:16,651 [WARN] SupportedApi:132 - Cannot load RTOS API schema: s4s-elt-must-match.1: The content of 'definitions' must match (annotation?, (simpleType | complexType)?, (unique | key | keyref)*)). A problem was found starting at: attribute.
2024-11-06 23:29:16,770 [INFO] PluginManage:359 - Loaded plugin pinoutconfig (category:base,tabindex:0)
2024-11-06 23:29:16,770 [INFO] PluginManage:310 - Check plugin power
2024-11-06 23:29:16,788 [INFO] PluginManage:359 - Loaded plugin power (category:power,tabindex:4)
2024-11-06 23:29:16,789 [INFO] PluginManage:310 - Check plugin projectmanager
2024-11-06 23:29:16,801 [INFO] PluginManage:359 - Loaded plugin projectmanager (category:projectmanager,tabindex:3)
2024-11-06 23:29:16,801 [INFO] PluginManage:310 - Check plugin thirdparty
2024-11-06 23:29:17,174 [INFO] PluginManage:359 - Loaded plugin thirdparty (category:base,tabindex:-1)
2024-11-06 23:29:17,174 [INFO] PluginManage:310 - Check plugin tools
2024-11-06 23:29:17,174 [WARN] IntegrityCheckThread:84 - waiting for thirdparty lock release [integrity check]
2024-11-06 23:29:17,175 [INFO] IntegrityCheckThread:86 - entering critical section [integrity check]
2024-11-06 23:29:17,175 [INFO] ThirdPartyUpdaterWithRetryManager:70 - Updater plugin not ready yet. [1/15]
2024-11-06 23:29:17,236 [INFO] PluginManage:359 - Loaded plugin tools (category:base,tabindex:7)
2024-11-06 23:29:17,236 [INFO] PluginManage:310 - Check plugin tutovideos
2024-11-06 23:29:17,495 [INFO] PluginManage:359 - Loaded plugin tutovideos (category:base,tabindex:-1)
2024-11-06 23:29:17,496 [INFO] PluginManage:310 - Check plugin updater
2024-11-06 23:29:17,511 [INFO] PluginManage:359 - Loaded plugin updater (category:base,tabindex:12)
2024-11-06 23:29:17,512 [INFO] PluginManage:310 - Check plugin userauth
2024-11-06 23:29:17,519 [INFO] UserAuth:114 - Init User Auth plugin
2024-11-06 23:29:17,519 [INFO] PluginManage:359 - Loaded plugin userauth (category:base,tabindex:14)
2024-11-06 23:29:17,520 [INFO] PluginManage:283 - PluginManage : Loaded plugins [17]
2024-11-06 23:29:17,792 [INFO] PinOutPanel:1499 - setPackage(No Configuration,No Configuration)
2024-11-06 23:29:17,889 [INFO] CADModel:165 - CPN selected for project level
2024-11-06 23:29:17,889 [INFO] CADModel:114 - Register for checkConnection events
2024-11-06 23:29:17,923 [INFO] IPUIPlugin:80 - create IPUIPlugin
2024-11-06 23:29:17,923 [INFO] PluginManager:220 - loadIPPluginJar : add adc
2024-11-06 23:29:17,995 [INFO] IPUIPlugin:80 - create IPUIPlugin
2024-11-06 23:29:17,996 [INFO] PluginManager:220 - loadIPPluginJar : add aes
2024-11-06 23:29:18,052 [INFO] IPUIPlugin:80 - create IPUIPlugin
2024-11-06 23:29:18,052 [INFO] PluginManager:220 - loadIPPluginJar : add can
2024-11-06 23:29:18,075 [INFO] IPUIPlugin:80 - create IPUIPlugin
2024-11-06 23:29:18,075 [INFO] PluginManager:220 - loadIPPluginJar : add comp
2024-11-06 23:29:18,118 [INFO] IPUIPlugin:80 - create IPUIPlugin
2024-11-06 23:29:18,119 [INFO] PluginManager:220 - loadIPPluginJar : add cryp
2024-11-06 23:29:18,182 [INFO] IPUIPlugin:80 - create IPUIPlugin
2024-11-06 23:29:18,182 [INFO] PluginManager:220 - loadIPPluginJar : add dfsdm
2024-11-06 23:29:18,207 [INFO] IPUIPlugin:80 - create IPUIPlugin
2024-11-06 23:29:18,208 [INFO] PluginManager:220 - loadIPPluginJar : add dma
2024-11-06 23:29:18,284 [INFO] IPUIPlugin:80 - create IPUIPlugin
2024-11-06 23:29:18,285 [INFO] PluginManager:220 - loadIPPluginJar : add dma3
2024-11-06 23:29:18,318 [INFO] IPUIPlugin:80 - create IPUIPlugin
2024-11-06 23:29:18,318 [INFO] PluginManager:220 - loadIPPluginJar : add fatfs
2024-11-06 23:29:18,391 [INFO] IPUIPlugin:80 - create IPUIPlugin
2024-11-06 23:29:18,391 [INFO] PluginManager:220 - loadIPPluginJar : add fmc
2024-11-06 23:29:18,410 [INFO] IPUIPlugin:80 - create IPUIPlugin
2024-11-06 23:29:18,410 [INFO] PluginManager:220 - loadIPPluginJar : add freertos
2024-11-06 23:29:18,434 [INFO] IPUIPlugin:80 - create IPUIPlugin
2024-11-06 23:29:18,434 [INFO] PluginManager:220 - loadIPPluginJar : add genericplugin
2024-11-06 23:29:18,582 [INFO] IPUIPlugin:80 - create IPUIPlugin
2024-11-06 23:29:18,582 [INFO] PluginManager:220 - loadIPPluginJar : add gfxmmu
2024-11-06 23:29:18,839 [INFO] IPUIPlugin:80 - create IPUIPlugin
2024-11-06 23:29:18,840 [INFO] PluginManager:220 - loadIPPluginJar : add gic
2024-11-06 23:29:18,855 [INFO] IPUIPlugin:80 - create IPUIPlugin
2024-11-06 23:29:18,855 [INFO] PluginManager:220 - loadIPPluginJar : add gpio
2024-11-06 23:29:19,020 [INFO] IPUIPlugin:80 - create IPUIPlugin
2024-11-06 23:29:19,020 [INFO] PluginManager:220 - loadIPPluginJar : add gtzc
2024-11-06 23:29:19,068 [INFO] IPUIPlugin:80 - create IPUIPlugin
2024-11-06 23:29:19,068 [INFO] PluginManager:220 - loadIPPluginJar : add hash
2024-11-06 23:29:19,154 [INFO] IPUIPlugin:80 - create IPUIPlugin
2024-11-06 23:29:19,155 [INFO] PluginManager:220 - loadIPPluginJar : add i2c
2024-11-06 23:29:19,224 [INFO] IPUIPlugin:80 - create IPUIPlugin
2024-11-06 23:29:19,224 [INFO] PluginManager:220 - loadIPPluginJar : add i2s
2024-11-06 23:29:19,342 [INFO] IPUIPlugin:80 - create IPUIPlugin
2024-11-06 23:29:19,342 [INFO] PluginManager:220 - loadIPPluginJar : add i3c
2024-11-06 23:29:19,587 [INFO] IPUIPlugin:80 - create IPUIPlugin
2024-11-06 23:29:19,587 [INFO] PluginManager:220 - loadIPPluginJar : add ipddr
2024-11-06 23:29:19,827 [INFO] IPUIPlugin:80 - create IPUIPlugin
2024-11-06 23:29:19,827 [INFO] PluginManager:220 - loadIPPluginJar : add linkedlist
2024-11-06 23:29:19,918 [INFO] IPUIPlugin:80 - create IPUIPlugin
2024-11-06 23:29:19,919 [INFO] PluginManager:220 - loadIPPluginJar : add lorawan
2024-11-06 23:29:20,020 [INFO] IPUIPlugin:80 - create IPUIPlugin
2024-11-06 23:29:20,021 [INFO] PluginManager:220 - loadIPPluginJar : add ltdc
2024-11-06 23:29:20,045 [INFO] IPUIPlugin:80 - create IPUIPlugin
2024-11-06 23:29:20,045 [INFO] PluginManager:220 - loadIPPluginJar : add mdma
2024-11-06 23:29:20,060 [INFO] IPUIPlugin:80 - create IPUIPlugin
2024-11-06 23:29:20,060 [INFO] PluginManager:220 - loadIPPluginJar : add nvic
2024-11-06 23:29:20,150 [INFO] IPUIPlugin:80 - create IPUIPlugin
2024-11-06 23:29:20,150 [INFO] PluginManager:220 - loadIPPluginJar : add opamp
2024-11-06 23:29:20,177 [INFO] ThirdPartyUpdaterWithRetryManager:70 - Updater plugin not ready yet. [2/15]
2024-11-06 23:29:20,314 [INFO] IPUIPlugin:80 - create IPUIPlugin
2024-11-06 23:29:20,314 [INFO] PluginManager:220 - loadIPPluginJar : add openamp
2024-11-06 23:29:20,426 [INFO] IPUIPlugin:80 - create IPUIPlugin
2024-11-06 23:29:20,426 [INFO] PluginManager:220 - loadIPPluginJar : add pdm2pcm
2024-11-06 23:29:20,444 [INFO] IPUIPlugin:80 - create IPUIPlugin
2024-11-06 23:29:20,446 [INFO] PluginManager:220 - loadIPPluginJar : add plateformsettings
2024-11-06 23:29:20,496 [INFO] IPUIPlugin:80 - create IPUIPlugin
2024-11-06 23:29:20,497 [INFO] PluginManager:220 - loadIPPluginJar : add quadspi
2024-11-06 23:29:20,512 [INFO] IPUIPlugin:80 - create IPUIPlugin
2024-11-06 23:29:20,512 [INFO] PluginManager:220 - loadIPPluginJar : add resmgrutility
2024-11-06 23:29:20,644 [INFO] IPUIPlugin:80 - create IPUIPlugin
2024-11-06 23:29:20,644 [INFO] PluginManager:220 - loadIPPluginJar : add sai
2024-11-06 23:29:20,757 [INFO] IPUIPlugin:80 - create IPUIPlugin
2024-11-06 23:29:20,758 [INFO] PluginManager:220 - loadIPPluginJar : add spi
2024-11-06 23:29:20,967 [INFO] IPUIPlugin:80 - create IPUIPlugin
2024-11-06 23:29:20,967 [INFO] PluginManager:220 - loadIPPluginJar : add stm32_wpan
2024-11-06 23:29:21,019 [INFO] IPUIPlugin:80 - create IPUIPlugin
2024-11-06 23:29:21,019 [INFO] PluginManager:220 - loadIPPluginJar : add tim
2024-11-06 23:29:21,176 [INFO] IPUIPlugin:80 - create IPUIPlugin
2024-11-06 23:29:21,176 [INFO] PluginManager:220 - loadIPPluginJar : add touchsensing
2024-11-06 23:29:21,230 [INFO] IPUIPlugin:80 - create IPUIPlugin
2024-11-06 23:29:21,230 [INFO] PluginManager:220 - loadIPPluginJar : add tracer_emb
2024-11-06 23:29:21,291 [INFO] IPUIPlugin:80 - create IPUIPlugin
2024-11-06 23:29:21,291 [INFO] PluginManager:220 - loadIPPluginJar : add ts
2024-11-06 23:29:21,340 [INFO] IPUIPlugin:80 - create IPUIPlugin
2024-11-06 23:29:21,341 [INFO] PluginManager:220 - loadIPPluginJar : add tsc
2024-11-06 23:29:21,388 [INFO] IPUIPlugin:80 - create IPUIPlugin
2024-11-06 23:29:21,388 [INFO] PluginManager:220 - loadIPPluginJar : add ucpd
2024-11-06 23:29:21,522 [INFO] IPUIPlugin:80 - create IPUIPlugin
2024-11-06 23:29:21,522 [INFO] PluginManager:220 - loadIPPluginJar : add usart
2024-11-06 23:29:21,643 [INFO] IPUIPlugin:80 - create IPUIPlugin
2024-11-06 23:29:21,644 [INFO] PluginManager:220 - loadIPPluginJar : add usbx
2024-11-06 23:29:21,776 [INFO] CADModel:165 - CPN selected for project level
2024-11-06 23:29:21,776 [INFO] CADModel:114 - Register for checkConnection events
2024-11-06 23:29:21,776 [FATAL] Updater:308 - Updater called before beeing initialized
2024-11-06 23:29:21,776 [ERROR] CADModel:125 - Updater not yet initialized, retry later 
2024-11-06 23:29:21,919 [INFO] CADModel:165 - CPN selected for project level
2024-11-06 23:29:21,919 [INFO] CADModel:114 - Register for checkConnection events
2024-11-06 23:29:21,919 [FATAL] Updater:308 - Updater called before beeing initialized
2024-11-06 23:29:21,919 [ERROR] CADModel:125 - Updater not yet initialized, retry later 
2024-11-06 23:29:21,923 [FATAL] Updater:308 - Updater called before beeing initialized
2024-11-06 23:29:22,025 [FATAL] Updater:308 - Updater called before beeing initialized
2024-11-06 23:29:22,043 [INFO] DbMcusAds:53 - JSON generation date=Thu May 16 12:22:00 TRT 2024 (1715851320852)
2024-11-06 23:29:22,043 [FATAL] Updater:308 - Updater called before beeing initialized
2024-11-06 23:29:22,124 [WARN] DetailPanel:346 - Failed to get advertising image, set to default
2024-11-06 23:29:22,191 [FATAL] Updater:308 - Updater called before beeing initialized
2024-11-06 23:29:22,193 [FATAL] Updater:308 - Updater called before beeing initialized
2024-11-06 23:29:22,193 [FATAL] Updater:308 - Updater called before beeing initialized
2024-11-06 23:29:22,193 [WARN] DetailPanel:346 - Failed to get advertising image, set to default
2024-11-06 23:29:22,194 [FATAL] Updater:308 - Updater called before beeing initialized
2024-11-06 23:29:22,257 [ERROR] Updater:1120 - MainUpdater not yet initialized. External WinMGr cannot be set.
2024-11-06 23:29:22,279 [INFO] Updater:1056 - Updater Version found : 6.10.0
2024-11-06 23:29:22,300 [INFO] ApplicationProperties:184 - Using Application install path: C:\ST\STM32CubeIDE_1.14.0\STM32CubeIDE\plugins\com.st.stm32cube.common.mx_6.10.0.202311202037
2024-11-06 23:29:23,178 [INFO] ThirdPartyUpdaterWithRetryManager:70 - Updater plugin not ready yet. [3/15]
2024-11-06 23:29:23,892 [ERROR] LogOutputStream:75 - [STDERR_REDIRECT] Nov 06, 2024 11:29:23 PM java.util.prefs.WindowsPreferences <init>
2024-11-06 23:29:23,894 [ERROR] LogOutputStream:75 - [STDERR_REDIRECT] WARNING: Could not open/create prefs root node Software\JavaSoft\Prefs at root 0xffffffff80000002. Windows RegCreateKeyEx(...) returned error code 5.
2024-11-06 23:29:23,894 [ERROR] LogOutputStream:75 - [STDERR_REDIRECT] 
2024-11-06 23:29:24,475 [INFO] MainUpdater:2873 - connection check result : 10
2024-11-06 23:29:24,475 [INFO] MainUpdater:3567 - Updater definition file requires update
2024-11-06 23:29:24,476 [INFO] MainUpdater:290 - Updater Check For Update Now.
2024-11-06 23:29:24,476 [INFO] MicroXplorer:498 - Change Database Version : DB.6.0.100
2024-11-06 23:29:24,490 [INFO] McuFinderGlobals:63 - Set McuFinder mode to 2 (CubeIDE integrated)
2024-11-06 23:29:24,491 [INFO] UserAuth:180 - activating auth plugin
2024-11-06 23:29:24,492 [INFO] UserAuth:404 - Internet connection configuration mode: 1
2024-11-06 23:29:24,514 [INFO] JxBrowserEngine:152 - Initiate JxBrowser Engine with user profile folder
2024-11-06 23:29:24,660 [INFO] ServerAccessManage:473 - Download File updaters.zip
2024-11-06 23:29:24,795 [INFO] FileExtend:240 - Unzip File : updaters.zip
2024-11-06 23:29:24,795 [INFO] FileExtend:255 - Standard Zip Deflate
2024-11-06 23:29:25,071 [INFO] ServerAccessManage:473 - Download File PacksControlFlags.xml
2024-11-06 23:29:25,200 [INFO] ServerAccessManage:473 - Download File cubemx.pidx
2024-11-06 23:29:25,294 [INFO] LoadServerUpdatesThread:375 - End of LoadServerUpdate Thread
2024-11-06 23:29:25,606 [INFO] CheckServerUpdateThread:120 - End of CheckServer Thread
2024-11-06 23:29:26,396 [WARN] PackLoader:240 - Cannot read IP mode file for STMicroelectronics.FP-SNS-MOTENVWB1.1.4.0
2024-11-06 23:29:26,419 [WARN] PackLoader:240 - Cannot read IP mode file for STMicroelectronics.X-CUBE-SMBUS.2.1.0
2024-11-06 23:29:26,440 [WARN] PackLoader:240 - Cannot read IP mode file for STMicroelectronics.X-CUBE-WB05N.1.1.0
2024-11-06 23:29:26,461 [WARN] PackLoader:240 - Cannot read IP mode file for STMicroelectronics.X-CUBE-TOUCHGFX.4.23.1
2024-11-06 23:29:26,470 [WARN] PackLoader:240 - Cannot read IP mode file for STMicroelectronics.X-CUBE-TOUCHGFX.4.23.0
2024-11-06 23:29:26,481 [WARN] PackLoader:240 - Cannot read IP mode file for STMicroelectronics.X-CUBE-TOUCHGFX.4.23.2
2024-11-06 23:29:26,525 [WARN] PackLoader:240 - Cannot read IP mode file for STMicroelectronics.X-CUBE-AZRTOS-F7.1.1.0
2024-11-06 23:29:26,547 [WARN] PackLoader:240 - Cannot read IP mode file for STMicroelectronics.FP-SNS-MOTENV1.4.3.2
2024-11-06 23:29:26,621 [WARN] PackLoader:240 - Cannot read IP mode file for STMicroelectronics.X-CUBE-MEMS1.11.0.0
2024-11-06 23:29:26,800 [WARN] PackLoader:240 - Cannot read IP mode file for STMicroelectronics.FP-SNS-FLIGHT1.5.0.2
2024-11-06 23:29:26,826 [WARN] PackLoader:240 - Cannot read IP mode file for STMicroelectronics.X-CUBE-DISPLAY.3.0.0
2024-11-06 23:29:26,849 [WARN] PackLoader:240 - Cannot read IP mode file for STMicroelectronics.X-CUBE-BLE1.7.0.0
2024-11-06 23:29:26,868 [WARN] PackLoader:240 - Cannot read IP mode file for STMicroelectronics.X-CUBE-NFC10.1.0.0
2024-11-06 23:29:26,898 [WARN] PackLoader:240 - Cannot read IP mode file for STMicroelectronics.X-CUBE-BLEMGR.3.1.0
2024-11-06 23:29:26,919 [WARN] PackLoader:240 - Cannot read IP mode file for STMicroelectronics.FP-SNS-SMARTAG2.1.2.0
2024-11-06 23:29:26,947 [INFO] LogOutputStream:77 - [STDOUT_REDIRECT] 1 : Invalid condition id : UX_CORESTACK_Condition cause : null
2024-11-06 23:29:26,948 [INFO] LogOutputStream:77 - [STDOUT_REDIRECT] 1 : Invalid condition id : UX_CORESTACK_Condition cause : null
2024-11-06 23:29:26,951 [INFO] LogOutputStream:77 - [STDOUT_REDIRECT] 1 : Invalid condition id : UX_CORESTACK_Condition cause : null
2024-11-06 23:29:26,952 [INFO] LogOutputStream:77 - [STDOUT_REDIRECT] 1 : Invalid condition id : UX_CORESTACK_Condition cause : null
2024-11-06 23:29:26,954 [INFO] LogOutputStream:77 - [STDOUT_REDIRECT] 1 : Invalid condition id : UX_CORESTACK_Condition cause : null
2024-11-06 23:29:26,959 [WARN] PackLoader:240 - Cannot read IP mode file for STMicroelectronics.X-CUBE-AZRTOS-WL.2.0.0
2024-11-06 23:29:26,978 [WARN] PackLoader:240 - Cannot read IP mode file for STMicroelectronics.FP-SNS-MOTENV1.5.0.0
2024-11-06 23:29:26,993 [WARN] PackLoader:240 - Cannot read IP mode file for wolfSSL.I-CUBE-wolfMQTT.1.19.0
2024-11-06 23:29:27,017 [WARN] PackLoader:240 - Cannot read IP mode file for WES.I-CUBE-Cesium.1.3.0
2024-11-06 23:29:27,036 [WARN] PackLoader:240 - Cannot read IP mode file for STMicroelectronics.X-CUBE-BLE2.3.3.0
2024-11-06 23:29:27,057 [WARN] PackLoader:240 - Cannot read IP mode file for STMicroelectronics.X-CUBE-NFC9.1.0.0
2024-11-06 23:29:27,074 [WARN] PackLoader:240 - Cannot read IP mode file for STMicroelectronics.X-CUBE-TCPP.4.1.0
2024-11-06 23:29:27,092 [WARN] PackLoader:240 - Cannot read IP mode file for STMicroelectronics.X-CUBE-ALGOBUILD.1.3.0
2024-11-06 23:29:27,129 [WARN] PackLoader:240 - Cannot read IP mode file for STMicroelectronics.X-CUBE-AZRTOS-G0.1.1.0
2024-11-06 23:29:27,156 [WARN] PackLoader:240 - Cannot read IP mode file for STMicroelectronics.X-CUBE-SAFEA1.1.2.2
2024-11-06 23:29:27,175 [WARN] PackLoader:240 - Cannot read IP mode file for STMicroelectronics.X-CUBE-NFC4.3.0.0
2024-11-06 23:29:27,195 [WARN] PackLoader:240 - Cannot read IP mode file for EmbeddedOffice.I-CUBE-FS-RTOS.1.0.1
2024-11-06 23:29:27,196 [ERROR] ConditionMgr:805 - Attr not supported : Dmpu
2024-11-06 23:29:27,196 [ERROR] ConditionMgr:805 - Attr not supported : Dmpu
2024-11-06 23:29:27,196 [ERROR] ConditionMgr:805 - Attr not supported : Dmpu
2024-11-06 23:29:27,196 [ERROR] ConditionMgr:805 - Attr not supported : Dmpu
2024-11-06 23:29:27,196 [ERROR] ConditionMgr:805 - Attr not supported : Dmpu
2024-11-06 23:29:27,196 [ERROR] ConditionMgr:805 - Attr not supported : Dmpu
2024-11-06 23:29:27,196 [ERROR] ConditionMgr:805 - Attr not supported : Dmpu
2024-11-06 23:29:27,196 [ERROR] ConditionMgr:805 - Attr not supported : Dmpu
2024-11-06 23:29:27,196 [ERROR] ConditionMgr:805 - Attr not supported : Dmpu
2024-11-06 23:29:27,196 [ERROR] ConditionMgr:805 - Attr not supported : Dmpu
2024-11-06 23:29:27,196 [ERROR] ConditionMgr:805 - Attr not supported : Dmpu
2024-11-06 23:29:27,196 [ERROR] ConditionMgr:805 - Attr not supported : Dmpu
2024-11-06 23:29:27,196 [ERROR] ConditionMgr:805 - Attr not supported : Dmpu
2024-11-06 23:29:27,196 [ERROR] ConditionMgr:805 - Attr not supported : Dmpu
2024-11-06 23:29:27,197 [ERROR] ConditionMgr:805 - Attr not supported : Dmpu
2024-11-06 23:29:27,197 [ERROR] ConditionMgr:805 - Attr not supported : Dmpu
2024-11-06 23:29:27,197 [ERROR] ConditionMgr:805 - Attr not supported : Dmpu
2024-11-06 23:29:27,197 [ERROR] ConditionMgr:805 - Attr not supported : Dmpu
2024-11-06 23:29:27,197 [ERROR] ConditionMgr:805 - Attr not supported : Dmpu
2024-11-06 23:29:27,197 [ERROR] ConditionMgr:805 - Attr not supported : Dmpu
2024-11-06 23:29:27,197 [ERROR] ConditionMgr:805 - Attr not supported : Dmpu
2024-11-06 23:29:27,197 [ERROR] ConditionMgr:805 - Attr not supported : Dmpu
2024-11-06 23:29:27,197 [ERROR] ConditionMgr:805 - Attr not supported : Dmpu
2024-11-06 23:29:27,197 [ERROR] ConditionMgr:805 - Attr not supported : Dmpu
2024-11-06 23:29:27,197 [ERROR] ConditionMgr:805 - Attr not supported : Dmpu
2024-11-06 23:29:27,197 [ERROR] ConditionMgr:805 - Attr not supported : Dmpu
2024-11-06 23:29:27,197 [ERROR] ConditionMgr:805 - Attr not supported : Dmpu
2024-11-06 23:29:27,197 [ERROR] ConditionMgr:805 - Attr not supported : Dmpu
2024-11-06 23:29:27,197 [ERROR] ConditionMgr:805 - Attr not supported : Dmpu
2024-11-06 23:29:27,197 [ERROR] ConditionMgr:805 - Attr not supported : Dmpu
2024-11-06 23:29:27,197 [ERROR] ConditionMgr:805 - Attr not supported : Dmpu
2024-11-06 23:29:27,198 [ERROR] ConditionMgr:805 - Attr not supported : Dmpu
2024-11-06 23:29:27,198 [ERROR] ConditionMgr:805 - Attr not supported : Dmpu
2024-11-06 23:29:27,198 [ERROR] ConditionMgr:805 - Attr not supported : Dmpu
2024-11-06 23:29:27,198 [ERROR] ConditionMgr:805 - Attr not supported : Dmpu
2024-11-06 23:29:27,198 [ERROR] ConditionMgr:805 - Attr not supported : Dmpu
2024-11-06 23:29:27,198 [ERROR] ConditionMgr:805 - Attr not supported : Dmpu
2024-11-06 23:29:27,198 [ERROR] ConditionMgr:805 - Attr not supported : Dmpu
2024-11-06 23:29:27,198 [ERROR] ConditionMgr:805 - Attr not supported : Dmpu
2024-11-06 23:29:27,198 [ERROR] ConditionMgr:805 - Attr not supported : Dmpu
2024-11-06 23:29:27,198 [ERROR] ConditionMgr:805 - Attr not supported : Dmpu
2024-11-06 23:29:27,198 [ERROR] ConditionMgr:805 - Attr not supported : Dmpu
2024-11-06 23:29:27,198 [ERROR] ConditionMgr:805 - Attr not supported : Dmpu
2024-11-06 23:29:27,198 [ERROR] ConditionMgr:805 - Attr not supported : Dmpu
2024-11-06 23:29:27,198 [ERROR] ConditionMgr:805 - Attr not supported : Dmpu
2024-11-06 23:29:27,198 [ERROR] ConditionMgr:805 - Attr not supported : Dmpu
2024-11-06 23:29:27,198 [ERROR] ConditionMgr:805 - Attr not supported : Dmpu
2024-11-06 23:29:27,198 [ERROR] ConditionMgr:805 - Attr not supported : Dmpu
2024-11-06 23:29:27,198 [ERROR] ConditionMgr:805 - Attr not supported : Dmpu
2024-11-06 23:29:27,198 [ERROR] ConditionMgr:805 - Attr not supported : Dmpu
2024-11-06 23:29:27,198 [ERROR] ConditionMgr:805 - Attr not supported : Dmpu
2024-11-06 23:29:27,198 [ERROR] ConditionMgr:805 - Attr not supported : Dmpu
2024-11-06 23:29:27,198 [ERROR] ConditionMgr:805 - Attr not supported : Dmpu
2024-11-06 23:29:27,198 [ERROR] ConditionMgr:805 - Attr not supported : Dmpu
2024-11-06 23:29:27,198 [ERROR] ConditionMgr:805 - Attr not supported : Dmpu
2024-11-06 23:29:27,198 [ERROR] ConditionMgr:805 - Attr not supported : Dmpu
2024-11-06 23:29:27,199 [ERROR] ConditionMgr:805 - Attr not supported : Dmpu
2024-11-06 23:29:27,199 [ERROR] ConditionMgr:805 - Attr not supported : Dmpu
2024-11-06 23:29:27,199 [ERROR] ConditionMgr:805 - Attr not supported : Dmpu
2024-11-06 23:29:27,199 [ERROR] ConditionMgr:805 - Attr not supported : Dmpu
2024-11-06 23:29:27,199 [ERROR] ConditionMgr:805 - Attr not supported : Dmpu
2024-11-06 23:29:27,199 [ERROR] ConditionMgr:805 - Attr not supported : Dmpu
2024-11-06 23:29:27,199 [ERROR] ConditionMgr:805 - Attr not supported : Dmpu
2024-11-06 23:29:27,199 [ERROR] ConditionMgr:805 - Attr not supported : Dmpu
2024-11-06 23:29:27,217 [WARN] PackLoader:240 - Cannot read IP mode file for STMicroelectronics.X-CUBE-BLEMGR.3.0.0
2024-11-06 23:29:27,233 [WARN] PackLoader:240 - Cannot read IP mode file for RealThread.X-CUBE-RT-Thread_Nano.4.1.1
2024-11-06 23:29:27,249 [WARN] PackLoader:240 - Cannot read IP mode file for STMicroelectronics.FP-ATR-SIGFOX1.3.2.0
2024-11-06 23:29:27,273 [WARN] PackLoader:240 - Cannot read IP mode file for STMicroelectronics.X-CUBE-EEPRMA1.5.1.0
2024-11-06 23:29:27,309 [WARN] PackLoader:240 - Cannot read IP mode file for SEGGER.I-CUBE-embOS.1.3.1
2024-11-06 23:29:27,347 [WARN] PackLoader:240 - Cannot read IP mode file for STMicroelectronics.X-CUBE-ALGOBUILD.1.4.0
2024-11-06 23:29:27,362 [WARN] PackLoader:240 - Cannot read IP mode file for STMicroelectronics.X-CUBE-AI.9.1.0
2024-11-06 23:29:27,378 [WARN] PackLoader:240 - Cannot read IP mode file for STMicroelectronics.X-CUBE-GNSS1.6.0.0
2024-11-06 23:29:27,408 [WARN] PackLoader:240 - Cannot read IP mode file for STMicroelectronics.X-CUBE-AZRTOS-F4.1.1.0
2024-11-06 23:29:27,428 [WARN] PackLoader:240 - Cannot read IP mode file for STMicroelectronics.X-CUBE-ISPU.2.1.0
2024-11-06 23:29:27,448 [WARN] PackLoader:240 - Cannot read IP mode file for STMicroelectronics.X-CUBE-FREERTOS.1.2.0
2024-11-06 23:29:27,487 [WARN] PackLoader:240 - Cannot read IP mode file for STMicroelectronics.X-CUBE-AZRTOS-L5.2.0.0
2024-11-06 23:29:27,503 [WARN] PackLoader:240 - Cannot read IP mode file for STMicroelectronics.X-CUBE-EEPRMA1.4.2.0
2024-11-06 23:29:27,522 [WARN] PackLoader:240 - Cannot read IP mode file for STMicroelectronics.X-CUBE-NFC6.3.1.0
2024-11-06 23:29:27,544 [WARN] PackLoader:240 - Cannot read IP mode file for ITTIA_DB.I-CUBE-ITTIADB.8.8.0
2024-11-06 23:29:27,559 [WARN] PackLoader:240 - Cannot read IP mode file for STMicroelectronics.X-CUBE-DPower.1.2.0
2024-11-06 23:29:27,572 [WARN] PackLoader:240 - Cannot read IP mode file for STMicroelectronics.X-CUBE-AI.9.0.0
2024-11-06 23:29:27,588 [WARN] PackLoader:240 - Cannot read IP mode file for STMicroelectronics.X-CUBE-NFC7.1.0.1
2024-11-06 23:29:27,608 [WARN] PackLoader:240 - Cannot read IP mode file for STMicroelectronics.X-CUBE-NFC6.3.0.0
2024-11-06 23:29:27,624 [WARN] PackLoader:240 - Cannot read IP mode file for STMicroelectronics.X-CUBE-AI.8.1.0
2024-11-06 23:29:27,655 [WARN] ConditionMgr:438 - getConditionDescription Invalid condition id : LAN8742 Phy interface Condition cause : null
2024-11-06 23:29:27,655 [WARN] PackLoader:240 - Cannot read IP mode file for STMicroelectronics.X-CUBE-AZRTOS-L4.2.0.0
2024-11-06 23:29:27,656 [WARN] ConditionMgr:1039 - genDependencies : Invalid condition id : LAN8742 Phy interface Condition cause : null
2024-11-06 23:29:27,656 [WARN] ConditionMgr:1039 - genDependencies : Invalid condition id : LAN8742 Phy interface Condition cause : null
2024-11-06 23:29:27,657 [WARN] ConditionMgr:1039 - genDependencies : Invalid condition id : LAN8742 Phy interface Condition cause : null
2024-11-06 23:29:27,673 [WARN] PackLoader:240 - Cannot read IP mode file for STMicroelectronics.X-CUBE-SFXS2LP1.4.0.0
2024-11-06 23:29:27,702 [WARN] PackLoader:240 - Cannot read IP mode file for STMicroelectronics.X-CUBE-AZRTOS-H7.3.3.0
2024-11-06 23:29:27,726 [WARN] PackLoader:240 - Cannot read IP mode file for STMicroelectronics.X-CUBE-IPS.3.0.0
2024-11-06 23:29:27,755 [WARN] ConditionMgr:438 - getConditionDescription Invalid condition id : UX DEVICE CLASS RTOS Condition cause : null
2024-11-06 23:29:27,755 [WARN] ConditionMgr:438 - getConditionDescription Invalid condition id : UX DEVICE CLASS RTOS Condition cause : null
2024-11-06 23:29:27,760 [WARN] PackLoader:240 - Cannot read IP mode file for STMicroelectronics.X-CUBE-AZRTOS-WB.2.0.0
2024-11-06 23:29:27,761 [WARN] ConditionMgr:1039 - genDependencies : Invalid condition id : UX DEVICE CLASS RTOS Condition cause : null
2024-11-06 23:29:27,761 [WARN] ConditionMgr:1039 - genDependencies : Invalid condition id : UX DEVICE CLASS RTOS Condition cause : null
2024-11-06 23:29:27,761 [WARN] ConditionMgr:1039 - genDependencies : Invalid condition id : UX DEVICE CLASS RTOS Condition cause : null
2024-11-06 23:29:27,762 [WARN] ConditionMgr:1039 - genDependencies : Invalid condition id : UX DEVICE CLASS RTOS Condition cause : null
2024-11-06 23:29:27,762 [WARN] ConditionMgr:1039 - genDependencies : Invalid condition id : UX DEVICE CLASS RTOS Condition cause : null
2024-11-06 23:29:27,780 [WARN] PackLoader:240 - Cannot read IP mode file for STMicroelectronics.X-CUBE-GNSS1.7.0.0
2024-11-06 23:29:27,800 [WARN] PackLoader:240 - Cannot read IP mode file for STMicroelectronics.FP-SNS-STBOX1.2.0.0
2024-11-06 23:29:27,829 [WARN] PackLoader:240 - Cannot read IP mode file for STMicroelectronics.X-CUBE-SUBG2.5.0.0
2024-11-06 23:29:27,867 [WARN] PackLoader:240 - Cannot read IP mode file for STMicroelectronics.X-CUBE-AZRTOS-G4.2.0.0
2024-11-06 23:29:27,909 [WARN] PackLoader:240 - Cannot read IP mode file for Infineon.AIROC-Wi-Fi-Bluetooth-STM32.1.5.1
2024-11-06 23:29:27,928 [WARN] PackLoader:240 - Cannot read IP mode file for STMicroelectronics.FP-SNS-MOTENVWB1.1.3.1
2024-11-06 23:29:27,945 [WARN] PackLoader:240 - Cannot read IP mode file for STMicroelectronics.X-CUBE-ISPU.2.0.0
2024-11-06 23:29:27,960 [WARN] PackLoader:240 - Cannot read IP mode file for STMicroelectronics.X-CUBE-ALS.1.0.2
2024-11-06 23:29:28,002 [WARN] PackLoader:240 - Cannot read IP mode file for STMicroelectronics.X-CUBE-MEMS1.10.0.0
2024-11-06 23:29:28,084 [WARN] PackLoader:240 - Cannot read IP mode file for STMicroelectronics.X-CUBE-FREERTOS.1.1.0
2024-11-06 23:29:28,104 [WARN] PackLoader:240 - Cannot read IP mode file for STMicroelectronics.X-CUBE-TOUCHGFX.4.24.1
2024-11-06 23:29:28,124 [WARN] PackLoader:240 - Cannot read IP mode file for wolfSSL.I-CUBE-wolfTPM.3.4.0
2024-11-06 23:29:28,145 [WARN] PackLoader:240 - Cannot read IP mode file for portGmbH.I-Cube-SoM-uGOAL.1.1.0
2024-11-06 23:29:28,159 [WARN] PackLoader:240 - Cannot read IP mode file for STMicroelectronics.X-CUBE-ALS.1.0.1
2024-11-06 23:29:28,185 [WARN] PackLoader:240 - Cannot read IP mode file for STMicroelectronics.X-CUBE-AZRTOS-H7RS.1.0.0
2024-11-06 23:29:28,195 [WARN] PackLoader:240 - Cannot read IP mode file for STMicroelectronics.FP-ATR-ASTRA1.2.0.0
2024-11-06 23:29:28,213 [WARN] PackLoader:240 - Cannot read IP mode file for STMicroelectronics.X-CUBE-TOF1.3.4.2
2024-11-06 23:29:28,234 [WARN] PackLoader:240 - Cannot read IP mode file for STMicroelectronics.X-CUBE-TOF1.3.4.0
2024-11-06 23:29:28,254 [WARN] PackLoader:240 - Cannot read IP mode file for STMicroelectronics.X-CUBE-TOF1.3.4.1
2024-11-06 23:29:28,283 [WARN] PackLoader:240 - Cannot read IP mode file for STMicroelectronics.X-CUBE-AZRTOS-H7.3.2.0
2024-11-06 23:29:28,303 [WARN] PackLoader:240 - Cannot read IP mode file for wolfSSL.I-CUBE-wolfSSH.1.4.17
2024-11-06 23:29:28,304 [INFO] ThirdParty:978 - Integrity check success = true
2024-11-06 23:29:28,304 [INFO] IntegrityCheckThread:100 - exiting critical section [integrity check]
2024-11-06 23:29:28,304 [INFO] IntegrityCheckThread:103 - End integrity checks thread
2024-11-06 23:29:35,027 [INFO] WebApp:161 - Instantiating new browser for Auth
2024-11-06 23:29:35,527 [INFO] WebApp:780 - Register for checkConnection events
2024-11-06 23:29:35,527 [INFO] WebApp:414 - Apply proxy settings
2024-11-06 23:29:35,527 [INFO] WebApp:499 - Chromium requires no authentication
2024-11-06 23:29:35,533 [INFO] WebApp:442 - Direct internet connection detected
2024-11-06 23:29:35,670 [INFO] WebApp:192 - Starting web application
2024-11-06 23:29:35,670 [INFO] WebApp:544 - Web application path used C:\ST\STM32CubeIDE_1.14.0\STM32CubeIDE\plugins\com.st.stm32cube.common.mx_6.10.0.202311202037\db\plugins\mcufinder\reactClient1\index.html
2024-11-06 23:29:56,541 [ERROR] LogOutputStream:75 - [STDERR_REDIRECT] SLF4J: Failed to load class "org.slf4j.impl.StaticLoggerBinder".
2024-11-06 23:29:56,542 [ERROR] LogOutputStream:75 - [STDERR_REDIRECT] SLF4J: Defaulting to no-operation (NOP) logger implementation
2024-11-06 23:29:56,543 [ERROR] LogOutputStream:75 - [STDERR_REDIRECT] SLF4J: See http://www.slf4j.org/codes.html#StaticLoggerBinder for further details.
2024-11-06 23:30:13,111 [ERROR] LogOutputStream:75 - [STDERR_REDIRECT] 
