2024-10-29 09:15:41,457 [INFO] Activator:176 - 


2024-10-29 09:15:41,463 [INFO] Activator:177 - !SESSION log4j initialized
2024-10-29 09:15:50,641 [INFO] LogOutputStream:77 - [STDOUT_REDIRECT] 
2024-10-29 09:15:52,321 [INFO] ApplicationProperties:184 - Using Application install path: C:\ST\STM32CubeIDE_1.14.0\STM32CubeIDE\plugins\com.st.stm32cube.common.mx_6.10.0.202311202037
2024-10-29 09:15:52,337 [INFO] DbMcusXml:78 - Set database path to: C:\ST\STM32CubeIDE_1.14.0\STM32CubeIDE\plugins\com.st.stm32cube.common.mx_6.10.0.202311202037\\db\/mcu/
2024-10-29 09:15:52,337 [INFO] ApiDb:274 - Set plugin database path to: C:\ST\STM32CubeIDE_1.14.0\STM32CubeIDE\plugins\com.st.stm32cube.common.mx_6.10.0.202311202037\\db\/plugins/boardmanager/
2024-10-29 09:15:52,337 [WARN] ApiDb:259 - Overriding images path with different value:  => C:\ST\STM32CubeIDE_1.14.0\STM32CubeIDE\plugins\com.st.stm32cube.common.mx_6.10.0.202311202037\\db\/plugins/mcufinder/images/
2024-10-29 09:15:52,344 [INFO] ApiDb:250 - Set database path to: C:\Users\Ahmet\.stmcufinder\plugins\mcufinder//mcu/
2024-10-29 09:15:52,344 [INFO] DbMcusAds:125 - Set database path to: C:\Users\Ahmet\.stmcufinder\plugins\mcufinder//mcu/
2024-10-29 09:15:52,345 [INFO] CrossReferenceDbSqlite:203 - Set database path to: C:\Users\Ahmet\.stmcufinder\plugins\mcufinder//mcu/cs/
2024-10-29 09:15:52,452 [INFO] RulesReader:64 - Compatibility file has been processed (297 Rules)
2024-10-29 09:15:52,527 [INFO] DbMcusXml:78 - Set database path to: C:\ST\STM32CubeIDE_1.14.0\STM32CubeIDE\plugins\com.st.stm32cube.common.mx_6.10.0.202311202037\\db\/mcu/
2024-10-29 09:15:52,527 [INFO] ApiDb:274 - Set plugin database path to: C:\ST\STM32CubeIDE_1.14.0\STM32CubeIDE\plugins\com.st.stm32cube.common.mx_6.10.0.202311202037\\db\/plugins/boardmanager/
2024-10-29 09:15:52,527 [INFO] ApiDb:261 - Set plugin images path to: C:\ST\STM32CubeIDE_1.14.0\STM32CubeIDE\plugins\com.st.stm32cube.common.mx_6.10.0.202311202037\\db\/plugins/mcufinder/images/
2024-10-29 09:15:52,527 [WARN] DbFile:41 - Overriding database path with different value: C:\Users\Ahmet\.stmcufinder\plugins\mcufinder/ => C:\Users\Ahmet\.stmcufinder\plugins\mcufinder
2024-10-29 09:15:52,527 [INFO] ApiDb:250 - Set database path to: C:\Users\Ahmet\.stmcufinder\plugins\mcufinder//mcu/
2024-10-29 09:15:52,527 [WARN] DbFile:41 - Overriding database path with different value: C:\Users\Ahmet\.stmcufinder\plugins\mcufinder/ => C:\Users\Ahmet\.stmcufinder\plugins\mcufinder
2024-10-29 09:15:52,528 [INFO] DbMcusAds:125 - Set database path to: C:\Users\Ahmet\.stmcufinder\plugins\mcufinder//mcu/
2024-10-29 09:15:52,528 [WARN] DbFile:41 - Overriding database path with different value: C:\Users\Ahmet\.stmcufinder\plugins\mcufinder/ => C:\Users\Ahmet\.stmcufinder\plugins\mcufinder
2024-10-29 09:15:52,528 [WARN] DbFile:41 - Overriding database path with different value: C:\Users\Ahmet\.stmcufinder\plugins\mcufinder/ => C:\Users\Ahmet\.stmcufinder\plugins\mcufinder
2024-10-29 09:15:52,528 [INFO] CrossReferenceDbSqlite:203 - Set database path to: C:\Users\Ahmet\.stmcufinder\plugins\mcufinder//mcu/cs/
2024-10-29 09:15:52,615 [INFO] MainPanel:264 - HeapMemory: 312475648
2024-10-29 09:15:52,693 [INFO] DbMcusXml:78 - Set database path to: C:\ST\STM32CubeIDE_1.14.0\STM32CubeIDE\plugins\com.st.stm32cube.common.mx_6.10.0.202311202037\\db\/mcu/
2024-10-29 09:15:52,693 [INFO] ApiDb:274 - Set plugin database path to: C:\ST\STM32CubeIDE_1.14.0\STM32CubeIDE\plugins\com.st.stm32cube.common.mx_6.10.0.202311202037\\db\/plugins/boardmanager/
2024-10-29 09:15:52,693 [INFO] ApiDb:261 - Set plugin images path to: C:\ST\STM32CubeIDE_1.14.0\STM32CubeIDE\plugins\com.st.stm32cube.common.mx_6.10.0.202311202037\\db\/plugins/mcufinder/images/
2024-10-29 09:15:52,693 [WARN] DbFile:41 - Overriding database path with different value: C:\Users\Ahmet\.stmcufinder\plugins\mcufinder/ => C:\Users\Ahmet\.stmcufinder\plugins\mcufinder
2024-10-29 09:15:52,694 [INFO] ApiDb:250 - Set database path to: C:\Users\Ahmet\.stmcufinder\plugins\mcufinder//mcu/
2024-10-29 09:15:52,694 [WARN] DbFile:41 - Overriding database path with different value: C:\Users\Ahmet\.stmcufinder\plugins\mcufinder/ => C:\Users\Ahmet\.stmcufinder\plugins\mcufinder
2024-10-29 09:15:52,694 [INFO] DbMcusAds:125 - Set database path to: C:\Users\Ahmet\.stmcufinder\plugins\mcufinder//mcu/
2024-10-29 09:15:52,694 [WARN] DbFile:41 - Overriding database path with different value: C:\Users\Ahmet\.stmcufinder\plugins\mcufinder/ => C:\Users\Ahmet\.stmcufinder\plugins\mcufinder
2024-10-29 09:15:52,694 [WARN] DbFile:41 - Overriding database path with different value: C:\Users\Ahmet\.stmcufinder\plugins\mcufinder/ => C:\Users\Ahmet\.stmcufinder\plugins\mcufinder
2024-10-29 09:15:52,694 [INFO] CrossReferenceDbSqlite:203 - Set database path to: C:\Users\Ahmet\.stmcufinder\plugins\mcufinder//mcu/cs/
2024-10-29 09:15:52,708 [INFO] ApplicationProperties:184 - Using Application install path: C:\ST\STM32CubeIDE_1.14.0\STM32CubeIDE\plugins\com.st.stm32cube.common.mx_6.10.0.202311202037
2024-10-29 09:15:52,709 [INFO] PluginManage:196 - Search for loadable plugins [exclusion list=, ]
2024-10-29 09:15:52,710 [INFO] PluginManage:310 - Check plugin analytics
2024-10-29 09:15:52,970 [INFO] AnalyticsPlugin:253 - Accepted Software Licenses: 
2024-10-29 09:15:52,971 [INFO] AnalyticsPlugin:255 - Accepted CMSIS Pack Licenses: 
2024-10-29 09:15:52,971 [INFO] AnalyticsPlugin:257 - Accepted Firmware Licenses: FW.L4.1.18.0,FW.F4.1.27.0
2024-10-29 09:15:52,985 [INFO] PluginManage:359 - Loaded plugin analytics (category:tool,tabindex:-1)
2024-10-29 09:15:52,987 [INFO] PluginManage:310 - Check plugin cadmodel
2024-10-29 09:15:53,012 [INFO] CADModel:105 - Init CAD model plugin
2024-10-29 09:15:53,013 [INFO] PluginManage:359 - Loaded plugin cadmodel (category:power,tabindex:5)
2024-10-29 09:15:53,014 [INFO] PluginManage:310 - Check plugin clock
2024-10-29 09:15:53,065 [INFO] PluginManage:359 - Loaded plugin clock (category:base,tabindex:2)
2024-10-29 09:15:53,065 [INFO] PluginManage:310 - Check plugin ddr
2024-10-29 09:15:53,070 [INFO] PluginManage:359 - Loaded plugin ddr (category:tool,tabindex:6)
2024-10-29 09:15:53,070 [INFO] PluginManage:310 - Check plugin filemanager
2024-10-29 09:15:53,308 [INFO] PluginManage:359 - Loaded plugin filemanager (category:base,tabindex:10)
2024-10-29 09:15:53,308 [INFO] PluginManage:310 - Check plugin ipmanager
2024-10-29 09:15:53,314 [INFO] PluginManage:359 - Loaded plugin ipmanager (category:base,tabindex:5)
2024-10-29 09:15:53,314 [INFO] PluginManage:310 - Check plugin lpbam
2024-10-29 09:15:53,326 [INFO] PluginManage:359 - Loaded plugin lpbam (category:base,tabindex:0)
2024-10-29 09:15:53,326 [INFO] PluginManage:310 - Check plugin memorymap
2024-10-29 09:15:53,341 [INFO] PluginManage:359 - Loaded plugin memorymap (category:base,tabindex:4)
2024-10-29 09:15:53,341 [INFO] PluginManage:310 - Check plugin pinoutandconfiguration
2024-10-29 09:15:53,354 [INFO] PluginManage:359 - Loaded plugin pinoutandconfiguration (category:base,tabindex:1)
2024-10-29 09:15:53,354 [INFO] PluginManage:310 - Check plugin pinoutconfig
2024-10-29 09:15:53,433 [WARN] SupportedApi:132 - Cannot load RTOS API schema: s4s-elt-must-match.1: The content of 'definitions' must match (annotation?, (simpleType | complexType)?, (unique | key | keyref)*)). A problem was found starting at: attribute.
2024-10-29 09:15:53,539 [INFO] PluginManage:359 - Loaded plugin pinoutconfig (category:base,tabindex:0)
2024-10-29 09:15:53,540 [INFO] PluginManage:310 - Check plugin power
2024-10-29 09:15:53,556 [INFO] PluginManage:359 - Loaded plugin power (category:power,tabindex:4)
2024-10-29 09:15:53,556 [INFO] PluginManage:310 - Check plugin projectmanager
2024-10-29 09:15:53,568 [INFO] PluginManage:359 - Loaded plugin projectmanager (category:projectmanager,tabindex:3)
2024-10-29 09:15:53,568 [INFO] PluginManage:310 - Check plugin thirdparty
2024-10-29 09:15:53,815 [INFO] PluginManage:359 - Loaded plugin thirdparty (category:base,tabindex:-1)
2024-10-29 09:15:53,815 [WARN] IntegrityCheckThread:84 - waiting for thirdparty lock release [integrity check]
2024-10-29 09:15:53,816 [INFO] PluginManage:310 - Check plugin tools
2024-10-29 09:15:53,816 [INFO] IntegrityCheckThread:86 - entering critical section [integrity check]
2024-10-29 09:15:53,816 [INFO] ThirdPartyUpdaterWithRetryManager:70 - Updater plugin not ready yet. [1/15]
2024-10-29 09:15:53,838 [INFO] PluginManage:359 - Loaded plugin tools (category:base,tabindex:7)
2024-10-29 09:15:53,838 [INFO] PluginManage:310 - Check plugin tutovideos
2024-10-29 09:15:54,000 [INFO] PluginManage:359 - Loaded plugin tutovideos (category:base,tabindex:-1)
2024-10-29 09:15:54,001 [INFO] PluginManage:310 - Check plugin updater
2024-10-29 09:15:54,010 [INFO] PluginManage:359 - Loaded plugin updater (category:base,tabindex:12)
2024-10-29 09:15:54,010 [INFO] PluginManage:310 - Check plugin userauth
2024-10-29 09:15:54,015 [INFO] UserAuth:114 - Init User Auth plugin
2024-10-29 09:15:54,015 [INFO] PluginManage:359 - Loaded plugin userauth (category:base,tabindex:14)
2024-10-29 09:15:54,016 [INFO] PluginManage:283 - PluginManage : Loaded plugins [17]
2024-10-29 09:15:54,233 [INFO] PinOutPanel:1499 - setPackage(No Configuration,No Configuration)
2024-10-29 09:15:54,307 [INFO] CADModel:165 - CPN selected for project level
2024-10-29 09:15:54,307 [INFO] CADModel:114 - Register for checkConnection events
2024-10-29 09:15:54,331 [INFO] IPUIPlugin:80 - create IPUIPlugin
2024-10-29 09:15:54,331 [INFO] PluginManager:220 - loadIPPluginJar : add adc
2024-10-29 09:15:54,353 [INFO] IPUIPlugin:80 - create IPUIPlugin
2024-10-29 09:15:54,353 [INFO] PluginManager:220 - loadIPPluginJar : add aes
2024-10-29 09:15:54,379 [INFO] IPUIPlugin:80 - create IPUIPlugin
2024-10-29 09:15:54,379 [INFO] PluginManager:220 - loadIPPluginJar : add can
2024-10-29 09:15:54,393 [INFO] IPUIPlugin:80 - create IPUIPlugin
2024-10-29 09:15:54,393 [INFO] PluginManager:220 - loadIPPluginJar : add comp
2024-10-29 09:15:54,411 [INFO] IPUIPlugin:80 - create IPUIPlugin
2024-10-29 09:15:54,411 [INFO] PluginManager:220 - loadIPPluginJar : add cryp
2024-10-29 09:15:54,427 [INFO] IPUIPlugin:80 - create IPUIPlugin
2024-10-29 09:15:54,427 [INFO] PluginManager:220 - loadIPPluginJar : add dfsdm
2024-10-29 09:15:54,436 [INFO] IPUIPlugin:80 - create IPUIPlugin
2024-10-29 09:15:54,436 [INFO] PluginManager:220 - loadIPPluginJar : add dma
2024-10-29 09:15:54,461 [INFO] IPUIPlugin:80 - create IPUIPlugin
2024-10-29 09:15:54,461 [INFO] PluginManager:220 - loadIPPluginJar : add dma3
2024-10-29 09:15:54,473 [INFO] IPUIPlugin:80 - create IPUIPlugin
2024-10-29 09:15:54,473 [INFO] PluginManager:220 - loadIPPluginJar : add fatfs
2024-10-29 09:15:54,500 [INFO] IPUIPlugin:80 - create IPUIPlugin
2024-10-29 09:15:54,500 [INFO] PluginManager:220 - loadIPPluginJar : add fmc
2024-10-29 09:15:54,512 [INFO] IPUIPlugin:80 - create IPUIPlugin
2024-10-29 09:15:54,512 [INFO] PluginManager:220 - loadIPPluginJar : add freertos
2024-10-29 09:15:54,523 [INFO] IPUIPlugin:80 - create IPUIPlugin
2024-10-29 09:15:54,523 [INFO] PluginManager:220 - loadIPPluginJar : add genericplugin
2024-10-29 09:15:54,577 [INFO] IPUIPlugin:80 - create IPUIPlugin
2024-10-29 09:15:54,578 [INFO] PluginManager:220 - loadIPPluginJar : add gfxmmu
2024-10-29 09:15:54,662 [INFO] IPUIPlugin:80 - create IPUIPlugin
2024-10-29 09:15:54,662 [INFO] PluginManager:220 - loadIPPluginJar : add gic
2024-10-29 09:15:54,676 [INFO] IPUIPlugin:80 - create IPUIPlugin
2024-10-29 09:15:54,676 [INFO] PluginManager:220 - loadIPPluginJar : add gpio
2024-10-29 09:15:54,744 [INFO] IPUIPlugin:80 - create IPUIPlugin
2024-10-29 09:15:54,744 [INFO] PluginManager:220 - loadIPPluginJar : add gtzc
2024-10-29 09:15:54,765 [INFO] IPUIPlugin:80 - create IPUIPlugin
2024-10-29 09:15:54,766 [INFO] PluginManager:220 - loadIPPluginJar : add hash
2024-10-29 09:15:54,799 [INFO] IPUIPlugin:80 - create IPUIPlugin
2024-10-29 09:15:54,799 [INFO] PluginManager:220 - loadIPPluginJar : add i2c
2024-10-29 09:15:54,826 [INFO] IPUIPlugin:80 - create IPUIPlugin
2024-10-29 09:15:54,826 [INFO] PluginManager:220 - loadIPPluginJar : add i2s
2024-10-29 09:15:54,851 [INFO] IPUIPlugin:80 - create IPUIPlugin
2024-10-29 09:15:54,851 [INFO] PluginManager:220 - loadIPPluginJar : add i3c
2024-10-29 09:15:54,917 [INFO] IPUIPlugin:80 - create IPUIPlugin
2024-10-29 09:15:54,917 [INFO] PluginManager:220 - loadIPPluginJar : add ipddr
2024-10-29 09:15:54,997 [INFO] IPUIPlugin:80 - create IPUIPlugin
2024-10-29 09:15:54,997 [INFO] PluginManager:220 - loadIPPluginJar : add linkedlist
2024-10-29 09:15:55,024 [INFO] IPUIPlugin:80 - create IPUIPlugin
2024-10-29 09:15:55,025 [INFO] PluginManager:220 - loadIPPluginJar : add lorawan
2024-10-29 09:15:55,045 [INFO] IPUIPlugin:80 - create IPUIPlugin
2024-10-29 09:15:55,046 [INFO] PluginManager:220 - loadIPPluginJar : add ltdc
2024-10-29 09:15:55,055 [INFO] IPUIPlugin:80 - create IPUIPlugin
2024-10-29 09:15:55,055 [INFO] PluginManager:220 - loadIPPluginJar : add mdma
2024-10-29 09:15:55,063 [INFO] IPUIPlugin:80 - create IPUIPlugin
2024-10-29 09:15:55,063 [INFO] PluginManager:220 - loadIPPluginJar : add nvic
2024-10-29 09:15:55,084 [INFO] IPUIPlugin:80 - create IPUIPlugin
2024-10-29 09:15:55,084 [INFO] PluginManager:220 - loadIPPluginJar : add opamp
2024-10-29 09:15:55,120 [INFO] IPUIPlugin:80 - create IPUIPlugin
2024-10-29 09:15:55,120 [INFO] PluginManager:220 - loadIPPluginJar : add openamp
2024-10-29 09:15:55,147 [INFO] IPUIPlugin:80 - create IPUIPlugin
2024-10-29 09:15:55,147 [INFO] PluginManager:220 - loadIPPluginJar : add pdm2pcm
2024-10-29 09:15:55,158 [INFO] IPUIPlugin:80 - create IPUIPlugin
2024-10-29 09:15:55,159 [INFO] PluginManager:220 - loadIPPluginJar : add plateformsettings
2024-10-29 09:15:55,172 [INFO] IPUIPlugin:80 - create IPUIPlugin
2024-10-29 09:15:55,172 [INFO] PluginManager:220 - loadIPPluginJar : add quadspi
2024-10-29 09:15:55,179 [INFO] IPUIPlugin:80 - create IPUIPlugin
2024-10-29 09:15:55,179 [INFO] PluginManager:220 - loadIPPluginJar : add resmgrutility
2024-10-29 09:15:55,208 [INFO] IPUIPlugin:80 - create IPUIPlugin
2024-10-29 09:15:55,209 [INFO] PluginManager:220 - loadIPPluginJar : add sai
2024-10-29 09:15:55,232 [INFO] IPUIPlugin:80 - create IPUIPlugin
2024-10-29 09:15:55,232 [INFO] PluginManager:220 - loadIPPluginJar : add spi
2024-10-29 09:15:55,282 [INFO] IPUIPlugin:80 - create IPUIPlugin
2024-10-29 09:15:55,283 [INFO] PluginManager:220 - loadIPPluginJar : add stm32_wpan
2024-10-29 09:15:55,304 [INFO] IPUIPlugin:80 - create IPUIPlugin
2024-10-29 09:15:55,304 [INFO] PluginManager:220 - loadIPPluginJar : add tim
2024-10-29 09:15:55,344 [INFO] IPUIPlugin:80 - create IPUIPlugin
2024-10-29 09:15:55,344 [INFO] PluginManager:220 - loadIPPluginJar : add touchsensing
2024-10-29 09:15:55,358 [INFO] IPUIPlugin:80 - create IPUIPlugin
2024-10-29 09:15:55,358 [INFO] PluginManager:220 - loadIPPluginJar : add tracer_emb
2024-10-29 09:15:55,372 [INFO] IPUIPlugin:80 - create IPUIPlugin
2024-10-29 09:15:55,372 [INFO] PluginManager:220 - loadIPPluginJar : add ts
2024-10-29 09:15:55,385 [INFO] IPUIPlugin:80 - create IPUIPlugin
2024-10-29 09:15:55,385 [INFO] PluginManager:220 - loadIPPluginJar : add tsc
2024-10-29 09:15:55,398 [INFO] IPUIPlugin:80 - create IPUIPlugin
2024-10-29 09:15:55,398 [INFO] PluginManager:220 - loadIPPluginJar : add ucpd
2024-10-29 09:15:55,424 [INFO] IPUIPlugin:80 - create IPUIPlugin
2024-10-29 09:15:55,424 [INFO] PluginManager:220 - loadIPPluginJar : add usart
2024-10-29 09:15:55,448 [INFO] IPUIPlugin:80 - create IPUIPlugin
2024-10-29 09:15:55,448 [INFO] PluginManager:220 - loadIPPluginJar : add usbx
2024-10-29 09:15:55,566 [INFO] CADModel:165 - CPN selected for project level
2024-10-29 09:15:55,567 [INFO] CADModel:114 - Register for checkConnection events
2024-10-29 09:15:55,567 [FATAL] Updater:308 - Updater called before beeing initialized
2024-10-29 09:15:55,567 [ERROR] CADModel:125 - Updater not yet initialized, retry later 
2024-10-29 09:15:55,729 [INFO] CADModel:165 - CPN selected for project level
2024-10-29 09:15:55,729 [INFO] CADModel:114 - Register for checkConnection events
2024-10-29 09:15:55,729 [FATAL] Updater:308 - Updater called before beeing initialized
2024-10-29 09:15:55,729 [ERROR] CADModel:125 - Updater not yet initialized, retry later 
2024-10-29 09:15:55,732 [FATAL] Updater:308 - Updater called before beeing initialized
2024-10-29 09:15:55,854 [FATAL] Updater:308 - Updater called before beeing initialized
2024-10-29 09:15:55,867 [INFO] DbMcusAds:53 - JSON generation date=Thu May 16 12:22:00 TRT 2024 (1715851320852)
2024-10-29 09:15:55,867 [FATAL] Updater:308 - Updater called before beeing initialized
2024-10-29 09:15:55,924 [WARN] DetailPanel:346 - Failed to get advertising image, set to default
2024-10-29 09:15:55,982 [FATAL] Updater:308 - Updater called before beeing initialized
2024-10-29 09:15:55,983 [FATAL] Updater:308 - Updater called before beeing initialized
2024-10-29 09:15:55,983 [FATAL] Updater:308 - Updater called before beeing initialized
2024-10-29 09:15:55,983 [WARN] DetailPanel:346 - Failed to get advertising image, set to default
2024-10-29 09:15:55,984 [FATAL] Updater:308 - Updater called before beeing initialized
2024-10-29 09:15:56,039 [ERROR] Updater:1120 - MainUpdater not yet initialized. External WinMGr cannot be set.
2024-10-29 09:15:56,045 [INFO] Updater:1056 - Updater Version found : 6.10.0
2024-10-29 09:15:56,060 [INFO] ApplicationProperties:184 - Using Application install path: C:\ST\STM32CubeIDE_1.14.0\STM32CubeIDE\plugins\com.st.stm32cube.common.mx_6.10.0.202311202037
2024-10-29 09:15:56,817 [INFO] ThirdPartyUpdaterWithRetryManager:70 - Updater plugin not ready yet. [2/15]
2024-10-29 09:15:57,664 [ERROR] LogOutputStream:75 - [STDERR_REDIRECT] Oct 29, 2024 9:15:57 AM java.util.prefs.WindowsPreferences <init>
2024-10-29 09:15:57,665 [ERROR] LogOutputStream:75 - [STDERR_REDIRECT] WARNING: Could not open/create prefs root node Software\JavaSoft\Prefs at root 0xffffffff80000002. Windows RegCreateKeyEx(...) returned error code 5.
2024-10-29 09:15:57,665 [ERROR] LogOutputStream:75 - [STDERR_REDIRECT] 
2024-10-29 09:15:58,453 [INFO] MainUpdater:2873 - connection check result : 10
2024-10-29 09:15:58,454 [INFO] MainUpdater:290 - Updater Check For Update Now.
2024-10-29 09:15:58,455 [INFO] MicroXplorer:498 - Change Database Version : DB.6.0.100
2024-10-29 09:15:58,570 [INFO] McuFinderGlobals:63 - Set McuFinder mode to 2 (CubeIDE integrated)
2024-10-29 09:15:58,571 [INFO] UserAuth:180 - activating auth plugin
2024-10-29 09:15:58,581 [INFO] UserAuth:404 - Internet connection configuration mode: 1
2024-10-29 09:15:59,024 [INFO] JxBrowserEngine:152 - Initiate JxBrowser Engine with user profile folder
2024-10-29 09:15:59,029 [INFO] CheckServerUpdateThread:120 - End of CheckServer Thread
2024-10-29 09:16:00,214 [WARN] PackLoader:240 - Cannot read IP mode file for STMicroelectronics.FP-SNS-MOTENVWB1.1.4.0
2024-10-29 09:16:00,239 [WARN] PackLoader:240 - Cannot read IP mode file for STMicroelectronics.X-CUBE-SMBUS.2.1.0
2024-10-29 09:16:00,270 [WARN] PackLoader:240 - Cannot read IP mode file for STMicroelectronics.X-CUBE-WB05N.1.1.0
2024-10-29 09:16:00,308 [WARN] PackLoader:240 - Cannot read IP mode file for STMicroelectronics.X-CUBE-TOUCHGFX.4.23.1
2024-10-29 09:16:00,326 [WARN] PackLoader:240 - Cannot read IP mode file for STMicroelectronics.X-CUBE-TOUCHGFX.4.23.0
2024-10-29 09:16:00,345 [WARN] PackLoader:240 - Cannot read IP mode file for STMicroelectronics.X-CUBE-TOUCHGFX.4.23.2
2024-10-29 09:16:00,434 [WARN] PackLoader:240 - Cannot read IP mode file for STMicroelectronics.X-CUBE-AZRTOS-F7.1.1.0
2024-10-29 09:16:00,456 [WARN] PackLoader:240 - Cannot read IP mode file for STMicroelectronics.FP-SNS-MOTENV1.4.3.2
2024-10-29 09:16:00,603 [WARN] PackLoader:240 - Cannot read IP mode file for STMicroelectronics.X-CUBE-MEMS1.11.0.0
2024-10-29 09:16:00,793 [WARN] PackLoader:240 - Cannot read IP mode file for STMicroelectronics.FP-SNS-FLIGHT1.5.0.2
2024-10-29 09:16:00,834 [WARN] PackLoader:240 - Cannot read IP mode file for STMicroelectronics.X-CUBE-DISPLAY.3.0.0
2024-10-29 09:16:00,863 [WARN] PackLoader:240 - Cannot read IP mode file for STMicroelectronics.X-CUBE-BLE1.7.0.0
2024-10-29 09:16:00,896 [WARN] PackLoader:240 - Cannot read IP mode file for STMicroelectronics.X-CUBE-NFC10.1.0.0
2024-10-29 09:16:00,932 [WARN] PackLoader:240 - Cannot read IP mode file for STMicroelectronics.X-CUBE-BLEMGR.3.1.0
2024-10-29 09:16:00,963 [WARN] PackLoader:240 - Cannot read IP mode file for STMicroelectronics.FP-SNS-SMARTAG2.1.2.0
2024-10-29 09:16:01,031 [INFO] LogOutputStream:77 - [STDOUT_REDIRECT] 1 : Invalid condition id : UX_CORESTACK_Condition cause : null
2024-10-29 09:16:01,038 [INFO] LogOutputStream:77 - [STDOUT_REDIRECT] 1 : Invalid condition id : UX_CORESTACK_Condition cause : null
2024-10-29 09:16:01,044 [INFO] LogOutputStream:77 - [STDOUT_REDIRECT] 1 : Invalid condition id : UX_CORESTACK_Condition cause : null
2024-10-29 09:16:01,051 [INFO] LogOutputStream:77 - [STDOUT_REDIRECT] 1 : Invalid condition id : UX_CORESTACK_Condition cause : null
2024-10-29 09:16:01,061 [INFO] LogOutputStream:77 - [STDOUT_REDIRECT] 1 : Invalid condition id : UX_CORESTACK_Condition cause : null
2024-10-29 09:16:01,066 [WARN] PackLoader:240 - Cannot read IP mode file for STMicroelectronics.X-CUBE-AZRTOS-WL.2.0.0
2024-10-29 09:16:01,095 [WARN] PackLoader:240 - Cannot read IP mode file for STMicroelectronics.FP-SNS-MOTENV1.5.0.0
2024-10-29 09:16:01,113 [WARN] PackLoader:240 - Cannot read IP mode file for wolfSSL.I-CUBE-wolfMQTT.1.19.0
2024-10-29 09:16:01,167 [WARN] PackLoader:240 - Cannot read IP mode file for WES.I-CUBE-Cesium.1.3.0
2024-10-29 09:16:01,185 [WARN] PackLoader:240 - Cannot read IP mode file for STMicroelectronics.X-CUBE-BLE2.3.3.0
2024-10-29 09:16:01,207 [WARN] PackLoader:240 - Cannot read IP mode file for STMicroelectronics.X-CUBE-NFC9.1.0.0
2024-10-29 09:16:01,225 [WARN] PackLoader:240 - Cannot read IP mode file for STMicroelectronics.X-CUBE-TCPP.4.1.0
2024-10-29 09:16:01,251 [WARN] PackLoader:240 - Cannot read IP mode file for STMicroelectronics.X-CUBE-ALGOBUILD.1.3.0
2024-10-29 09:16:01,293 [WARN] PackLoader:240 - Cannot read IP mode file for STMicroelectronics.X-CUBE-AZRTOS-G0.1.1.0
2024-10-29 09:16:01,317 [WARN] PackLoader:240 - Cannot read IP mode file for STMicroelectronics.X-CUBE-SAFEA1.1.2.2
2024-10-29 09:16:01,341 [WARN] PackLoader:240 - Cannot read IP mode file for STMicroelectronics.X-CUBE-NFC4.3.0.0
2024-10-29 09:16:01,375 [WARN] PackLoader:240 - Cannot read IP mode file for EmbeddedOffice.I-CUBE-FS-RTOS.1.0.1
2024-10-29 09:16:01,375 [ERROR] ConditionMgr:805 - Attr not supported : Dmpu
2024-10-29 09:16:01,375 [ERROR] ConditionMgr:805 - Attr not supported : Dmpu
2024-10-29 09:16:01,375 [ERROR] ConditionMgr:805 - Attr not supported : Dmpu
2024-10-29 09:16:01,375 [ERROR] ConditionMgr:805 - Attr not supported : Dmpu
2024-10-29 09:16:01,376 [ERROR] ConditionMgr:805 - Attr not supported : Dmpu
2024-10-29 09:16:01,376 [ERROR] ConditionMgr:805 - Attr not supported : Dmpu
2024-10-29 09:16:01,376 [ERROR] ConditionMgr:805 - Attr not supported : Dmpu
2024-10-29 09:16:01,376 [ERROR] ConditionMgr:805 - Attr not supported : Dmpu
2024-10-29 09:16:01,376 [ERROR] ConditionMgr:805 - Attr not supported : Dmpu
2024-10-29 09:16:01,376 [ERROR] ConditionMgr:805 - Attr not supported : Dmpu
2024-10-29 09:16:01,376 [ERROR] ConditionMgr:805 - Attr not supported : Dmpu
2024-10-29 09:16:01,376 [ERROR] ConditionMgr:805 - Attr not supported : Dmpu
2024-10-29 09:16:01,376 [ERROR] ConditionMgr:805 - Attr not supported : Dmpu
2024-10-29 09:16:01,376 [ERROR] ConditionMgr:805 - Attr not supported : Dmpu
2024-10-29 09:16:01,376 [ERROR] ConditionMgr:805 - Attr not supported : Dmpu
2024-10-29 09:16:01,376 [ERROR] ConditionMgr:805 - Attr not supported : Dmpu
2024-10-29 09:16:01,376 [ERROR] ConditionMgr:805 - Attr not supported : Dmpu
2024-10-29 09:16:01,376 [ERROR] ConditionMgr:805 - Attr not supported : Dmpu
2024-10-29 09:16:01,376 [ERROR] ConditionMgr:805 - Attr not supported : Dmpu
2024-10-29 09:16:01,376 [ERROR] ConditionMgr:805 - Attr not supported : Dmpu
2024-10-29 09:16:01,376 [ERROR] ConditionMgr:805 - Attr not supported : Dmpu
2024-10-29 09:16:01,376 [ERROR] ConditionMgr:805 - Attr not supported : Dmpu
2024-10-29 09:16:01,376 [ERROR] ConditionMgr:805 - Attr not supported : Dmpu
2024-10-29 09:16:01,376 [ERROR] ConditionMgr:805 - Attr not supported : Dmpu
2024-10-29 09:16:01,376 [ERROR] ConditionMgr:805 - Attr not supported : Dmpu
2024-10-29 09:16:01,376 [ERROR] ConditionMgr:805 - Attr not supported : Dmpu
2024-10-29 09:16:01,377 [ERROR] ConditionMgr:805 - Attr not supported : Dmpu
2024-10-29 09:16:01,377 [ERROR] ConditionMgr:805 - Attr not supported : Dmpu
2024-10-29 09:16:01,377 [ERROR] ConditionMgr:805 - Attr not supported : Dmpu
2024-10-29 09:16:01,377 [ERROR] ConditionMgr:805 - Attr not supported : Dmpu
2024-10-29 09:16:01,377 [ERROR] ConditionMgr:805 - Attr not supported : Dmpu
2024-10-29 09:16:01,377 [ERROR] ConditionMgr:805 - Attr not supported : Dmpu
2024-10-29 09:16:01,377 [ERROR] ConditionMgr:805 - Attr not supported : Dmpu
2024-10-29 09:16:01,377 [ERROR] ConditionMgr:805 - Attr not supported : Dmpu
2024-10-29 09:16:01,377 [ERROR] ConditionMgr:805 - Attr not supported : Dmpu
2024-10-29 09:16:01,377 [ERROR] ConditionMgr:805 - Attr not supported : Dmpu
2024-10-29 09:16:01,377 [ERROR] ConditionMgr:805 - Attr not supported : Dmpu
2024-10-29 09:16:01,377 [ERROR] ConditionMgr:805 - Attr not supported : Dmpu
2024-10-29 09:16:01,377 [ERROR] ConditionMgr:805 - Attr not supported : Dmpu
2024-10-29 09:16:01,377 [ERROR] ConditionMgr:805 - Attr not supported : Dmpu
2024-10-29 09:16:01,377 [ERROR] ConditionMgr:805 - Attr not supported : Dmpu
2024-10-29 09:16:01,377 [ERROR] ConditionMgr:805 - Attr not supported : Dmpu
2024-10-29 09:16:01,378 [ERROR] ConditionMgr:805 - Attr not supported : Dmpu
2024-10-29 09:16:01,378 [ERROR] ConditionMgr:805 - Attr not supported : Dmpu
2024-10-29 09:16:01,378 [ERROR] ConditionMgr:805 - Attr not supported : Dmpu
2024-10-29 09:16:01,378 [ERROR] ConditionMgr:805 - Attr not supported : Dmpu
2024-10-29 09:16:01,378 [ERROR] ConditionMgr:805 - Attr not supported : Dmpu
2024-10-29 09:16:01,378 [ERROR] ConditionMgr:805 - Attr not supported : Dmpu
2024-10-29 09:16:01,378 [ERROR] ConditionMgr:805 - Attr not supported : Dmpu
2024-10-29 09:16:01,378 [ERROR] ConditionMgr:805 - Attr not supported : Dmpu
2024-10-29 09:16:01,378 [ERROR] ConditionMgr:805 - Attr not supported : Dmpu
2024-10-29 09:16:01,378 [ERROR] ConditionMgr:805 - Attr not supported : Dmpu
2024-10-29 09:16:01,378 [ERROR] ConditionMgr:805 - Attr not supported : Dmpu
2024-10-29 09:16:01,378 [ERROR] ConditionMgr:805 - Attr not supported : Dmpu
2024-10-29 09:16:01,378 [ERROR] ConditionMgr:805 - Attr not supported : Dmpu
2024-10-29 09:16:01,378 [ERROR] ConditionMgr:805 - Attr not supported : Dmpu
2024-10-29 09:16:01,378 [ERROR] ConditionMgr:805 - Attr not supported : Dmpu
2024-10-29 09:16:01,378 [ERROR] ConditionMgr:805 - Attr not supported : Dmpu
2024-10-29 09:16:01,378 [ERROR] ConditionMgr:805 - Attr not supported : Dmpu
2024-10-29 09:16:01,378 [ERROR] ConditionMgr:805 - Attr not supported : Dmpu
2024-10-29 09:16:01,378 [ERROR] ConditionMgr:805 - Attr not supported : Dmpu
2024-10-29 09:16:01,379 [ERROR] ConditionMgr:805 - Attr not supported : Dmpu
2024-10-29 09:16:01,379 [ERROR] ConditionMgr:805 - Attr not supported : Dmpu
2024-10-29 09:16:01,379 [ERROR] ConditionMgr:805 - Attr not supported : Dmpu
2024-10-29 09:16:01,401 [WARN] PackLoader:240 - Cannot read IP mode file for STMicroelectronics.X-CUBE-BLEMGR.3.0.0
2024-10-29 09:16:01,420 [WARN] PackLoader:240 - Cannot read IP mode file for RealThread.X-CUBE-RT-Thread_Nano.4.1.1
2024-10-29 09:16:01,437 [WARN] PackLoader:240 - Cannot read IP mode file for STMicroelectronics.FP-ATR-SIGFOX1.3.2.0
2024-10-29 09:16:01,456 [WARN] PackLoader:240 - Cannot read IP mode file for STMicroelectronics.X-CUBE-EEPRMA1.5.1.0
2024-10-29 09:16:01,527 [WARN] PackLoader:240 - Cannot read IP mode file for SEGGER.I-CUBE-embOS.1.3.1
2024-10-29 09:16:01,583 [WARN] PackLoader:240 - Cannot read IP mode file for STMicroelectronics.X-CUBE-ALGOBUILD.1.4.0
2024-10-29 09:16:01,603 [WARN] PackLoader:240 - Cannot read IP mode file for STMicroelectronics.X-CUBE-AI.9.1.0
2024-10-29 09:16:01,620 [WARN] PackLoader:240 - Cannot read IP mode file for STMicroelectronics.X-CUBE-GNSS1.6.0.0
2024-10-29 09:16:01,647 [WARN] PackLoader:240 - Cannot read IP mode file for STMicroelectronics.X-CUBE-AZRTOS-F4.1.1.0
2024-10-29 09:16:01,664 [WARN] PackLoader:240 - Cannot read IP mode file for STMicroelectronics.X-CUBE-ISPU.2.1.0
2024-10-29 09:16:01,680 [WARN] PackLoader:240 - Cannot read IP mode file for STMicroelectronics.X-CUBE-FREERTOS.1.2.0
2024-10-29 09:16:01,707 [WARN] PackLoader:240 - Cannot read IP mode file for STMicroelectronics.X-CUBE-AZRTOS-L5.2.0.0
2024-10-29 09:16:01,729 [WARN] PackLoader:240 - Cannot read IP mode file for STMicroelectronics.X-CUBE-EEPRMA1.4.2.0
2024-10-29 09:16:01,750 [WARN] PackLoader:240 - Cannot read IP mode file for STMicroelectronics.X-CUBE-NFC6.3.1.0
2024-10-29 09:16:01,772 [WARN] PackLoader:240 - Cannot read IP mode file for ITTIA_DB.I-CUBE-ITTIADB.8.8.0
2024-10-29 09:16:01,787 [WARN] PackLoader:240 - Cannot read IP mode file for STMicroelectronics.X-CUBE-DPower.1.2.0
2024-10-29 09:16:01,803 [WARN] PackLoader:240 - Cannot read IP mode file for STMicroelectronics.X-CUBE-AI.9.0.0
2024-10-29 09:16:01,834 [WARN] PackLoader:240 - Cannot read IP mode file for STMicroelectronics.X-CUBE-NFC7.1.0.1
2024-10-29 09:16:01,855 [WARN] PackLoader:240 - Cannot read IP mode file for STMicroelectronics.X-CUBE-NFC6.3.0.0
2024-10-29 09:16:01,872 [WARN] PackLoader:240 - Cannot read IP mode file for STMicroelectronics.X-CUBE-AI.8.1.0
2024-10-29 09:16:01,909 [WARN] ConditionMgr:438 - getConditionDescription Invalid condition id : LAN8742 Phy interface Condition cause : null
2024-10-29 09:16:01,909 [WARN] PackLoader:240 - Cannot read IP mode file for STMicroelectronics.X-CUBE-AZRTOS-L4.2.0.0
2024-10-29 09:16:01,910 [WARN] ConditionMgr:1039 - genDependencies : Invalid condition id : LAN8742 Phy interface Condition cause : null
2024-10-29 09:16:01,911 [WARN] ConditionMgr:1039 - genDependencies : Invalid condition id : LAN8742 Phy interface Condition cause : null
2024-10-29 09:16:01,911 [WARN] ConditionMgr:1039 - genDependencies : Invalid condition id : LAN8742 Phy interface Condition cause : null
2024-10-29 09:16:01,931 [WARN] PackLoader:240 - Cannot read IP mode file for STMicroelectronics.X-CUBE-SFXS2LP1.4.0.0
2024-10-29 09:16:01,975 [WARN] PackLoader:240 - Cannot read IP mode file for STMicroelectronics.X-CUBE-AZRTOS-H7.3.3.0
2024-10-29 09:16:02,006 [WARN] PackLoader:240 - Cannot read IP mode file for STMicroelectronics.X-CUBE-IPS.3.0.0
2024-10-29 09:16:02,050 [WARN] ConditionMgr:438 - getConditionDescription Invalid condition id : UX DEVICE CLASS RTOS Condition cause : null
2024-10-29 09:16:02,050 [WARN] ConditionMgr:438 - getConditionDescription Invalid condition id : UX DEVICE CLASS RTOS Condition cause : null
2024-10-29 09:16:02,052 [WARN] PackLoader:240 - Cannot read IP mode file for STMicroelectronics.X-CUBE-AZRTOS-WB.2.0.0
2024-10-29 09:16:02,053 [WARN] ConditionMgr:1039 - genDependencies : Invalid condition id : UX DEVICE CLASS RTOS Condition cause : null
2024-10-29 09:16:02,053 [WARN] ConditionMgr:1039 - genDependencies : Invalid condition id : UX DEVICE CLASS RTOS Condition cause : null
2024-10-29 09:16:02,053 [WARN] ConditionMgr:1039 - genDependencies : Invalid condition id : UX DEVICE CLASS RTOS Condition cause : null
2024-10-29 09:16:02,054 [WARN] ConditionMgr:1039 - genDependencies : Invalid condition id : UX DEVICE CLASS RTOS Condition cause : null
2024-10-29 09:16:02,054 [WARN] ConditionMgr:1039 - genDependencies : Invalid condition id : UX DEVICE CLASS RTOS Condition cause : null
2024-10-29 09:16:02,073 [WARN] PackLoader:240 - Cannot read IP mode file for STMicroelectronics.X-CUBE-GNSS1.7.0.0
2024-10-29 09:16:02,096 [WARN] PackLoader:240 - Cannot read IP mode file for STMicroelectronics.FP-SNS-STBOX1.2.0.0
2024-10-29 09:16:02,119 [WARN] PackLoader:240 - Cannot read IP mode file for STMicroelectronics.X-CUBE-SUBG2.5.0.0
2024-10-29 09:16:02,155 [WARN] PackLoader:240 - Cannot read IP mode file for STMicroelectronics.X-CUBE-AZRTOS-G4.2.0.0
2024-10-29 09:16:02,194 [WARN] PackLoader:240 - Cannot read IP mode file for Infineon.AIROC-Wi-Fi-Bluetooth-STM32.1.5.1
2024-10-29 09:16:02,215 [WARN] PackLoader:240 - Cannot read IP mode file for STMicroelectronics.FP-SNS-MOTENVWB1.1.3.1
2024-10-29 09:16:02,232 [WARN] PackLoader:240 - Cannot read IP mode file for STMicroelectronics.X-CUBE-ISPU.2.0.0
2024-10-29 09:16:02,250 [WARN] PackLoader:240 - Cannot read IP mode file for STMicroelectronics.X-CUBE-ALS.1.0.2
2024-10-29 09:16:02,317 [WARN] PackLoader:240 - Cannot read IP mode file for STMicroelectronics.X-CUBE-MEMS1.10.0.0
2024-10-29 09:16:02,421 [WARN] PackLoader:240 - Cannot read IP mode file for STMicroelectronics.X-CUBE-FREERTOS.1.1.0
2024-10-29 09:16:02,439 [WARN] PackLoader:240 - Cannot read IP mode file for STMicroelectronics.X-CUBE-TOUCHGFX.4.24.1
2024-10-29 09:16:02,456 [WARN] PackLoader:240 - Cannot read IP mode file for wolfSSL.I-CUBE-wolfTPM.3.4.0
2024-10-29 09:16:02,477 [WARN] PackLoader:240 - Cannot read IP mode file for portGmbH.I-Cube-SoM-uGOAL.1.1.0
2024-10-29 09:16:02,493 [WARN] PackLoader:240 - Cannot read IP mode file for STMicroelectronics.X-CUBE-ALS.1.0.1
2024-10-29 09:16:02,535 [WARN] PackLoader:240 - Cannot read IP mode file for STMicroelectronics.X-CUBE-AZRTOS-H7RS.1.0.0
2024-10-29 09:16:02,557 [WARN] PackLoader:240 - Cannot read IP mode file for STMicroelectronics.FP-ATR-ASTRA1.2.0.0
2024-10-29 09:16:02,585 [WARN] PackLoader:240 - Cannot read IP mode file for STMicroelectronics.X-CUBE-TOF1.3.4.2
2024-10-29 09:16:02,620 [WARN] PackLoader:240 - Cannot read IP mode file for STMicroelectronics.X-CUBE-TOF1.3.4.0
2024-10-29 09:16:02,659 [WARN] PackLoader:240 - Cannot read IP mode file for STMicroelectronics.X-CUBE-TOF1.3.4.1
2024-10-29 09:16:02,719 [WARN] PackLoader:240 - Cannot read IP mode file for STMicroelectronics.X-CUBE-AZRTOS-H7.3.2.0
2024-10-29 09:16:02,742 [WARN] PackLoader:240 - Cannot read IP mode file for wolfSSL.I-CUBE-wolfSSH.1.4.17
2024-10-29 09:16:02,748 [INFO] ThirdParty:978 - Integrity check success = true
2024-10-29 09:16:02,748 [INFO] IntegrityCheckThread:100 - exiting critical section [integrity check]
2024-10-29 09:16:02,748 [INFO] IntegrityCheckThread:103 - End integrity checks thread
2024-10-29 09:16:13,741 [INFO] WebApp:161 - Instantiating new browser for Auth
2024-10-29 09:16:14,903 [INFO] WebApp:780 - Register for checkConnection events
2024-10-29 09:16:14,904 [INFO] WebApp:414 - Apply proxy settings
2024-10-29 09:16:14,904 [INFO] WebApp:499 - Chromium requires no authentication
2024-10-29 09:16:14,921 [INFO] WebApp:442 - Direct internet connection detected
2024-10-29 09:16:15,223 [INFO] WebApp:192 - Starting web application
2024-10-29 09:16:15,223 [INFO] WebApp:544 - Web application path used C:\ST\STM32CubeIDE_1.14.0\STM32CubeIDE\plugins\com.st.stm32cube.common.mx_6.10.0.202311202037\db\plugins\mcufinder\reactClient1\index.html
2024-10-29 09:16:36,808 [ERROR] LogOutputStream:75 - [STDERR_REDIRECT] SLF4J: Failed to load class "org.slf4j.impl.StaticLoggerBinder".
2024-10-29 09:16:36,809 [ERROR] LogOutputStream:75 - [STDERR_REDIRECT] SLF4J: Defaulting to no-operation (NOP) logger implementation
2024-10-29 09:16:36,810 [ERROR] LogOutputStream:75 - [STDERR_REDIRECT] SLF4J: See http://www.slf4j.org/codes.html#StaticLoggerBinder for further details.
