2024-03-24 02:58:22,300 [ERROR] LogOutputStream:75 - [STDERR_REDIRECT] 
2024-03-24 16:16:47,587 [INFO] Activator:176 - 


2024-03-24 16:16:47,588 [INFO] Activator:177 - !SESSION log4j initialized
2024-03-24 16:16:51,780 [INFO] LogOutputStream:77 - [STDOUT_REDIRECT] 
2024-03-24 16:16:55,533 [INFO] ApplicationProperties:184 - Using Application install path: C:\ST\STM32CubeIDE_1.14.0\STM32CubeIDE\plugins\com.st.stm32cube.common.mx_6.10.0.202311202037
2024-03-24 16:16:55,545 [INFO] DbMcusXml:78 - Set database path to: C:\ST\STM32CubeIDE_1.14.0\STM32CubeIDE\plugins\com.st.stm32cube.common.mx_6.10.0.202311202037\\db\/mcu/
2024-03-24 16:16:55,546 [INFO] ApiDb:274 - Set plugin database path to: C:\ST\STM32CubeIDE_1.14.0\STM32CubeIDE\plugins\com.st.stm32cube.common.mx_6.10.0.202311202037\\db\/plugins/boardmanager/
2024-03-24 16:16:55,546 [WARN] ApiDb:259 - Overriding images path with different value:  => C:\ST\STM32CubeIDE_1.14.0\STM32CubeIDE\plugins\com.st.stm32cube.common.mx_6.10.0.202311202037\\db\/plugins/mcufinder/images/
2024-03-24 16:16:55,551 [INFO] ApiDb:250 - Set database path to: C:\Users\Ahmet\.stmcufinder\plugins\mcufinder//mcu/
2024-03-24 16:16:55,552 [INFO] DbMcusAds:125 - Set database path to: C:\Users\Ahmet\.stmcufinder\plugins\mcufinder//mcu/
2024-03-24 16:16:55,554 [INFO] CrossReferenceDbSqlite:203 - Set database path to: C:\Users\Ahmet\.stmcufinder\plugins\mcufinder//mcu/cs/
2024-03-24 16:16:55,627 [INFO] RulesReader:64 - Compatibility file has been processed (297 Rules)
2024-03-24 16:16:55,681 [INFO] DbMcusXml:78 - Set database path to: C:\ST\STM32CubeIDE_1.14.0\STM32CubeIDE\plugins\com.st.stm32cube.common.mx_6.10.0.202311202037\\db\/mcu/
2024-03-24 16:16:55,681 [INFO] ApiDb:274 - Set plugin database path to: C:\ST\STM32CubeIDE_1.14.0\STM32CubeIDE\plugins\com.st.stm32cube.common.mx_6.10.0.202311202037\\db\/plugins/boardmanager/
2024-03-24 16:16:55,681 [INFO] ApiDb:261 - Set plugin images path to: C:\ST\STM32CubeIDE_1.14.0\STM32CubeIDE\plugins\com.st.stm32cube.common.mx_6.10.0.202311202037\\db\/plugins/mcufinder/images/
2024-03-24 16:16:55,681 [WARN] DbFile:41 - Overriding database path with different value: C:\Users\Ahmet\.stmcufinder\plugins\mcufinder/ => C:\Users\Ahmet\.stmcufinder\plugins\mcufinder
2024-03-24 16:16:55,681 [INFO] ApiDb:250 - Set database path to: C:\Users\Ahmet\.stmcufinder\plugins\mcufinder//mcu/
2024-03-24 16:16:55,681 [WARN] DbFile:41 - Overriding database path with different value: C:\Users\Ahmet\.stmcufinder\plugins\mcufinder/ => C:\Users\Ahmet\.stmcufinder\plugins\mcufinder
2024-03-24 16:16:55,681 [INFO] DbMcusAds:125 - Set database path to: C:\Users\Ahmet\.stmcufinder\plugins\mcufinder//mcu/
2024-03-24 16:16:55,681 [WARN] DbFile:41 - Overriding database path with different value: C:\Users\Ahmet\.stmcufinder\plugins\mcufinder/ => C:\Users\Ahmet\.stmcufinder\plugins\mcufinder
2024-03-24 16:16:55,681 [WARN] DbFile:41 - Overriding database path with different value: C:\Users\Ahmet\.stmcufinder\plugins\mcufinder/ => C:\Users\Ahmet\.stmcufinder\plugins\mcufinder
2024-03-24 16:16:55,681 [INFO] CrossReferenceDbSqlite:203 - Set database path to: C:\Users\Ahmet\.stmcufinder\plugins\mcufinder//mcu/cs/
2024-03-24 16:16:55,734 [INFO] MainPanel:264 - HeapMemory: 268435456
2024-03-24 16:16:55,796 [INFO] DbMcusXml:78 - Set database path to: C:\ST\STM32CubeIDE_1.14.0\STM32CubeIDE\plugins\com.st.stm32cube.common.mx_6.10.0.202311202037\\db\/mcu/
2024-03-24 16:16:55,796 [INFO] ApiDb:274 - Set plugin database path to: C:\ST\STM32CubeIDE_1.14.0\STM32CubeIDE\plugins\com.st.stm32cube.common.mx_6.10.0.202311202037\\db\/plugins/boardmanager/
2024-03-24 16:16:55,796 [INFO] ApiDb:261 - Set plugin images path to: C:\ST\STM32CubeIDE_1.14.0\STM32CubeIDE\plugins\com.st.stm32cube.common.mx_6.10.0.202311202037\\db\/plugins/mcufinder/images/
2024-03-24 16:16:55,796 [WARN] DbFile:41 - Overriding database path with different value: C:\Users\Ahmet\.stmcufinder\plugins\mcufinder/ => C:\Users\Ahmet\.stmcufinder\plugins\mcufinder
2024-03-24 16:16:55,797 [INFO] ApiDb:250 - Set database path to: C:\Users\Ahmet\.stmcufinder\plugins\mcufinder//mcu/
2024-03-24 16:16:55,797 [WARN] DbFile:41 - Overriding database path with different value: C:\Users\Ahmet\.stmcufinder\plugins\mcufinder/ => C:\Users\Ahmet\.stmcufinder\plugins\mcufinder
2024-03-24 16:16:55,797 [INFO] DbMcusAds:125 - Set database path to: C:\Users\Ahmet\.stmcufinder\plugins\mcufinder//mcu/
2024-03-24 16:16:55,797 [WARN] DbFile:41 - Overriding database path with different value: C:\Users\Ahmet\.stmcufinder\plugins\mcufinder/ => C:\Users\Ahmet\.stmcufinder\plugins\mcufinder
2024-03-24 16:16:55,797 [WARN] DbFile:41 - Overriding database path with different value: C:\Users\Ahmet\.stmcufinder\plugins\mcufinder/ => C:\Users\Ahmet\.stmcufinder\plugins\mcufinder
2024-03-24 16:16:55,797 [INFO] CrossReferenceDbSqlite:203 - Set database path to: C:\Users\Ahmet\.stmcufinder\plugins\mcufinder//mcu/cs/
2024-03-24 16:16:55,808 [INFO] ApplicationProperties:184 - Using Application install path: C:\ST\STM32CubeIDE_1.14.0\STM32CubeIDE\plugins\com.st.stm32cube.common.mx_6.10.0.202311202037
2024-03-24 16:16:55,809 [INFO] PluginManage:196 - Search for loadable plugins [exclusion list=, ]
2024-03-24 16:16:55,810 [INFO] PluginManage:310 - Check plugin analytics
2024-03-24 16:16:55,943 [INFO] AnalyticsPlugin:253 - Accepted Software Licenses: 
2024-03-24 16:16:55,943 [INFO] AnalyticsPlugin:255 - Accepted CMSIS Pack Licenses: 
2024-03-24 16:16:55,943 [INFO] AnalyticsPlugin:257 - Accepted Firmware Licenses: FW.L4.1.18.0,FW.F4.1.27.0
2024-03-24 16:16:55,946 [INFO] PluginManage:359 - Loaded plugin analytics (category:tool,tabindex:-1)
2024-03-24 16:16:55,946 [INFO] PluginManage:310 - Check plugin cadmodel
2024-03-24 16:16:55,959 [INFO] CADModel:105 - Init CAD model plugin
2024-03-24 16:16:55,959 [INFO] PluginManage:359 - Loaded plugin cadmodel (category:power,tabindex:5)
2024-03-24 16:16:55,959 [INFO] PluginManage:310 - Check plugin clock
2024-03-24 16:16:55,979 [INFO] PluginManage:359 - Loaded plugin clock (category:base,tabindex:2)
2024-03-24 16:16:55,979 [INFO] PluginManage:310 - Check plugin ddr
2024-03-24 16:16:55,981 [INFO] PluginManage:359 - Loaded plugin ddr (category:tool,tabindex:6)
2024-03-24 16:16:55,981 [INFO] PluginManage:310 - Check plugin filemanager
2024-03-24 16:16:56,087 [INFO] PluginManage:359 - Loaded plugin filemanager (category:base,tabindex:10)
2024-03-24 16:16:56,087 [INFO] PluginManage:310 - Check plugin ipmanager
2024-03-24 16:16:56,092 [INFO] PluginManage:359 - Loaded plugin ipmanager (category:base,tabindex:5)
2024-03-24 16:16:56,093 [INFO] PluginManage:310 - Check plugin lpbam
2024-03-24 16:16:56,103 [INFO] PluginManage:359 - Loaded plugin lpbam (category:base,tabindex:0)
2024-03-24 16:16:56,103 [INFO] PluginManage:310 - Check plugin memorymap
2024-03-24 16:16:56,120 [INFO] PluginManage:359 - Loaded plugin memorymap (category:base,tabindex:4)
2024-03-24 16:16:56,120 [INFO] PluginManage:310 - Check plugin pinoutandconfiguration
2024-03-24 16:16:56,132 [INFO] PluginManage:359 - Loaded plugin pinoutandconfiguration (category:base,tabindex:1)
2024-03-24 16:16:56,132 [INFO] PluginManage:310 - Check plugin pinoutconfig
2024-03-24 16:16:56,202 [WARN] SupportedApi:132 - Cannot load RTOS API schema: s4s-elt-must-match.1: The content of 'definitions' must match (annotation?, (simpleType | complexType)?, (unique | key | keyref)*)). A problem was found starting at: attribute.
2024-03-24 16:16:56,295 [INFO] PluginManage:359 - Loaded plugin pinoutconfig (category:base,tabindex:0)
2024-03-24 16:16:56,296 [INFO] PluginManage:310 - Check plugin power
2024-03-24 16:16:56,307 [INFO] PluginManage:359 - Loaded plugin power (category:power,tabindex:4)
2024-03-24 16:16:56,307 [INFO] PluginManage:310 - Check plugin projectmanager
2024-03-24 16:16:56,318 [INFO] PluginManage:359 - Loaded plugin projectmanager (category:projectmanager,tabindex:3)
2024-03-24 16:16:56,318 [INFO] PluginManage:310 - Check plugin thirdparty
2024-03-24 16:16:56,494 [INFO] PluginManage:359 - Loaded plugin thirdparty (category:base,tabindex:-1)
2024-03-24 16:16:56,494 [INFO] PluginManage:310 - Check plugin tools
2024-03-24 16:16:56,494 [WARN] IntegrityCheckThread:84 - waiting for thirdparty lock release [integrity check]
2024-03-24 16:16:56,494 [INFO] IntegrityCheckThread:86 - entering critical section [integrity check]
2024-03-24 16:16:56,494 [INFO] ThirdPartyUpdaterWithRetryManager:70 - Updater plugin not ready yet. [1/15]
2024-03-24 16:16:56,535 [INFO] PluginManage:359 - Loaded plugin tools (category:base,tabindex:7)
2024-03-24 16:16:56,536 [INFO] PluginManage:310 - Check plugin tutovideos
2024-03-24 16:16:56,678 [INFO] PluginManage:359 - Loaded plugin tutovideos (category:base,tabindex:-1)
2024-03-24 16:16:56,678 [INFO] PluginManage:310 - Check plugin updater
2024-03-24 16:16:56,686 [INFO] PluginManage:359 - Loaded plugin updater (category:base,tabindex:12)
2024-03-24 16:16:56,686 [INFO] PluginManage:310 - Check plugin userauth
2024-03-24 16:16:56,690 [INFO] UserAuth:114 - Init User Auth plugin
2024-03-24 16:16:56,690 [INFO] PluginManage:359 - Loaded plugin userauth (category:base,tabindex:14)
2024-03-24 16:16:56,690 [INFO] PluginManage:283 - PluginManage : Loaded plugins [17]
2024-03-24 16:16:56,831 [INFO] PinOutPanel:1499 - setPackage(No Configuration,No Configuration)
2024-03-24 16:16:56,876 [INFO] CADModel:165 - CPN selected for project level
2024-03-24 16:16:56,876 [INFO] CADModel:114 - Register for checkConnection events
2024-03-24 16:16:56,893 [INFO] IPUIPlugin:80 - create IPUIPlugin
2024-03-24 16:16:56,894 [INFO] PluginManager:220 - loadIPPluginJar : add adc
2024-03-24 16:16:56,945 [INFO] IPUIPlugin:80 - create IPUIPlugin
2024-03-24 16:16:56,945 [INFO] PluginManager:220 - loadIPPluginJar : add aes
2024-03-24 16:16:57,010 [INFO] IPUIPlugin:80 - create IPUIPlugin
2024-03-24 16:16:57,011 [INFO] PluginManager:220 - loadIPPluginJar : add can
2024-03-24 16:16:57,034 [INFO] IPUIPlugin:80 - create IPUIPlugin
2024-03-24 16:16:57,034 [INFO] PluginManager:220 - loadIPPluginJar : add comp
2024-03-24 16:16:57,078 [INFO] IPUIPlugin:80 - create IPUIPlugin
2024-03-24 16:16:57,078 [INFO] PluginManager:220 - loadIPPluginJar : add cryp
2024-03-24 16:16:57,140 [INFO] IPUIPlugin:80 - create IPUIPlugin
2024-03-24 16:16:57,141 [INFO] PluginManager:220 - loadIPPluginJar : add dfsdm
2024-03-24 16:16:57,163 [INFO] IPUIPlugin:80 - create IPUIPlugin
2024-03-24 16:16:57,163 [INFO] PluginManager:220 - loadIPPluginJar : add dma
2024-03-24 16:16:57,246 [INFO] IPUIPlugin:80 - create IPUIPlugin
2024-03-24 16:16:57,246 [INFO] PluginManager:220 - loadIPPluginJar : add dma3
2024-03-24 16:16:57,283 [INFO] IPUIPlugin:80 - create IPUIPlugin
2024-03-24 16:16:57,283 [INFO] PluginManager:220 - loadIPPluginJar : add fatfs
2024-03-24 16:16:57,394 [INFO] IPUIPlugin:80 - create IPUIPlugin
2024-03-24 16:16:57,394 [INFO] PluginManager:220 - loadIPPluginJar : add fmc
2024-03-24 16:16:57,414 [INFO] IPUIPlugin:80 - create IPUIPlugin
2024-03-24 16:16:57,414 [INFO] PluginManager:220 - loadIPPluginJar : add freertos
2024-03-24 16:16:57,439 [INFO] IPUIPlugin:80 - create IPUIPlugin
2024-03-24 16:16:57,439 [INFO] PluginManager:220 - loadIPPluginJar : add genericplugin
2024-03-24 16:16:57,682 [INFO] IPUIPlugin:80 - create IPUIPlugin
2024-03-24 16:16:57,682 [INFO] PluginManager:220 - loadIPPluginJar : add gfxmmu
2024-03-24 16:16:58,018 [INFO] IPUIPlugin:80 - create IPUIPlugin
2024-03-24 16:16:58,019 [INFO] PluginManager:220 - loadIPPluginJar : add gic
2024-03-24 16:16:58,043 [INFO] IPUIPlugin:80 - create IPUIPlugin
2024-03-24 16:16:58,044 [INFO] PluginManager:220 - loadIPPluginJar : add gpio
2024-03-24 16:16:58,165 [INFO] IPUIPlugin:80 - create IPUIPlugin
2024-03-24 16:16:58,165 [INFO] PluginManager:220 - loadIPPluginJar : add gtzc
2024-03-24 16:16:58,214 [INFO] IPUIPlugin:80 - create IPUIPlugin
2024-03-24 16:16:58,214 [INFO] PluginManager:220 - loadIPPluginJar : add hash
2024-03-24 16:16:58,309 [INFO] IPUIPlugin:80 - create IPUIPlugin
2024-03-24 16:16:58,309 [INFO] PluginManager:220 - loadIPPluginJar : add i2c
2024-03-24 16:16:58,400 [INFO] IPUIPlugin:80 - create IPUIPlugin
2024-03-24 16:16:58,400 [INFO] PluginManager:220 - loadIPPluginJar : add i2s
2024-03-24 16:16:58,468 [INFO] IPUIPlugin:80 - create IPUIPlugin
2024-03-24 16:16:58,468 [INFO] PluginManager:220 - loadIPPluginJar : add i3c
2024-03-24 16:16:58,696 [INFO] IPUIPlugin:80 - create IPUIPlugin
2024-03-24 16:16:58,696 [INFO] PluginManager:220 - loadIPPluginJar : add ipddr
2024-03-24 16:16:58,915 [INFO] IPUIPlugin:80 - create IPUIPlugin
2024-03-24 16:16:58,915 [INFO] PluginManager:220 - loadIPPluginJar : add linkedlist
2024-03-24 16:16:58,980 [INFO] IPUIPlugin:80 - create IPUIPlugin
2024-03-24 16:16:58,981 [INFO] PluginManager:220 - loadIPPluginJar : add lorawan
2024-03-24 16:16:59,010 [INFO] IPUIPlugin:80 - create IPUIPlugin
2024-03-24 16:16:59,010 [INFO] PluginManager:220 - loadIPPluginJar : add ltdc
2024-03-24 16:16:59,019 [INFO] IPUIPlugin:80 - create IPUIPlugin
2024-03-24 16:16:59,019 [INFO] PluginManager:220 - loadIPPluginJar : add mdma
2024-03-24 16:16:59,026 [INFO] IPUIPlugin:80 - create IPUIPlugin
2024-03-24 16:16:59,027 [INFO] PluginManager:220 - loadIPPluginJar : add nvic
2024-03-24 16:16:59,086 [INFO] IPUIPlugin:80 - create IPUIPlugin
2024-03-24 16:16:59,086 [INFO] PluginManager:220 - loadIPPluginJar : add opamp
2024-03-24 16:16:59,147 [INFO] IPUIPlugin:80 - create IPUIPlugin
2024-03-24 16:16:59,148 [INFO] PluginManager:220 - loadIPPluginJar : add openamp
2024-03-24 16:16:59,244 [INFO] IPUIPlugin:80 - create IPUIPlugin
2024-03-24 16:16:59,244 [INFO] PluginManager:220 - loadIPPluginJar : add pdm2pcm
2024-03-24 16:16:59,260 [INFO] IPUIPlugin:80 - create IPUIPlugin
2024-03-24 16:16:59,262 [INFO] PluginManager:220 - loadIPPluginJar : add plateformsettings
2024-03-24 16:16:59,290 [INFO] IPUIPlugin:80 - create IPUIPlugin
2024-03-24 16:16:59,290 [INFO] PluginManager:220 - loadIPPluginJar : add quadspi
2024-03-24 16:16:59,303 [INFO] IPUIPlugin:80 - create IPUIPlugin
2024-03-24 16:16:59,303 [INFO] PluginManager:220 - loadIPPluginJar : add resmgrutility
2024-03-24 16:16:59,424 [INFO] IPUIPlugin:80 - create IPUIPlugin
2024-03-24 16:16:59,424 [INFO] PluginManager:220 - loadIPPluginJar : add sai
2024-03-24 16:16:59,482 [INFO] IPUIPlugin:80 - create IPUIPlugin
2024-03-24 16:16:59,483 [INFO] PluginManager:220 - loadIPPluginJar : add spi
2024-03-24 16:16:59,495 [INFO] ThirdPartyUpdaterWithRetryManager:70 - Updater plugin not ready yet. [2/15]
2024-03-24 16:16:59,634 [INFO] IPUIPlugin:80 - create IPUIPlugin
2024-03-24 16:16:59,635 [INFO] PluginManager:220 - loadIPPluginJar : add stm32_wpan
2024-03-24 16:16:59,668 [INFO] IPUIPlugin:80 - create IPUIPlugin
2024-03-24 16:16:59,668 [INFO] PluginManager:220 - loadIPPluginJar : add tim
2024-03-24 16:16:59,741 [INFO] IPUIPlugin:80 - create IPUIPlugin
2024-03-24 16:16:59,742 [INFO] PluginManager:220 - loadIPPluginJar : add touchsensing
2024-03-24 16:16:59,781 [INFO] IPUIPlugin:80 - create IPUIPlugin
2024-03-24 16:16:59,781 [INFO] PluginManager:220 - loadIPPluginJar : add tracer_emb
2024-03-24 16:16:59,824 [INFO] IPUIPlugin:80 - create IPUIPlugin
2024-03-24 16:16:59,824 [INFO] PluginManager:220 - loadIPPluginJar : add ts
2024-03-24 16:16:59,853 [INFO] IPUIPlugin:80 - create IPUIPlugin
2024-03-24 16:16:59,853 [INFO] PluginManager:220 - loadIPPluginJar : add tsc
2024-03-24 16:16:59,883 [INFO] IPUIPlugin:80 - create IPUIPlugin
2024-03-24 16:16:59,883 [INFO] PluginManager:220 - loadIPPluginJar : add ucpd
2024-03-24 16:16:59,979 [INFO] IPUIPlugin:80 - create IPUIPlugin
2024-03-24 16:16:59,979 [INFO] PluginManager:220 - loadIPPluginJar : add usart
2024-03-24 16:17:00,076 [INFO] IPUIPlugin:80 - create IPUIPlugin
2024-03-24 16:17:00,076 [INFO] PluginManager:220 - loadIPPluginJar : add usbx
2024-03-24 16:17:00,196 [INFO] CADModel:165 - CPN selected for project level
2024-03-24 16:17:00,197 [INFO] CADModel:114 - Register for checkConnection events
2024-03-24 16:17:00,197 [FATAL] Updater:308 - Updater called before beeing initialized
2024-03-24 16:17:00,197 [ERROR] CADModel:125 - Updater not yet initialized, retry later 
2024-03-24 16:17:00,307 [INFO] CADModel:165 - CPN selected for project level
2024-03-24 16:17:00,307 [INFO] CADModel:114 - Register for checkConnection events
2024-03-24 16:17:00,307 [FATAL] Updater:308 - Updater called before beeing initialized
2024-03-24 16:17:00,307 [ERROR] CADModel:125 - Updater not yet initialized, retry later 
2024-03-24 16:17:00,309 [FATAL] Updater:308 - Updater called before beeing initialized
2024-03-24 16:17:00,378 [FATAL] Updater:308 - Updater called before beeing initialized
2024-03-24 16:17:00,388 [INFO] DbMcusAds:53 - JSON generation date=Wed Nov 29 13:52:27 TRT 2023 (1701255147349)
2024-03-24 16:17:00,388 [FATAL] Updater:308 - Updater called before beeing initialized
2024-03-24 16:17:00,439 [WARN] DetailPanel:346 - Failed to get advertising image, set to default
2024-03-24 16:17:00,493 [FATAL] Updater:308 - Updater called before beeing initialized
2024-03-24 16:17:00,496 [FATAL] Updater:308 - Updater called before beeing initialized
2024-03-24 16:17:00,496 [FATAL] Updater:308 - Updater called before beeing initialized
2024-03-24 16:17:00,496 [WARN] DetailPanel:346 - Failed to get advertising image, set to default
2024-03-24 16:17:00,496 [FATAL] Updater:308 - Updater called before beeing initialized
2024-03-24 16:17:00,545 [ERROR] Updater:1120 - MainUpdater not yet initialized. External WinMGr cannot be set.
2024-03-24 16:17:00,552 [INFO] Updater:1056 - Updater Version found : 6.10.0
2024-03-24 16:17:00,574 [INFO] ApplicationProperties:184 - Using Application install path: C:\ST\STM32CubeIDE_1.14.0\STM32CubeIDE\plugins\com.st.stm32cube.common.mx_6.10.0.202311202037
2024-03-24 16:17:02,147 [ERROR] LogOutputStream:75 - [STDERR_REDIRECT] Mar 24, 2024 4:17:02 PM java.util.prefs.WindowsPreferences <init>
2024-03-24 16:17:02,149 [ERROR] LogOutputStream:75 - [STDERR_REDIRECT] WARNING: Could not open/create prefs root node Software\JavaSoft\Prefs at root 0xffffffff80000002. Windows RegCreateKeyEx(...) returned error code 5.
2024-03-24 16:17:02,149 [ERROR] LogOutputStream:75 - [STDERR_REDIRECT] 
2024-03-24 16:17:02,461 [INFO] MainUpdater:2873 - connection check result : 10
2024-03-24 16:17:02,462 [INFO] MainUpdater:290 - Updater Check For Update Now.
2024-03-24 16:17:02,462 [INFO] MicroXplorer:498 - Change Database Version : DB.6.0.100
2024-03-24 16:17:02,478 [INFO] McuFinderGlobals:63 - Set McuFinder mode to 2 (CubeIDE integrated)
2024-03-24 16:17:02,478 [INFO] UserAuth:180 - activating auth plugin
2024-03-24 16:17:02,481 [INFO] UserAuth:404 - Internet connection configuration mode: 1
2024-03-24 16:17:02,496 [WARN] MainUpdater:1194 - Updater busy. Cannot search thirdparties
2024-03-24 16:17:02,496 [INFO] ThirdPartyUpdaterWithRetryManager:96 - Updater plugin is busy. [1/15]
2024-03-24 16:17:02,514 [INFO] JxBrowserEngine:152 - Initiate JxBrowser Engine with user profile folder
2024-03-24 16:17:02,625 [INFO] CheckServerUpdateThread:120 - End of CheckServer Thread
2024-03-24 16:17:04,229 [INFO] WebApp:161 - Instantiating new browser for Auth
2024-03-24 16:17:04,591 [INFO] WebApp:780 - Register for checkConnection events
2024-03-24 16:17:04,591 [INFO] WebApp:414 - Apply proxy settings
2024-03-24 16:17:04,591 [INFO] WebApp:499 - Chromium requires no authentication
2024-03-24 16:17:04,596 [INFO] WebApp:442 - Direct internet connection detected
2024-03-24 16:17:04,704 [INFO] WebApp:192 - Starting web application
2024-03-24 16:17:04,704 [INFO] WebApp:544 - Web application path used C:\ST\STM32CubeIDE_1.14.0\STM32CubeIDE\plugins\com.st.stm32cube.common.mx_6.10.0.202311202037\db\plugins\mcufinder\reactClient1\index.html
2024-03-24 16:17:05,576 [WARN] PackLoader:240 - Cannot read IP mode file for STMicroelectronics.X-CUBE-SMBUS.2.1.0
2024-03-24 16:17:05,602 [WARN] PackLoader:240 - Cannot read IP mode file for STMicroelectronics.X-CUBE-AZRTOS-F7.1.1.0
2024-03-24 16:17:05,613 [WARN] PackLoader:240 - Cannot read IP mode file for STMicroelectronics.FP-SNS-MOTENV1.4.3.2
2024-03-24 16:17:05,621 [WARN] PackLoader:240 - Cannot read IP mode file for STMicroelectronics.FP-SNS-FLIGHT1.5.0.2
2024-03-24 16:17:05,630 [WARN] PackLoader:240 - Cannot read IP mode file for STMicroelectronics.X-CUBE-DISPLAY.3.0.0
2024-03-24 16:17:05,643 [WARN] PackLoader:240 - Cannot read IP mode file for STMicroelectronics.X-CUBE-BLE1.7.0.0
2024-03-24 16:17:05,653 [WARN] PackLoader:240 - Cannot read IP mode file for STMicroelectronics.X-CUBE-BLEMGR.3.1.0
2024-03-24 16:17:05,662 [WARN] PackLoader:240 - Cannot read IP mode file for STMicroelectronics.FP-SNS-SMARTAG2.1.2.0
2024-03-24 16:17:05,677 [INFO] LogOutputStream:77 - [STDOUT_REDIRECT] 1 : Invalid condition id : UX_CORESTACK_Condition cause : null
2024-03-24 16:17:05,677 [INFO] LogOutputStream:77 - [STDOUT_REDIRECT] 1 : Invalid condition id : UX_CORESTACK_Condition cause : null
2024-03-24 16:17:05,678 [INFO] LogOutputStream:77 - [STDOUT_REDIRECT] 1 : Invalid condition id : UX_CORESTACK_Condition cause : null
2024-03-24 16:17:05,679 [INFO] LogOutputStream:77 - [STDOUT_REDIRECT] 1 : Invalid condition id : UX_CORESTACK_Condition cause : null
2024-03-24 16:17:05,680 [INFO] LogOutputStream:77 - [STDOUT_REDIRECT] 1 : Invalid condition id : UX_CORESTACK_Condition cause : null
2024-03-24 16:17:05,681 [WARN] PackLoader:240 - Cannot read IP mode file for STMicroelectronics.X-CUBE-AZRTOS-WL.2.0.0
2024-03-24 16:17:05,691 [WARN] PackLoader:240 - Cannot read IP mode file for WES.I-CUBE-Cesium.1.3.0
2024-03-24 16:17:05,700 [WARN] PackLoader:240 - Cannot read IP mode file for STMicroelectronics.X-CUBE-BLE2.3.3.0
2024-03-24 16:17:05,707 [WARN] PackLoader:240 - Cannot read IP mode file for STMicroelectronics.X-CUBE-ALGOBUILD.1.3.0
2024-03-24 16:17:05,727 [WARN] PackLoader:240 - Cannot read IP mode file for STMicroelectronics.X-CUBE-AZRTOS-G0.1.1.0
2024-03-24 16:17:05,738 [WARN] PackLoader:240 - Cannot read IP mode file for STMicroelectronics.X-CUBE-NFC4.3.0.0
2024-03-24 16:17:05,747 [WARN] PackLoader:240 - Cannot read IP mode file for STMicroelectronics.X-CUBE-BLEMGR.3.0.0
2024-03-24 16:17:05,755 [WARN] PackLoader:240 - Cannot read IP mode file for STMicroelectronics.FP-ATR-SIGFOX1.3.2.0
2024-03-24 16:17:05,763 [WARN] PackLoader:240 - Cannot read IP mode file for STMicroelectronics.X-CUBE-EEPRMA1.5.1.0
2024-03-24 16:17:05,784 [WARN] PackLoader:240 - Cannot read IP mode file for SEGGER.I-CUBE-embOS.1.3.1
2024-03-24 16:17:05,808 [WARN] PackLoader:240 - Cannot read IP mode file for STMicroelectronics.X-CUBE-GNSS1.6.0.0
2024-03-24 16:17:05,823 [WARN] PackLoader:240 - Cannot read IP mode file for STMicroelectronics.X-CUBE-AZRTOS-F4.1.1.0
2024-03-24 16:17:05,839 [WARN] PackLoader:240 - Cannot read IP mode file for STMicroelectronics.X-CUBE-AZRTOS-L5.2.0.0
2024-03-24 16:17:05,848 [WARN] PackLoader:240 - Cannot read IP mode file for STMicroelectronics.X-CUBE-EEPRMA1.4.2.0
2024-03-24 16:17:05,857 [WARN] PackLoader:240 - Cannot read IP mode file for STMicroelectronics.X-CUBE-NFC6.3.1.0
2024-03-24 16:17:05,865 [WARN] PackLoader:240 - Cannot read IP mode file for ITTIA_DB.I-CUBE-ITTIADB.8.8.0
2024-03-24 16:17:05,871 [WARN] PackLoader:240 - Cannot read IP mode file for STMicroelectronics.X-CUBE-NFC7.1.0.1
2024-03-24 16:17:05,878 [WARN] PackLoader:240 - Cannot read IP mode file for STMicroelectronics.X-CUBE-NFC6.3.0.0
2024-03-24 16:17:05,886 [WARN] PackLoader:240 - Cannot read IP mode file for STMicroelectronics.X-CUBE-AI.8.1.0
2024-03-24 16:17:05,900 [WARN] ConditionMgr:438 - getConditionDescription Invalid condition id : LAN8742 Phy interface Condition cause : null
2024-03-24 16:17:05,901 [WARN] PackLoader:240 - Cannot read IP mode file for STMicroelectronics.X-CUBE-AZRTOS-L4.2.0.0
2024-03-24 16:17:05,901 [WARN] ConditionMgr:1039 - genDependencies : Invalid condition id : LAN8742 Phy interface Condition cause : null
2024-03-24 16:17:05,901 [WARN] ConditionMgr:1039 - genDependencies : Invalid condition id : LAN8742 Phy interface Condition cause : null
2024-03-24 16:17:05,902 [WARN] ConditionMgr:1039 - genDependencies : Invalid condition id : LAN8742 Phy interface Condition cause : null
2024-03-24 16:17:05,913 [WARN] PackLoader:240 - Cannot read IP mode file for STMicroelectronics.X-CUBE-SFXS2LP1.4.0.0
2024-03-24 16:17:05,927 [WARN] ConditionMgr:438 - getConditionDescription Invalid condition id : UX DEVICE CLASS RTOS Condition cause : null
2024-03-24 16:17:05,927 [WARN] ConditionMgr:438 - getConditionDescription Invalid condition id : UX DEVICE CLASS RTOS Condition cause : null
2024-03-24 16:17:05,928 [WARN] PackLoader:240 - Cannot read IP mode file for STMicroelectronics.X-CUBE-AZRTOS-WB.2.0.0
2024-03-24 16:17:05,928 [WARN] ConditionMgr:1039 - genDependencies : Invalid condition id : UX DEVICE CLASS RTOS Condition cause : null
2024-03-24 16:17:05,928 [WARN] ConditionMgr:1039 - genDependencies : Invalid condition id : UX DEVICE CLASS RTOS Condition cause : null
2024-03-24 16:17:05,929 [WARN] ConditionMgr:1039 - genDependencies : Invalid condition id : UX DEVICE CLASS RTOS Condition cause : null
2024-03-24 16:17:05,929 [WARN] ConditionMgr:1039 - genDependencies : Invalid condition id : UX DEVICE CLASS RTOS Condition cause : null
2024-03-24 16:17:05,929 [WARN] ConditionMgr:1039 - genDependencies : Invalid condition id : UX DEVICE CLASS RTOS Condition cause : null
2024-03-24 16:17:05,939 [WARN] PackLoader:240 - Cannot read IP mode file for STMicroelectronics.X-CUBE-SUBG2.5.0.0
2024-03-24 16:17:05,953 [WARN] PackLoader:240 - Cannot read IP mode file for STMicroelectronics.X-CUBE-AZRTOS-G4.2.0.0
2024-03-24 16:17:05,964 [WARN] PackLoader:240 - Cannot read IP mode file for Infineon.AIROC-Wi-Fi-Bluetooth-STM32.1.5.1
2024-03-24 16:17:05,989 [WARN] PackLoader:240 - Cannot read IP mode file for STMicroelectronics.X-CUBE-MEMS1.10.0.0
2024-03-24 16:17:06,053 [WARN] PackLoader:240 - Cannot read IP mode file for STMicroelectronics.X-CUBE-FREERTOS.1.1.0
2024-03-24 16:17:06,077 [WARN] PackLoader:240 - Cannot read IP mode file for portGmbH.I-Cube-SoM-uGOAL.1.1.0
2024-03-24 16:17:06,090 [WARN] PackLoader:240 - Cannot read IP mode file for STMicroelectronics.X-CUBE-ALS.1.0.1
2024-03-24 16:17:06,098 [WARN] PackLoader:240 - Cannot read IP mode file for STMicroelectronics.FP-ATR-ASTRA1.2.0.0
2024-03-24 16:17:06,110 [WARN] PackLoader:240 - Cannot read IP mode file for STMicroelectronics.X-CUBE-TOF1.3.4.0
2024-03-24 16:17:06,126 [WARN] PackLoader:240 - Cannot read IP mode file for STMicroelectronics.X-CUBE-TOF1.3.4.1
2024-03-24 16:17:06,131 [INFO] ThirdParty:978 - Integrity check success = true
2024-03-24 16:17:06,131 [INFO] IntegrityCheckThread:100 - exiting critical section [integrity check]
2024-03-24 16:17:06,131 [INFO] IntegrityCheckThread:103 - End integrity checks thread
2024-03-24 16:17:25,241 [ERROR] LogOutputStream:75 - [STDERR_REDIRECT] SLF4J: Failed to load class "org.slf4j.impl.StaticLoggerBinder".
2024-03-24 16:17:25,242 [ERROR] LogOutputStream:75 - [STDERR_REDIRECT] SLF4J: Defaulting to no-operation (NOP) logger implementation
2024-03-24 16:17:25,242 [ERROR] LogOutputStream:75 - [STDERR_REDIRECT] SLF4J: See http://www.slf4j.org/codes.html#StaticLoggerBinder for further details.
2024-03-24 16:44:17,839 [ERROR] ConfigurationRetriever:142 - IOException on connection: Read timed out
2024-03-24 16:44:19,862 [ERROR] ConfigurationRetriever:142 - IOException on connection: Read timed out
2024-03-24 16:44:21,884 [ERROR] ConfigurationRetriever:142 - IOException on connection: Read timed out
2024-03-24 16:44:23,921 [ERROR] ConfigurationRetriever:142 - IOException on connection: Read timed out
2024-03-24 16:44:25,943 [ERROR] ConfigurationRetriever:142 - IOException on connection: Read timed out
2024-03-24 16:44:27,969 [ERROR] ConfigurationRetriever:142 - IOException on connection: Read timed out
