2024-04-12 20:47:31,555 [INFO] Activator:176 - 


2024-04-12 20:47:31,558 [INFO] Activator:177 - !SESSION log4j initialized
2024-04-12 20:47:36,207 [INFO] LogOutputStream:77 - [STDOUT_REDIRECT] 
2024-04-12 22:03:01,250 [INFO] ApplicationProperties:184 - Using Application install path: C:\ST\STM32CubeIDE_1.14.0\STM32CubeIDE\plugins\com.st.stm32cube.common.mx_6.10.0.202311202037
2024-04-12 22:03:01,266 [INFO] DbMcusXml:78 - Set database path to: C:\ST\STM32CubeIDE_1.14.0\STM32CubeIDE\plugins\com.st.stm32cube.common.mx_6.10.0.202311202037\\db\/mcu/
2024-04-12 22:03:01,266 [INFO] ApiDb:274 - Set plugin database path to: C:\ST\STM32CubeIDE_1.14.0\STM32CubeIDE\plugins\com.st.stm32cube.common.mx_6.10.0.202311202037\\db\/plugins/boardmanager/
2024-04-12 22:03:01,267 [WARN] ApiDb:259 - Overriding images path with different value:  => C:\ST\STM32CubeIDE_1.14.0\STM32CubeIDE\plugins\com.st.stm32cube.common.mx_6.10.0.202311202037\\db\/plugins/mcufinder/images/
2024-04-12 22:03:01,274 [INFO] ApiDb:250 - Set database path to: C:\Users\Ahmet\.stmcufinder\plugins\mcufinder//mcu/
2024-04-12 22:03:01,275 [INFO] DbMcusAds:125 - Set database path to: C:\Users\Ahmet\.stmcufinder\plugins\mcufinder//mcu/
2024-04-12 22:03:01,569 [INFO] CrossReferenceDbSqlite:203 - Set database path to: C:\Users\Ahmet\.stmcufinder\plugins\mcufinder//mcu/cs/
2024-04-12 22:03:01,652 [INFO] RulesReader:64 - Compatibility file has been processed (297 Rules)
2024-04-12 22:03:01,708 [INFO] DbMcusXml:78 - Set database path to: C:\ST\STM32CubeIDE_1.14.0\STM32CubeIDE\plugins\com.st.stm32cube.common.mx_6.10.0.202311202037\\db\/mcu/
2024-04-12 22:03:01,708 [INFO] ApiDb:274 - Set plugin database path to: C:\ST\STM32CubeIDE_1.14.0\STM32CubeIDE\plugins\com.st.stm32cube.common.mx_6.10.0.202311202037\\db\/plugins/boardmanager/
2024-04-12 22:03:01,708 [INFO] ApiDb:261 - Set plugin images path to: C:\ST\STM32CubeIDE_1.14.0\STM32CubeIDE\plugins\com.st.stm32cube.common.mx_6.10.0.202311202037\\db\/plugins/mcufinder/images/
2024-04-12 22:03:01,708 [WARN] DbFile:41 - Overriding database path with different value: C:\Users\Ahmet\.stmcufinder\plugins\mcufinder/ => C:\Users\Ahmet\.stmcufinder\plugins\mcufinder
2024-04-12 22:03:01,708 [INFO] ApiDb:250 - Set database path to: C:\Users\Ahmet\.stmcufinder\plugins\mcufinder//mcu/
2024-04-12 22:03:01,708 [WARN] DbFile:41 - Overriding database path with different value: C:\Users\Ahmet\.stmcufinder\plugins\mcufinder/ => C:\Users\Ahmet\.stmcufinder\plugins\mcufinder
2024-04-12 22:03:01,708 [INFO] DbMcusAds:125 - Set database path to: C:\Users\Ahmet\.stmcufinder\plugins\mcufinder//mcu/
2024-04-12 22:03:01,708 [WARN] DbFile:41 - Overriding database path with different value: C:\Users\Ahmet\.stmcufinder\plugins\mcufinder/ => C:\Users\Ahmet\.stmcufinder\plugins\mcufinder
2024-04-12 22:03:01,708 [WARN] DbFile:41 - Overriding database path with different value: C:\Users\Ahmet\.stmcufinder\plugins\mcufinder/ => C:\Users\Ahmet\.stmcufinder\plugins\mcufinder
2024-04-12 22:03:01,709 [INFO] CrossReferenceDbSqlite:203 - Set database path to: C:\Users\Ahmet\.stmcufinder\plugins\mcufinder//mcu/cs/
2024-04-12 22:03:01,758 [INFO] MainPanel:264 - HeapMemory: 268435456
2024-04-12 22:03:01,816 [INFO] DbMcusXml:78 - Set database path to: C:\ST\STM32CubeIDE_1.14.0\STM32CubeIDE\plugins\com.st.stm32cube.common.mx_6.10.0.202311202037\\db\/mcu/
2024-04-12 22:03:01,817 [INFO] ApiDb:274 - Set plugin database path to: C:\ST\STM32CubeIDE_1.14.0\STM32CubeIDE\plugins\com.st.stm32cube.common.mx_6.10.0.202311202037\\db\/plugins/boardmanager/
2024-04-12 22:03:01,817 [INFO] ApiDb:261 - Set plugin images path to: C:\ST\STM32CubeIDE_1.14.0\STM32CubeIDE\plugins\com.st.stm32cube.common.mx_6.10.0.202311202037\\db\/plugins/mcufinder/images/
2024-04-12 22:03:01,817 [WARN] DbFile:41 - Overriding database path with different value: C:\Users\Ahmet\.stmcufinder\plugins\mcufinder/ => C:\Users\Ahmet\.stmcufinder\plugins\mcufinder
2024-04-12 22:03:01,817 [INFO] ApiDb:250 - Set database path to: C:\Users\Ahmet\.stmcufinder\plugins\mcufinder//mcu/
2024-04-12 22:03:01,817 [WARN] DbFile:41 - Overriding database path with different value: C:\Users\Ahmet\.stmcufinder\plugins\mcufinder/ => C:\Users\Ahmet\.stmcufinder\plugins\mcufinder
2024-04-12 22:03:01,817 [INFO] DbMcusAds:125 - Set database path to: C:\Users\Ahmet\.stmcufinder\plugins\mcufinder//mcu/
2024-04-12 22:03:01,817 [WARN] DbFile:41 - Overriding database path with different value: C:\Users\Ahmet\.stmcufinder\plugins\mcufinder/ => C:\Users\Ahmet\.stmcufinder\plugins\mcufinder
2024-04-12 22:03:01,817 [WARN] DbFile:41 - Overriding database path with different value: C:\Users\Ahmet\.stmcufinder\plugins\mcufinder/ => C:\Users\Ahmet\.stmcufinder\plugins\mcufinder
2024-04-12 22:03:01,817 [INFO] CrossReferenceDbSqlite:203 - Set database path to: C:\Users\Ahmet\.stmcufinder\plugins\mcufinder//mcu/cs/
2024-04-12 22:03:01,828 [INFO] ApplicationProperties:184 - Using Application install path: C:\ST\STM32CubeIDE_1.14.0\STM32CubeIDE\plugins\com.st.stm32cube.common.mx_6.10.0.202311202037
2024-04-12 22:03:01,829 [INFO] PluginManage:196 - Search for loadable plugins [exclusion list=, ]
2024-04-12 22:03:01,830 [INFO] PluginManage:310 - Check plugin analytics
2024-04-12 22:03:01,982 [INFO] AnalyticsPlugin:253 - Accepted Software Licenses: 
2024-04-12 22:03:01,982 [INFO] AnalyticsPlugin:255 - Accepted CMSIS Pack Licenses: 
2024-04-12 22:03:01,982 [INFO] AnalyticsPlugin:257 - Accepted Firmware Licenses: FW.L4.1.18.0,FW.F4.1.27.0
2024-04-12 22:03:01,985 [INFO] PluginManage:359 - Loaded plugin analytics (category:tool,tabindex:-1)
2024-04-12 22:03:01,985 [INFO] PluginManage:310 - Check plugin cadmodel
2024-04-12 22:03:01,997 [INFO] CADModel:105 - Init CAD model plugin
2024-04-12 22:03:01,997 [INFO] PluginManage:359 - Loaded plugin cadmodel (category:power,tabindex:5)
2024-04-12 22:03:01,997 [INFO] PluginManage:310 - Check plugin clock
2024-04-12 22:03:02,013 [INFO] PluginManage:359 - Loaded plugin clock (category:base,tabindex:2)
2024-04-12 22:03:02,014 [INFO] PluginManage:310 - Check plugin ddr
2024-04-12 22:03:02,015 [INFO] PluginManage:359 - Loaded plugin ddr (category:tool,tabindex:6)
2024-04-12 22:03:02,016 [INFO] PluginManage:310 - Check plugin filemanager
2024-04-12 22:03:02,108 [INFO] PluginManage:359 - Loaded plugin filemanager (category:base,tabindex:10)
2024-04-12 22:03:02,108 [INFO] PluginManage:310 - Check plugin ipmanager
2024-04-12 22:03:02,111 [INFO] PluginManage:359 - Loaded plugin ipmanager (category:base,tabindex:5)
2024-04-12 22:03:02,111 [INFO] PluginManage:310 - Check plugin lpbam
2024-04-12 22:03:02,122 [INFO] PluginManage:359 - Loaded plugin lpbam (category:base,tabindex:0)
2024-04-12 22:03:02,122 [INFO] PluginManage:310 - Check plugin memorymap
2024-04-12 22:03:02,136 [INFO] PluginManage:359 - Loaded plugin memorymap (category:base,tabindex:4)
2024-04-12 22:03:02,136 [INFO] PluginManage:310 - Check plugin pinoutandconfiguration
2024-04-12 22:03:02,149 [INFO] PluginManage:359 - Loaded plugin pinoutandconfiguration (category:base,tabindex:1)
2024-04-12 22:03:02,150 [INFO] PluginManage:310 - Check plugin pinoutconfig
2024-04-12 22:03:02,222 [WARN] SupportedApi:132 - Cannot load RTOS API schema: s4s-elt-must-match.1: The content of 'definitions' must match (annotation?, (simpleType | complexType)?, (unique | key | keyref)*)). A problem was found starting at: attribute.
2024-04-12 22:03:02,309 [INFO] PluginManage:359 - Loaded plugin pinoutconfig (category:base,tabindex:0)
2024-04-12 22:03:02,309 [INFO] PluginManage:310 - Check plugin power
2024-04-12 22:03:02,322 [INFO] PluginManage:359 - Loaded plugin power (category:power,tabindex:4)
2024-04-12 22:03:02,322 [INFO] PluginManage:310 - Check plugin projectmanager
2024-04-12 22:03:02,333 [INFO] PluginManage:359 - Loaded plugin projectmanager (category:projectmanager,tabindex:3)
2024-04-12 22:03:02,334 [INFO] PluginManage:310 - Check plugin thirdparty
2024-04-12 22:03:02,502 [INFO] PluginManage:359 - Loaded plugin thirdparty (category:base,tabindex:-1)
2024-04-12 22:03:02,502 [INFO] PluginManage:310 - Check plugin tools
2024-04-12 22:03:02,502 [WARN] IntegrityCheckThread:84 - waiting for thirdparty lock release [integrity check]
2024-04-12 22:03:02,502 [INFO] IntegrityCheckThread:86 - entering critical section [integrity check]
2024-04-12 22:03:02,502 [INFO] ThirdPartyUpdaterWithRetryManager:70 - Updater plugin not ready yet. [1/15]
2024-04-12 22:03:02,523 [INFO] PluginManage:359 - Loaded plugin tools (category:base,tabindex:7)
2024-04-12 22:03:02,523 [INFO] PluginManage:310 - Check plugin tutovideos
2024-04-12 22:03:02,653 [INFO] PluginManage:359 - Loaded plugin tutovideos (category:base,tabindex:-1)
2024-04-12 22:03:02,654 [INFO] PluginManage:310 - Check plugin updater
2024-04-12 22:03:02,662 [INFO] PluginManage:359 - Loaded plugin updater (category:base,tabindex:12)
2024-04-12 22:03:02,662 [INFO] PluginManage:310 - Check plugin userauth
2024-04-12 22:03:02,665 [INFO] UserAuth:114 - Init User Auth plugin
2024-04-12 22:03:02,665 [INFO] PluginManage:359 - Loaded plugin userauth (category:base,tabindex:14)
2024-04-12 22:03:02,665 [INFO] PluginManage:283 - PluginManage : Loaded plugins [17]
2024-04-12 22:03:02,803 [INFO] PinOutPanel:1499 - setPackage(No Configuration,No Configuration)
2024-04-12 22:03:02,847 [INFO] CADModel:165 - CPN selected for project level
2024-04-12 22:03:02,848 [INFO] CADModel:114 - Register for checkConnection events
2024-04-12 22:03:02,867 [INFO] IPUIPlugin:80 - create IPUIPlugin
2024-04-12 22:03:02,867 [INFO] PluginManager:220 - loadIPPluginJar : add adc
2024-04-12 22:03:02,887 [INFO] IPUIPlugin:80 - create IPUIPlugin
2024-04-12 22:03:02,887 [INFO] PluginManager:220 - loadIPPluginJar : add aes
2024-04-12 22:03:02,909 [INFO] IPUIPlugin:80 - create IPUIPlugin
2024-04-12 22:03:02,909 [INFO] PluginManager:220 - loadIPPluginJar : add can
2024-04-12 22:03:02,921 [INFO] IPUIPlugin:80 - create IPUIPlugin
2024-04-12 22:03:02,922 [INFO] PluginManager:220 - loadIPPluginJar : add comp
2024-04-12 22:03:02,939 [INFO] IPUIPlugin:80 - create IPUIPlugin
2024-04-12 22:03:02,939 [INFO] PluginManager:220 - loadIPPluginJar : add cryp
2024-04-12 22:03:02,955 [INFO] IPUIPlugin:80 - create IPUIPlugin
2024-04-12 22:03:02,956 [INFO] PluginManager:220 - loadIPPluginJar : add dfsdm
2024-04-12 22:03:02,964 [INFO] IPUIPlugin:80 - create IPUIPlugin
2024-04-12 22:03:02,964 [INFO] PluginManager:220 - loadIPPluginJar : add dma
2024-04-12 22:03:02,996 [INFO] IPUIPlugin:80 - create IPUIPlugin
2024-04-12 22:03:02,996 [INFO] PluginManager:220 - loadIPPluginJar : add dma3
2024-04-12 22:03:03,007 [INFO] IPUIPlugin:80 - create IPUIPlugin
2024-04-12 22:03:03,007 [INFO] PluginManager:220 - loadIPPluginJar : add fatfs
2024-04-12 22:03:03,032 [INFO] IPUIPlugin:80 - create IPUIPlugin
2024-04-12 22:03:03,032 [INFO] PluginManager:220 - loadIPPluginJar : add fmc
2024-04-12 22:03:03,041 [INFO] IPUIPlugin:80 - create IPUIPlugin
2024-04-12 22:03:03,041 [INFO] PluginManager:220 - loadIPPluginJar : add freertos
2024-04-12 22:03:03,053 [INFO] IPUIPlugin:80 - create IPUIPlugin
2024-04-12 22:03:03,053 [INFO] PluginManager:220 - loadIPPluginJar : add genericplugin
2024-04-12 22:03:03,103 [INFO] IPUIPlugin:80 - create IPUIPlugin
2024-04-12 22:03:03,105 [INFO] PluginManager:220 - loadIPPluginJar : add gfxmmu
2024-04-12 22:03:03,180 [INFO] IPUIPlugin:80 - create IPUIPlugin
2024-04-12 22:03:03,180 [INFO] PluginManager:220 - loadIPPluginJar : add gic
2024-04-12 22:03:03,197 [INFO] IPUIPlugin:80 - create IPUIPlugin
2024-04-12 22:03:03,197 [INFO] PluginManager:220 - loadIPPluginJar : add gpio
2024-04-12 22:03:03,248 [INFO] IPUIPlugin:80 - create IPUIPlugin
2024-04-12 22:03:03,248 [INFO] PluginManager:220 - loadIPPluginJar : add gtzc
2024-04-12 22:03:03,278 [INFO] IPUIPlugin:80 - create IPUIPlugin
2024-04-12 22:03:03,278 [INFO] PluginManager:220 - loadIPPluginJar : add hash
2024-04-12 22:03:03,305 [INFO] IPUIPlugin:80 - create IPUIPlugin
2024-04-12 22:03:03,305 [INFO] PluginManager:220 - loadIPPluginJar : add i2c
2024-04-12 22:03:03,326 [INFO] IPUIPlugin:80 - create IPUIPlugin
2024-04-12 22:03:03,326 [INFO] PluginManager:220 - loadIPPluginJar : add i2s
2024-04-12 22:03:03,348 [INFO] IPUIPlugin:80 - create IPUIPlugin
2024-04-12 22:03:03,348 [INFO] PluginManager:220 - loadIPPluginJar : add i3c
2024-04-12 22:03:03,404 [INFO] IPUIPlugin:80 - create IPUIPlugin
2024-04-12 22:03:03,404 [INFO] PluginManager:220 - loadIPPluginJar : add ipddr
2024-04-12 22:03:03,453 [INFO] IPUIPlugin:80 - create IPUIPlugin
2024-04-12 22:03:03,453 [INFO] PluginManager:220 - loadIPPluginJar : add linkedlist
2024-04-12 22:03:03,473 [INFO] IPUIPlugin:80 - create IPUIPlugin
2024-04-12 22:03:03,473 [INFO] PluginManager:220 - loadIPPluginJar : add lorawan
2024-04-12 22:03:03,493 [INFO] IPUIPlugin:80 - create IPUIPlugin
2024-04-12 22:03:03,494 [INFO] PluginManager:220 - loadIPPluginJar : add ltdc
2024-04-12 22:03:03,503 [INFO] IPUIPlugin:80 - create IPUIPlugin
2024-04-12 22:03:03,504 [INFO] PluginManager:220 - loadIPPluginJar : add mdma
2024-04-12 22:03:03,513 [INFO] IPUIPlugin:80 - create IPUIPlugin
2024-04-12 22:03:03,514 [INFO] PluginManager:220 - loadIPPluginJar : add nvic
2024-04-12 22:03:03,536 [INFO] IPUIPlugin:80 - create IPUIPlugin
2024-04-12 22:03:03,536 [INFO] PluginManager:220 - loadIPPluginJar : add opamp
2024-04-12 22:03:03,568 [INFO] IPUIPlugin:80 - create IPUIPlugin
2024-04-12 22:03:03,568 [INFO] PluginManager:220 - loadIPPluginJar : add openamp
2024-04-12 22:03:03,591 [INFO] IPUIPlugin:80 - create IPUIPlugin
2024-04-12 22:03:03,591 [INFO] PluginManager:220 - loadIPPluginJar : add pdm2pcm
2024-04-12 22:03:03,601 [INFO] IPUIPlugin:80 - create IPUIPlugin
2024-04-12 22:03:03,602 [INFO] PluginManager:220 - loadIPPluginJar : add plateformsettings
2024-04-12 22:03:03,614 [INFO] IPUIPlugin:80 - create IPUIPlugin
2024-04-12 22:03:03,614 [INFO] PluginManager:220 - loadIPPluginJar : add quadspi
2024-04-12 22:03:03,623 [INFO] IPUIPlugin:80 - create IPUIPlugin
2024-04-12 22:03:03,623 [INFO] PluginManager:220 - loadIPPluginJar : add resmgrutility
2024-04-12 22:03:03,650 [INFO] IPUIPlugin:80 - create IPUIPlugin
2024-04-12 22:03:03,650 [INFO] PluginManager:220 - loadIPPluginJar : add sai
2024-04-12 22:03:03,670 [INFO] IPUIPlugin:80 - create IPUIPlugin
2024-04-12 22:03:03,670 [INFO] PluginManager:220 - loadIPPluginJar : add spi
2024-04-12 22:03:03,708 [INFO] IPUIPlugin:80 - create IPUIPlugin
2024-04-12 22:03:03,708 [INFO] PluginManager:220 - loadIPPluginJar : add stm32_wpan
2024-04-12 22:03:03,722 [INFO] IPUIPlugin:80 - create IPUIPlugin
2024-04-12 22:03:03,722 [INFO] PluginManager:220 - loadIPPluginJar : add tim
2024-04-12 22:03:03,750 [INFO] IPUIPlugin:80 - create IPUIPlugin
2024-04-12 22:03:03,750 [INFO] PluginManager:220 - loadIPPluginJar : add touchsensing
2024-04-12 22:03:03,761 [INFO] IPUIPlugin:80 - create IPUIPlugin
2024-04-12 22:03:03,761 [INFO] PluginManager:220 - loadIPPluginJar : add tracer_emb
2024-04-12 22:03:03,773 [INFO] IPUIPlugin:80 - create IPUIPlugin
2024-04-12 22:03:03,773 [INFO] PluginManager:220 - loadIPPluginJar : add ts
2024-04-12 22:03:03,785 [INFO] IPUIPlugin:80 - create IPUIPlugin
2024-04-12 22:03:03,785 [INFO] PluginManager:220 - loadIPPluginJar : add tsc
2024-04-12 22:03:03,798 [INFO] IPUIPlugin:80 - create IPUIPlugin
2024-04-12 22:03:03,799 [INFO] PluginManager:220 - loadIPPluginJar : add ucpd
2024-04-12 22:03:03,822 [INFO] IPUIPlugin:80 - create IPUIPlugin
2024-04-12 22:03:03,822 [INFO] PluginManager:220 - loadIPPluginJar : add usart
2024-04-12 22:03:03,844 [INFO] IPUIPlugin:80 - create IPUIPlugin
2024-04-12 22:03:03,844 [INFO] PluginManager:220 - loadIPPluginJar : add usbx
2024-04-12 22:03:03,954 [INFO] CADModel:165 - CPN selected for project level
2024-04-12 22:03:03,954 [INFO] CADModel:114 - Register for checkConnection events
2024-04-12 22:03:03,956 [FATAL] Updater:308 - Updater called before beeing initialized
2024-04-12 22:03:03,956 [ERROR] CADModel:125 - Updater not yet initialized, retry later 
2024-04-12 22:03:04,053 [INFO] CADModel:165 - CPN selected for project level
2024-04-12 22:03:04,053 [INFO] CADModel:114 - Register for checkConnection events
2024-04-12 22:03:04,053 [FATAL] Updater:308 - Updater called before beeing initialized
2024-04-12 22:03:04,053 [ERROR] CADModel:125 - Updater not yet initialized, retry later 
2024-04-12 22:03:04,055 [FATAL] Updater:308 - Updater called before beeing initialized
2024-04-12 22:03:04,129 [FATAL] Updater:308 - Updater called before beeing initialized
2024-04-12 22:03:04,136 [INFO] DbMcusAds:53 - JSON generation date=Wed Nov 29 13:52:27 TRT 2023 (1701255147349)
2024-04-12 22:03:04,136 [FATAL] Updater:308 - Updater called before beeing initialized
2024-04-12 22:03:04,183 [WARN] DetailPanel:346 - Failed to get advertising image, set to default
2024-04-12 22:03:04,241 [FATAL] Updater:308 - Updater called before beeing initialized
2024-04-12 22:03:04,243 [FATAL] Updater:308 - Updater called before beeing initialized
2024-04-12 22:03:04,243 [FATAL] Updater:308 - Updater called before beeing initialized
2024-04-12 22:03:04,243 [WARN] DetailPanel:346 - Failed to get advertising image, set to default
2024-04-12 22:03:04,244 [FATAL] Updater:308 - Updater called before beeing initialized
2024-04-12 22:03:04,288 [ERROR] Updater:1120 - MainUpdater not yet initialized. External WinMGr cannot be set.
2024-04-12 22:03:04,295 [INFO] Updater:1056 - Updater Version found : 6.10.0
2024-04-12 22:03:04,313 [INFO] ApplicationProperties:184 - Using Application install path: C:\ST\STM32CubeIDE_1.14.0\STM32CubeIDE\plugins\com.st.stm32cube.common.mx_6.10.0.202311202037
2024-04-12 22:03:05,508 [INFO] ThirdPartyUpdaterWithRetryManager:70 - Updater plugin not ready yet. [2/15]
2024-04-12 22:03:05,942 [ERROR] LogOutputStream:75 - [STDERR_REDIRECT] Apr 12, 2024 10:03:05 PM java.util.prefs.WindowsPreferences <init>
2024-04-12 22:03:05,945 [ERROR] LogOutputStream:75 - [STDERR_REDIRECT] WARNING: Could not open/create prefs root node Software\JavaSoft\Prefs at root 0xffffffff80000002. Windows RegCreateKeyEx(...) returned error code 5.
2024-04-12 22:03:05,945 [ERROR] LogOutputStream:75 - [STDERR_REDIRECT] 
2024-04-12 22:03:06,032 [INFO] MainUpdater:526 - Copy updater definitions from MX database
2024-04-12 22:03:06,362 [INFO] MainUpdater:2873 - connection check result : 10
2024-04-12 22:03:06,363 [INFO] MainUpdater:3567 - Updater definition file requires update
2024-04-12 22:03:06,364 [INFO] MainUpdater:290 - Updater Check For Update Now.
2024-04-12 22:03:06,364 [INFO] MicroXplorer:498 - Change Database Version : DB.6.0.100
2024-04-12 22:03:06,385 [INFO] McuFinderGlobals:63 - Set McuFinder mode to 2 (CubeIDE integrated)
2024-04-12 22:03:06,386 [INFO] UserAuth:180 - activating auth plugin
2024-04-12 22:03:06,388 [INFO] UserAuth:404 - Internet connection configuration mode: 1
2024-04-12 22:03:06,402 [INFO] JxBrowserEngine:152 - Initiate JxBrowser Engine with user profile folder
2024-04-12 22:03:06,557 [INFO] ServerAccessManage:473 - Download File updaters.zip
2024-04-12 22:03:06,715 [INFO] FileExtend:240 - Unzip File : updaters.zip
2024-04-12 22:03:06,716 [INFO] FileExtend:255 - Standard Zip Deflate
2024-04-12 22:03:06,976 [INFO] ServerAccessManage:473 - Download File PacksControlFlags.xml
2024-04-12 22:03:07,099 [INFO] ServerAccessManage:473 - Download File cubemx.pidx
2024-04-12 22:03:07,206 [INFO] LoadServerUpdatesThread:375 - End of LoadServerUpdate Thread
2024-04-12 22:03:07,387 [INFO] CheckServerUpdateThread:120 - End of CheckServer Thread
2024-04-12 22:03:08,615 [WARN] PackLoader:240 - Cannot read IP mode file for STMicroelectronics.X-CUBE-SMBUS.2.1.0
2024-04-12 22:03:08,627 [WARN] PackLoader:240 - Cannot read IP mode file for STMicroelectronics.X-CUBE-TOUCHGFX.4.23.1
2024-04-12 22:03:08,635 [WARN] PackLoader:240 - Cannot read IP mode file for STMicroelectronics.X-CUBE-TOUCHGFX.4.23.0
2024-04-12 22:03:08,643 [WARN] PackLoader:240 - Cannot read IP mode file for STMicroelectronics.X-CUBE-TOUCHGFX.4.23.2
2024-04-12 22:03:08,669 [WARN] PackLoader:240 - Cannot read IP mode file for STMicroelectronics.X-CUBE-AZRTOS-F7.1.1.0
2024-04-12 22:03:08,681 [WARN] PackLoader:240 - Cannot read IP mode file for STMicroelectronics.FP-SNS-MOTENV1.4.3.2
2024-04-12 22:03:08,690 [WARN] PackLoader:240 - Cannot read IP mode file for STMicroelectronics.FP-SNS-FLIGHT1.5.0.2
2024-04-12 22:03:08,702 [WARN] PackLoader:240 - Cannot read IP mode file for STMicroelectronics.X-CUBE-DISPLAY.3.0.0
2024-04-12 22:03:08,715 [WARN] PackLoader:240 - Cannot read IP mode file for STMicroelectronics.X-CUBE-BLE1.7.0.0
2024-04-12 22:03:08,726 [WARN] PackLoader:240 - Cannot read IP mode file for STMicroelectronics.X-CUBE-BLEMGR.3.1.0
2024-04-12 22:03:08,735 [WARN] PackLoader:240 - Cannot read IP mode file for STMicroelectronics.FP-SNS-SMARTAG2.1.2.0
2024-04-12 22:03:08,748 [INFO] LogOutputStream:77 - [STDOUT_REDIRECT] 1 : Invalid condition id : UX_CORESTACK_Condition cause : null
2024-04-12 22:03:08,748 [INFO] LogOutputStream:77 - [STDOUT_REDIRECT] 1 : Invalid condition id : UX_CORESTACK_Condition cause : null
2024-04-12 22:03:08,749 [INFO] LogOutputStream:77 - [STDOUT_REDIRECT] 1 : Invalid condition id : UX_CORESTACK_Condition cause : null
2024-04-12 22:03:08,750 [INFO] LogOutputStream:77 - [STDOUT_REDIRECT] 1 : Invalid condition id : UX_CORESTACK_Condition cause : null
2024-04-12 22:03:08,750 [INFO] LogOutputStream:77 - [STDOUT_REDIRECT] 1 : Invalid condition id : UX_CORESTACK_Condition cause : null
2024-04-12 22:03:08,752 [WARN] PackLoader:240 - Cannot read IP mode file for STMicroelectronics.X-CUBE-AZRTOS-WL.2.0.0
2024-04-12 22:03:08,761 [WARN] PackLoader:240 - Cannot read IP mode file for STMicroelectronics.FP-SNS-MOTENV1.5.0.0
2024-04-12 22:03:08,771 [WARN] PackLoader:240 - Cannot read IP mode file for WES.I-CUBE-Cesium.1.3.0
2024-04-12 22:03:08,781 [WARN] PackLoader:240 - Cannot read IP mode file for STMicroelectronics.X-CUBE-BLE2.3.3.0
2024-04-12 22:03:08,791 [WARN] PackLoader:240 - Cannot read IP mode file for STMicroelectronics.X-CUBE-TCPP.4.1.0
2024-04-12 22:03:08,800 [WARN] PackLoader:240 - Cannot read IP mode file for STMicroelectronics.X-CUBE-ALGOBUILD.1.3.0
2024-04-12 22:03:08,818 [WARN] PackLoader:240 - Cannot read IP mode file for STMicroelectronics.X-CUBE-AZRTOS-G0.1.1.0
2024-04-12 22:03:08,828 [WARN] PackLoader:240 - Cannot read IP mode file for STMicroelectronics.X-CUBE-SAFEA1.1.2.2
2024-04-12 22:03:08,837 [WARN] PackLoader:240 - Cannot read IP mode file for STMicroelectronics.X-CUBE-NFC4.3.0.0
2024-04-12 22:03:08,847 [WARN] PackLoader:240 - Cannot read IP mode file for STMicroelectronics.X-CUBE-BLEMGR.3.0.0
2024-04-12 22:03:08,857 [WARN] PackLoader:240 - Cannot read IP mode file for STMicroelectronics.FP-ATR-SIGFOX1.3.2.0
2024-04-12 22:03:08,869 [WARN] PackLoader:240 - Cannot read IP mode file for STMicroelectronics.X-CUBE-EEPRMA1.5.1.0
2024-04-12 22:03:08,896 [WARN] PackLoader:240 - Cannot read IP mode file for SEGGER.I-CUBE-embOS.1.3.1
2024-04-12 22:03:08,933 [WARN] PackLoader:240 - Cannot read IP mode file for STMicroelectronics.X-CUBE-GNSS1.6.0.0
2024-04-12 22:03:08,950 [WARN] PackLoader:240 - Cannot read IP mode file for STMicroelectronics.X-CUBE-AZRTOS-F4.1.1.0
2024-04-12 22:03:08,970 [WARN] PackLoader:240 - Cannot read IP mode file for STMicroelectronics.X-CUBE-AZRTOS-L5.2.0.0
2024-04-12 22:03:08,982 [WARN] PackLoader:240 - Cannot read IP mode file for STMicroelectronics.X-CUBE-EEPRMA1.4.2.0
2024-04-12 22:03:08,995 [WARN] PackLoader:240 - Cannot read IP mode file for STMicroelectronics.X-CUBE-NFC6.3.1.0
2024-04-12 22:03:09,006 [WARN] PackLoader:240 - Cannot read IP mode file for ITTIA_DB.I-CUBE-ITTIADB.8.8.0
2024-04-12 22:03:09,015 [WARN] PackLoader:240 - Cannot read IP mode file for STMicroelectronics.X-CUBE-NFC7.1.0.1
2024-04-12 22:03:09,026 [WARN] PackLoader:240 - Cannot read IP mode file for STMicroelectronics.X-CUBE-NFC6.3.0.0
2024-04-12 22:03:09,035 [WARN] PackLoader:240 - Cannot read IP mode file for STMicroelectronics.X-CUBE-AI.8.1.0
2024-04-12 22:03:09,055 [WARN] ConditionMgr:438 - getConditionDescription Invalid condition id : LAN8742 Phy interface Condition cause : null
2024-04-12 22:03:09,055 [WARN] PackLoader:240 - Cannot read IP mode file for STMicroelectronics.X-CUBE-AZRTOS-L4.2.0.0
2024-04-12 22:03:09,056 [WARN] ConditionMgr:1039 - genDependencies : Invalid condition id : LAN8742 Phy interface Condition cause : null
2024-04-12 22:03:09,056 [WARN] ConditionMgr:1039 - genDependencies : Invalid condition id : LAN8742 Phy interface Condition cause : null
2024-04-12 22:03:09,057 [WARN] ConditionMgr:1039 - genDependencies : Invalid condition id : LAN8742 Phy interface Condition cause : null
2024-04-12 22:03:09,071 [WARN] PackLoader:240 - Cannot read IP mode file for STMicroelectronics.X-CUBE-SFXS2LP1.4.0.0
2024-04-12 22:03:09,088 [WARN] ConditionMgr:438 - getConditionDescription Invalid condition id : UX DEVICE CLASS RTOS Condition cause : null
2024-04-12 22:03:09,088 [WARN] ConditionMgr:438 - getConditionDescription Invalid condition id : UX DEVICE CLASS RTOS Condition cause : null
2024-04-12 22:03:09,089 [WARN] PackLoader:240 - Cannot read IP mode file for STMicroelectronics.X-CUBE-AZRTOS-WB.2.0.0
2024-04-12 22:03:09,089 [WARN] ConditionMgr:1039 - genDependencies : Invalid condition id : UX DEVICE CLASS RTOS Condition cause : null
2024-04-12 22:03:09,089 [WARN] ConditionMgr:1039 - genDependencies : Invalid condition id : UX DEVICE CLASS RTOS Condition cause : null
2024-04-12 22:03:09,090 [WARN] ConditionMgr:1039 - genDependencies : Invalid condition id : UX DEVICE CLASS RTOS Condition cause : null
2024-04-12 22:03:09,090 [WARN] ConditionMgr:1039 - genDependencies : Invalid condition id : UX DEVICE CLASS RTOS Condition cause : null
2024-04-12 22:03:09,090 [WARN] ConditionMgr:1039 - genDependencies : Invalid condition id : UX DEVICE CLASS RTOS Condition cause : null
2024-04-12 22:03:09,103 [WARN] PackLoader:240 - Cannot read IP mode file for STMicroelectronics.X-CUBE-SUBG2.5.0.0
2024-04-12 22:03:09,120 [WARN] PackLoader:240 - Cannot read IP mode file for STMicroelectronics.X-CUBE-AZRTOS-G4.2.0.0
2024-04-12 22:03:09,134 [WARN] PackLoader:240 - Cannot read IP mode file for Infineon.AIROC-Wi-Fi-Bluetooth-STM32.1.5.1
2024-04-12 22:03:09,166 [WARN] PackLoader:240 - Cannot read IP mode file for STMicroelectronics.X-CUBE-MEMS1.10.0.0
2024-04-12 22:03:09,236 [WARN] PackLoader:240 - Cannot read IP mode file for STMicroelectronics.X-CUBE-FREERTOS.1.1.0
2024-04-12 22:03:09,249 [WARN] PackLoader:240 - Cannot read IP mode file for portGmbH.I-Cube-SoM-uGOAL.1.1.0
2024-04-12 22:03:09,261 [WARN] PackLoader:240 - Cannot read IP mode file for STMicroelectronics.X-CUBE-ALS.1.0.1
2024-04-12 22:03:09,270 [WARN] PackLoader:240 - Cannot read IP mode file for STMicroelectronics.FP-ATR-ASTRA1.2.0.0
2024-04-12 22:03:09,286 [WARN] PackLoader:240 - Cannot read IP mode file for STMicroelectronics.X-CUBE-TOF1.3.4.0
2024-04-12 22:03:09,303 [WARN] PackLoader:240 - Cannot read IP mode file for STMicroelectronics.X-CUBE-TOF1.3.4.1
2024-04-12 22:03:09,309 [INFO] ThirdParty:978 - Integrity check success = true
2024-04-12 22:03:09,309 [INFO] IntegrityCheckThread:100 - exiting critical section [integrity check]
2024-04-12 22:03:09,309 [INFO] IntegrityCheckThread:103 - End integrity checks thread
2024-04-12 22:03:09,822 [INFO] WebApp:161 - Instantiating new browser for Auth
2024-04-12 22:03:10,249 [INFO] WebApp:780 - Register for checkConnection events
2024-04-12 22:03:10,249 [INFO] WebApp:414 - Apply proxy settings
2024-04-12 22:03:10,250 [INFO] WebApp:499 - Chromium requires no authentication
2024-04-12 22:03:10,257 [INFO] WebApp:442 - Direct internet connection detected
2024-04-12 22:03:10,367 [INFO] WebApp:192 - Starting web application
2024-04-12 22:03:10,367 [INFO] WebApp:544 - Web application path used C:\ST\STM32CubeIDE_1.14.0\STM32CubeIDE\plugins\com.st.stm32cube.common.mx_6.10.0.202311202037\db\plugins\mcufinder\reactClient1\index.html
2024-04-12 22:03:32,611 [ERROR] LogOutputStream:75 - [STDERR_REDIRECT] SLF4J: Failed to load class "org.slf4j.impl.StaticLoggerBinder".
2024-04-12 22:03:32,612 [ERROR] LogOutputStream:75 - [STDERR_REDIRECT] SLF4J: Defaulting to no-operation (NOP) logger implementation
2024-04-12 22:03:32,613 [ERROR] LogOutputStream:75 - [STDERR_REDIRECT] SLF4J: See http://www.slf4j.org/codes.html#StaticLoggerBinder for further details.
