2024-03-21 09:40:56,430 [INFO] Activator:176 - 


2024-03-21 09:40:56,431 [INFO] Activator:177 - !SESSION log4j initialized
2024-03-21 09:40:58,581 [INFO] LogOutputStream:77 - [STDOUT_REDIRECT] 
2024-03-21 09:41:05,592 [INFO] ApplicationProperties:184 - Using Application install path: C:\ST\STM32CubeIDE_1.14.0\STM32CubeIDE\plugins\com.st.stm32cube.common.mx_6.10.0.202311202037
2024-03-21 09:41:05,605 [INFO] DbMcusXml:78 - Set database path to: C:\ST\STM32CubeIDE_1.14.0\STM32CubeIDE\plugins\com.st.stm32cube.common.mx_6.10.0.202311202037\\db\/mcu/
2024-03-21 09:41:05,605 [INFO] ApiDb:274 - Set plugin database path to: C:\ST\STM32CubeIDE_1.14.0\STM32CubeIDE\plugins\com.st.stm32cube.common.mx_6.10.0.202311202037\\db\/plugins/boardmanager/
2024-03-21 09:41:05,605 [WARN] ApiDb:259 - Overriding images path with different value:  => C:\ST\STM32CubeIDE_1.14.0\STM32CubeIDE\plugins\com.st.stm32cube.common.mx_6.10.0.202311202037\\db\/plugins/mcufinder/images/
2024-03-21 09:41:05,610 [INFO] ApiDb:250 - Set database path to: C:\Users\Ahmet\.stmcufinder\plugins\mcufinder//mcu/
2024-03-21 09:41:05,611 [INFO] DbMcusAds:125 - Set database path to: C:\Users\Ahmet\.stmcufinder\plugins\mcufinder//mcu/
2024-03-21 09:41:05,613 [INFO] CrossReferenceDbSqlite:203 - Set database path to: C:\Users\Ahmet\.stmcufinder\plugins\mcufinder//mcu/cs/
2024-03-21 09:41:05,685 [INFO] RulesReader:64 - Compatibility file has been processed (297 Rules)
2024-03-21 09:41:05,757 [INFO] DbMcusXml:78 - Set database path to: C:\ST\STM32CubeIDE_1.14.0\STM32CubeIDE\plugins\com.st.stm32cube.common.mx_6.10.0.202311202037\\db\/mcu/
2024-03-21 09:41:05,757 [INFO] ApiDb:274 - Set plugin database path to: C:\ST\STM32CubeIDE_1.14.0\STM32CubeIDE\plugins\com.st.stm32cube.common.mx_6.10.0.202311202037\\db\/plugins/boardmanager/
2024-03-21 09:41:05,757 [INFO] ApiDb:261 - Set plugin images path to: C:\ST\STM32CubeIDE_1.14.0\STM32CubeIDE\plugins\com.st.stm32cube.common.mx_6.10.0.202311202037\\db\/plugins/mcufinder/images/
2024-03-21 09:41:05,757 [WARN] DbFile:41 - Overriding database path with different value: C:\Users\Ahmet\.stmcufinder\plugins\mcufinder/ => C:\Users\Ahmet\.stmcufinder\plugins\mcufinder
2024-03-21 09:41:05,757 [INFO] ApiDb:250 - Set database path to: C:\Users\Ahmet\.stmcufinder\plugins\mcufinder//mcu/
2024-03-21 09:41:05,757 [WARN] DbFile:41 - Overriding database path with different value: C:\Users\Ahmet\.stmcufinder\plugins\mcufinder/ => C:\Users\Ahmet\.stmcufinder\plugins\mcufinder
2024-03-21 09:41:05,757 [INFO] DbMcusAds:125 - Set database path to: C:\Users\Ahmet\.stmcufinder\plugins\mcufinder//mcu/
2024-03-21 09:41:05,757 [WARN] DbFile:41 - Overriding database path with different value: C:\Users\Ahmet\.stmcufinder\plugins\mcufinder/ => C:\Users\Ahmet\.stmcufinder\plugins\mcufinder
2024-03-21 09:41:05,757 [WARN] DbFile:41 - Overriding database path with different value: C:\Users\Ahmet\.stmcufinder\plugins\mcufinder/ => C:\Users\Ahmet\.stmcufinder\plugins\mcufinder
2024-03-21 09:41:05,757 [INFO] CrossReferenceDbSqlite:203 - Set database path to: C:\Users\Ahmet\.stmcufinder\plugins\mcufinder//mcu/cs/
2024-03-21 09:41:05,809 [INFO] MainPanel:264 - HeapMemory: 268435456
2024-03-21 09:41:05,887 [INFO] DbMcusXml:78 - Set database path to: C:\ST\STM32CubeIDE_1.14.0\STM32CubeIDE\plugins\com.st.stm32cube.common.mx_6.10.0.202311202037\\db\/mcu/
2024-03-21 09:41:05,887 [INFO] ApiDb:274 - Set plugin database path to: C:\ST\STM32CubeIDE_1.14.0\STM32CubeIDE\plugins\com.st.stm32cube.common.mx_6.10.0.202311202037\\db\/plugins/boardmanager/
2024-03-21 09:41:05,888 [INFO] ApiDb:261 - Set plugin images path to: C:\ST\STM32CubeIDE_1.14.0\STM32CubeIDE\plugins\com.st.stm32cube.common.mx_6.10.0.202311202037\\db\/plugins/mcufinder/images/
2024-03-21 09:41:05,888 [WARN] DbFile:41 - Overriding database path with different value: C:\Users\Ahmet\.stmcufinder\plugins\mcufinder/ => C:\Users\Ahmet\.stmcufinder\plugins\mcufinder
2024-03-21 09:41:05,888 [INFO] ApiDb:250 - Set database path to: C:\Users\Ahmet\.stmcufinder\plugins\mcufinder//mcu/
2024-03-21 09:41:05,888 [WARN] DbFile:41 - Overriding database path with different value: C:\Users\Ahmet\.stmcufinder\plugins\mcufinder/ => C:\Users\Ahmet\.stmcufinder\plugins\mcufinder
2024-03-21 09:41:05,888 [INFO] DbMcusAds:125 - Set database path to: C:\Users\Ahmet\.stmcufinder\plugins\mcufinder//mcu/
2024-03-21 09:41:05,888 [WARN] DbFile:41 - Overriding database path with different value: C:\Users\Ahmet\.stmcufinder\plugins\mcufinder/ => C:\Users\Ahmet\.stmcufinder\plugins\mcufinder
2024-03-21 09:41:05,888 [WARN] DbFile:41 - Overriding database path with different value: C:\Users\Ahmet\.stmcufinder\plugins\mcufinder/ => C:\Users\Ahmet\.stmcufinder\plugins\mcufinder
2024-03-21 09:41:05,888 [INFO] CrossReferenceDbSqlite:203 - Set database path to: C:\Users\Ahmet\.stmcufinder\plugins\mcufinder//mcu/cs/
2024-03-21 09:41:05,901 [INFO] ApplicationProperties:184 - Using Application install path: C:\ST\STM32CubeIDE_1.14.0\STM32CubeIDE\plugins\com.st.stm32cube.common.mx_6.10.0.202311202037
2024-03-21 09:41:05,902 [INFO] PluginManage:196 - Search for loadable plugins [exclusion list=, ]
2024-03-21 09:41:05,903 [INFO] PluginManage:310 - Check plugin analytics
2024-03-21 09:41:06,048 [INFO] AnalyticsPlugin:253 - Accepted Software Licenses: 
2024-03-21 09:41:06,048 [INFO] AnalyticsPlugin:255 - Accepted CMSIS Pack Licenses: 
2024-03-21 09:41:06,049 [INFO] AnalyticsPlugin:257 - Accepted Firmware Licenses: FW.L4.1.18.0,FW.F4.1.27.0
2024-03-21 09:41:06,052 [INFO] PluginManage:359 - Loaded plugin analytics (category:tool,tabindex:-1)
2024-03-21 09:41:06,052 [INFO] PluginManage:310 - Check plugin cadmodel
2024-03-21 09:41:06,064 [INFO] CADModel:105 - Init CAD model plugin
2024-03-21 09:41:06,065 [INFO] PluginManage:359 - Loaded plugin cadmodel (category:power,tabindex:5)
2024-03-21 09:41:06,065 [INFO] PluginManage:310 - Check plugin clock
2024-03-21 09:41:06,087 [INFO] PluginManage:359 - Loaded plugin clock (category:base,tabindex:2)
2024-03-21 09:41:06,087 [INFO] PluginManage:310 - Check plugin ddr
2024-03-21 09:41:06,089 [INFO] PluginManage:359 - Loaded plugin ddr (category:tool,tabindex:6)
2024-03-21 09:41:06,090 [INFO] PluginManage:310 - Check plugin filemanager
2024-03-21 09:41:06,228 [INFO] PluginManage:359 - Loaded plugin filemanager (category:base,tabindex:10)
2024-03-21 09:41:06,229 [INFO] PluginManage:310 - Check plugin ipmanager
2024-03-21 09:41:06,233 [INFO] PluginManage:359 - Loaded plugin ipmanager (category:base,tabindex:5)
2024-03-21 09:41:06,233 [INFO] PluginManage:310 - Check plugin lpbam
2024-03-21 09:41:06,246 [INFO] PluginManage:359 - Loaded plugin lpbam (category:base,tabindex:0)
2024-03-21 09:41:06,246 [INFO] PluginManage:310 - Check plugin memorymap
2024-03-21 09:41:06,264 [INFO] PluginManage:359 - Loaded plugin memorymap (category:base,tabindex:4)
2024-03-21 09:41:06,264 [INFO] PluginManage:310 - Check plugin pinoutandconfiguration
2024-03-21 09:41:06,275 [INFO] PluginManage:359 - Loaded plugin pinoutandconfiguration (category:base,tabindex:1)
2024-03-21 09:41:06,276 [INFO] PluginManage:310 - Check plugin pinoutconfig
2024-03-21 09:41:06,344 [WARN] SupportedApi:132 - Cannot load RTOS API schema: s4s-elt-must-match.1: The content of 'definitions' must match (annotation?, (simpleType | complexType)?, (unique | key | keyref)*)). A problem was found starting at: attribute.
2024-03-21 09:41:06,444 [INFO] PluginManage:359 - Loaded plugin pinoutconfig (category:base,tabindex:0)
2024-03-21 09:41:06,444 [INFO] PluginManage:310 - Check plugin power
2024-03-21 09:41:06,458 [INFO] PluginManage:359 - Loaded plugin power (category:power,tabindex:4)
2024-03-21 09:41:06,458 [INFO] PluginManage:310 - Check plugin projectmanager
2024-03-21 09:41:06,467 [INFO] PluginManage:359 - Loaded plugin projectmanager (category:projectmanager,tabindex:3)
2024-03-21 09:41:06,468 [INFO] PluginManage:310 - Check plugin thirdparty
2024-03-21 09:41:06,640 [INFO] PluginManage:359 - Loaded plugin thirdparty (category:base,tabindex:-1)
2024-03-21 09:41:06,640 [INFO] PluginManage:310 - Check plugin tools
2024-03-21 09:41:06,640 [WARN] IntegrityCheckThread:84 - waiting for thirdparty lock release [integrity check]
2024-03-21 09:41:06,640 [INFO] IntegrityCheckThread:86 - entering critical section [integrity check]
2024-03-21 09:41:06,640 [INFO] ThirdPartyUpdaterWithRetryManager:70 - Updater plugin not ready yet. [1/15]
2024-03-21 09:41:06,659 [INFO] PluginManage:359 - Loaded plugin tools (category:base,tabindex:7)
2024-03-21 09:41:06,659 [INFO] PluginManage:310 - Check plugin tutovideos
2024-03-21 09:41:06,791 [INFO] PluginManage:359 - Loaded plugin tutovideos (category:base,tabindex:-1)
2024-03-21 09:41:06,791 [INFO] PluginManage:310 - Check plugin updater
2024-03-21 09:41:06,799 [INFO] PluginManage:359 - Loaded plugin updater (category:base,tabindex:12)
2024-03-21 09:41:06,799 [INFO] PluginManage:310 - Check plugin userauth
2024-03-21 09:41:06,803 [INFO] UserAuth:114 - Init User Auth plugin
2024-03-21 09:41:06,803 [INFO] PluginManage:359 - Loaded plugin userauth (category:base,tabindex:14)
2024-03-21 09:41:06,803 [INFO] PluginManage:283 - PluginManage : Loaded plugins [17]
2024-03-21 09:41:06,930 [INFO] PinOutPanel:1499 - setPackage(No Configuration,No Configuration)
2024-03-21 09:41:06,976 [INFO] CADModel:165 - CPN selected for project level
2024-03-21 09:41:06,976 [INFO] CADModel:114 - Register for checkConnection events
2024-03-21 09:41:06,999 [INFO] IPUIPlugin:80 - create IPUIPlugin
2024-03-21 09:41:06,999 [INFO] PluginManager:220 - loadIPPluginJar : add adc
2024-03-21 09:41:07,024 [INFO] IPUIPlugin:80 - create IPUIPlugin
2024-03-21 09:41:07,024 [INFO] PluginManager:220 - loadIPPluginJar : add aes
2024-03-21 09:41:07,051 [INFO] IPUIPlugin:80 - create IPUIPlugin
2024-03-21 09:41:07,051 [INFO] PluginManager:220 - loadIPPluginJar : add can
2024-03-21 09:41:07,065 [INFO] IPUIPlugin:80 - create IPUIPlugin
2024-03-21 09:41:07,066 [INFO] PluginManager:220 - loadIPPluginJar : add comp
2024-03-21 09:41:07,088 [INFO] IPUIPlugin:80 - create IPUIPlugin
2024-03-21 09:41:07,088 [INFO] PluginManager:220 - loadIPPluginJar : add cryp
2024-03-21 09:41:07,109 [INFO] IPUIPlugin:80 - create IPUIPlugin
2024-03-21 09:41:07,110 [INFO] PluginManager:220 - loadIPPluginJar : add dfsdm
2024-03-21 09:41:07,123 [INFO] IPUIPlugin:80 - create IPUIPlugin
2024-03-21 09:41:07,123 [INFO] PluginManager:220 - loadIPPluginJar : add dma
2024-03-21 09:41:07,150 [INFO] IPUIPlugin:80 - create IPUIPlugin
2024-03-21 09:41:07,150 [INFO] PluginManager:220 - loadIPPluginJar : add dma3
2024-03-21 09:41:07,163 [INFO] IPUIPlugin:80 - create IPUIPlugin
2024-03-21 09:41:07,163 [INFO] PluginManager:220 - loadIPPluginJar : add fatfs
2024-03-21 09:41:07,190 [INFO] IPUIPlugin:80 - create IPUIPlugin
2024-03-21 09:41:07,190 [INFO] PluginManager:220 - loadIPPluginJar : add fmc
2024-03-21 09:41:07,203 [INFO] IPUIPlugin:80 - create IPUIPlugin
2024-03-21 09:41:07,203 [INFO] PluginManager:220 - loadIPPluginJar : add freertos
2024-03-21 09:41:07,215 [INFO] IPUIPlugin:80 - create IPUIPlugin
2024-03-21 09:41:07,216 [INFO] PluginManager:220 - loadIPPluginJar : add genericplugin
2024-03-21 09:41:07,264 [INFO] IPUIPlugin:80 - create IPUIPlugin
2024-03-21 09:41:07,264 [INFO] PluginManager:220 - loadIPPluginJar : add gfxmmu
2024-03-21 09:41:07,332 [INFO] IPUIPlugin:80 - create IPUIPlugin
2024-03-21 09:41:07,332 [INFO] PluginManager:220 - loadIPPluginJar : add gic
2024-03-21 09:41:07,342 [INFO] IPUIPlugin:80 - create IPUIPlugin
2024-03-21 09:41:07,342 [INFO] PluginManager:220 - loadIPPluginJar : add gpio
2024-03-21 09:41:07,392 [INFO] IPUIPlugin:80 - create IPUIPlugin
2024-03-21 09:41:07,392 [INFO] PluginManager:220 - loadIPPluginJar : add gtzc
2024-03-21 09:41:07,409 [INFO] IPUIPlugin:80 - create IPUIPlugin
2024-03-21 09:41:07,409 [INFO] PluginManager:220 - loadIPPluginJar : add hash
2024-03-21 09:41:07,435 [INFO] IPUIPlugin:80 - create IPUIPlugin
2024-03-21 09:41:07,435 [INFO] PluginManager:220 - loadIPPluginJar : add i2c
2024-03-21 09:41:07,455 [INFO] IPUIPlugin:80 - create IPUIPlugin
2024-03-21 09:41:07,455 [INFO] PluginManager:220 - loadIPPluginJar : add i2s
2024-03-21 09:41:07,477 [INFO] IPUIPlugin:80 - create IPUIPlugin
2024-03-21 09:41:07,478 [INFO] PluginManager:220 - loadIPPluginJar : add i3c
2024-03-21 09:41:07,532 [INFO] IPUIPlugin:80 - create IPUIPlugin
2024-03-21 09:41:07,532 [INFO] PluginManager:220 - loadIPPluginJar : add ipddr
2024-03-21 09:41:07,583 [INFO] IPUIPlugin:80 - create IPUIPlugin
2024-03-21 09:41:07,583 [INFO] PluginManager:220 - loadIPPluginJar : add linkedlist
2024-03-21 09:41:07,604 [INFO] IPUIPlugin:80 - create IPUIPlugin
2024-03-21 09:41:07,604 [INFO] PluginManager:220 - loadIPPluginJar : add lorawan
2024-03-21 09:41:07,625 [INFO] IPUIPlugin:80 - create IPUIPlugin
2024-03-21 09:41:07,625 [INFO] PluginManager:220 - loadIPPluginJar : add ltdc
2024-03-21 09:41:07,634 [INFO] IPUIPlugin:80 - create IPUIPlugin
2024-03-21 09:41:07,635 [INFO] PluginManager:220 - loadIPPluginJar : add mdma
2024-03-21 09:41:07,643 [INFO] IPUIPlugin:80 - create IPUIPlugin
2024-03-21 09:41:07,643 [INFO] PluginManager:220 - loadIPPluginJar : add nvic
2024-03-21 09:41:07,662 [INFO] IPUIPlugin:80 - create IPUIPlugin
2024-03-21 09:41:07,662 [INFO] PluginManager:220 - loadIPPluginJar : add opamp
2024-03-21 09:41:07,691 [INFO] IPUIPlugin:80 - create IPUIPlugin
2024-03-21 09:41:07,691 [INFO] PluginManager:220 - loadIPPluginJar : add openamp
2024-03-21 09:41:07,713 [INFO] IPUIPlugin:80 - create IPUIPlugin
2024-03-21 09:41:07,713 [INFO] PluginManager:220 - loadIPPluginJar : add pdm2pcm
2024-03-21 09:41:07,721 [INFO] IPUIPlugin:80 - create IPUIPlugin
2024-03-21 09:41:07,723 [INFO] PluginManager:220 - loadIPPluginJar : add plateformsettings
2024-03-21 09:41:07,736 [INFO] IPUIPlugin:80 - create IPUIPlugin
2024-03-21 09:41:07,736 [INFO] PluginManager:220 - loadIPPluginJar : add quadspi
2024-03-21 09:41:07,744 [INFO] IPUIPlugin:80 - create IPUIPlugin
2024-03-21 09:41:07,744 [INFO] PluginManager:220 - loadIPPluginJar : add resmgrutility
2024-03-21 09:41:07,769 [INFO] IPUIPlugin:80 - create IPUIPlugin
2024-03-21 09:41:07,769 [INFO] PluginManager:220 - loadIPPluginJar : add sai
2024-03-21 09:41:07,788 [INFO] IPUIPlugin:80 - create IPUIPlugin
2024-03-21 09:41:07,789 [INFO] PluginManager:220 - loadIPPluginJar : add spi
2024-03-21 09:41:07,826 [INFO] IPUIPlugin:80 - create IPUIPlugin
2024-03-21 09:41:07,826 [INFO] PluginManager:220 - loadIPPluginJar : add stm32_wpan
2024-03-21 09:41:07,839 [INFO] IPUIPlugin:80 - create IPUIPlugin
2024-03-21 09:41:07,839 [INFO] PluginManager:220 - loadIPPluginJar : add tim
2024-03-21 09:41:07,870 [INFO] IPUIPlugin:80 - create IPUIPlugin
2024-03-21 09:41:07,870 [INFO] PluginManager:220 - loadIPPluginJar : add touchsensing
2024-03-21 09:41:07,882 [INFO] IPUIPlugin:80 - create IPUIPlugin
2024-03-21 09:41:07,882 [INFO] PluginManager:220 - loadIPPluginJar : add tracer_emb
2024-03-21 09:41:07,896 [INFO] IPUIPlugin:80 - create IPUIPlugin
2024-03-21 09:41:07,896 [INFO] PluginManager:220 - loadIPPluginJar : add ts
2024-03-21 09:41:07,908 [INFO] IPUIPlugin:80 - create IPUIPlugin
2024-03-21 09:41:07,908 [INFO] PluginManager:220 - loadIPPluginJar : add tsc
2024-03-21 09:41:07,920 [INFO] IPUIPlugin:80 - create IPUIPlugin
2024-03-21 09:41:07,920 [INFO] PluginManager:220 - loadIPPluginJar : add ucpd
2024-03-21 09:41:07,944 [INFO] IPUIPlugin:80 - create IPUIPlugin
2024-03-21 09:41:07,944 [INFO] PluginManager:220 - loadIPPluginJar : add usart
2024-03-21 09:41:07,968 [INFO] IPUIPlugin:80 - create IPUIPlugin
2024-03-21 09:41:07,968 [INFO] PluginManager:220 - loadIPPluginJar : add usbx
2024-03-21 09:41:08,079 [INFO] CADModel:165 - CPN selected for project level
2024-03-21 09:41:08,079 [INFO] CADModel:114 - Register for checkConnection events
2024-03-21 09:41:08,080 [FATAL] Updater:308 - Updater called before beeing initialized
2024-03-21 09:41:08,080 [ERROR] CADModel:125 - Updater not yet initialized, retry later 
2024-03-21 09:41:08,170 [INFO] CADModel:165 - CPN selected for project level
2024-03-21 09:41:08,170 [INFO] CADModel:114 - Register for checkConnection events
2024-03-21 09:41:08,170 [FATAL] Updater:308 - Updater called before beeing initialized
2024-03-21 09:41:08,170 [ERROR] CADModel:125 - Updater not yet initialized, retry later 
2024-03-21 09:41:08,173 [FATAL] Updater:308 - Updater called before beeing initialized
2024-03-21 09:41:08,247 [FATAL] Updater:308 - Updater called before beeing initialized
2024-03-21 09:41:08,254 [INFO] DbMcusAds:53 - JSON generation date=Wed Nov 29 13:52:27 TRT 2023 (1701255147349)
2024-03-21 09:41:08,254 [FATAL] Updater:308 - Updater called before beeing initialized
2024-03-21 09:41:08,301 [WARN] DetailPanel:346 - Failed to get advertising image, set to default
2024-03-21 09:41:08,352 [FATAL] Updater:308 - Updater called before beeing initialized
2024-03-21 09:41:08,354 [FATAL] Updater:308 - Updater called before beeing initialized
2024-03-21 09:41:08,354 [FATAL] Updater:308 - Updater called before beeing initialized
2024-03-21 09:41:08,354 [WARN] DetailPanel:346 - Failed to get advertising image, set to default
2024-03-21 09:41:08,354 [FATAL] Updater:308 - Updater called before beeing initialized
2024-03-21 09:41:08,396 [ERROR] Updater:1120 - MainUpdater not yet initialized. External WinMGr cannot be set.
2024-03-21 09:41:08,402 [INFO] Updater:1056 - Updater Version found : 6.10.0
2024-03-21 09:41:08,416 [INFO] ApplicationProperties:184 - Using Application install path: C:\ST\STM32CubeIDE_1.14.0\STM32CubeIDE\plugins\com.st.stm32cube.common.mx_6.10.0.202311202037
2024-03-21 09:41:09,642 [INFO] ThirdPartyUpdaterWithRetryManager:70 - Updater plugin not ready yet. [2/15]
2024-03-21 09:41:09,982 [ERROR] LogOutputStream:75 - [STDERR_REDIRECT] Mar 21, 2024 9:41:09 AM java.util.prefs.WindowsPreferences <init>
2024-03-21 09:41:09,985 [ERROR] LogOutputStream:75 - [STDERR_REDIRECT] WARNING: Could not open/create prefs root node Software\JavaSoft\Prefs at root 0xffffffff80000002. Windows RegCreateKeyEx(...) returned error code 5.
2024-03-21 09:41:09,985 [ERROR] LogOutputStream:75 - [STDERR_REDIRECT] 
2024-03-21 09:41:10,033 [INFO] MainUpdater:526 - Copy updater definitions from MX database
2024-03-21 09:41:10,219 [INFO] MainUpdater:2873 - connection check result : 10
2024-03-21 09:41:10,220 [INFO] MainUpdater:3567 - Updater definition file requires update
2024-03-21 09:41:10,220 [INFO] MainUpdater:290 - Updater Check For Update Now.
2024-03-21 09:41:10,220 [INFO] MicroXplorer:498 - Change Database Version : DB.6.0.100
2024-03-21 09:41:10,236 [INFO] McuFinderGlobals:63 - Set McuFinder mode to 2 (CubeIDE integrated)
2024-03-21 09:41:10,236 [INFO] UserAuth:180 - activating auth plugin
2024-03-21 09:41:10,238 [INFO] UserAuth:404 - Internet connection configuration mode: 1
2024-03-21 09:41:10,246 [INFO] ServerAccessManage:473 - Download File updaters.zip
2024-03-21 09:41:10,252 [INFO] JxBrowserEngine:152 - Initiate JxBrowser Engine with user profile folder
2024-03-21 09:41:10,319 [INFO] FileExtend:240 - Unzip File : updaters.zip
2024-03-21 09:41:10,320 [INFO] FileExtend:255 - Standard Zip Deflate
2024-03-21 09:41:10,533 [INFO] ServerAccessManage:473 - Download File PacksControlFlags.xml
2024-03-21 09:41:10,606 [INFO] ServerAccessManage:473 - Download File cubemx.pidx
2024-03-21 09:41:11,131 [INFO] ServerAccessManage:473 - Download File STMicroelectronics.X-CUBE-NFC6.pdsc
2024-03-21 09:41:11,738 [WARN] PackLoader:240 - Cannot read IP mode file for STMicroelectronics.X-CUBE-NFC6.3.1.0
2024-03-21 09:41:11,742 [INFO] PopulateThirdPartyThread:66 - Ending populate Thread
2024-03-21 09:41:11,743 [INFO] ThirdParty:1030 - CMSIS Pack Vendor :STMicroelectronics X-CUBE-NFC6 3.1.0
2024-03-21 09:41:11,744 [INFO] LoadServerUpdatesThread:375 - End of LoadServerUpdate Thread
2024-03-21 09:41:11,838 [INFO] CheckServerUpdateThread:120 - End of CheckServer Thread
2024-03-21 09:41:12,344 [INFO] WebApp:161 - Instantiating new browser for Auth
2024-03-21 09:41:12,730 [WARN] PackLoader:240 - Cannot read IP mode file for STMicroelectronics.X-CUBE-SMBUS.2.1.0
2024-03-21 09:41:12,755 [WARN] PackLoader:240 - Cannot read IP mode file for STMicroelectronics.X-CUBE-AZRTOS-F7.1.1.0
2024-03-21 09:41:12,769 [WARN] PackLoader:240 - Cannot read IP mode file for STMicroelectronics.FP-SNS-MOTENV1.4.3.2
2024-03-21 09:41:12,774 [WARN] PackLoader:240 - Cannot read IP mode file for STMicroelectronics.FP-SNS-FLIGHT1.5.0.2
2024-03-21 09:41:12,785 [WARN] PackLoader:240 - Cannot read IP mode file for STMicroelectronics.X-CUBE-DISPLAY.3.0.0
2024-03-21 09:41:12,798 [WARN] PackLoader:240 - Cannot read IP mode file for STMicroelectronics.X-CUBE-BLE1.7.0.0
2024-03-21 09:41:12,808 [WARN] PackLoader:240 - Cannot read IP mode file for STMicroelectronics.X-CUBE-BLEMGR.3.1.0
2024-03-21 09:41:12,817 [WARN] PackLoader:240 - Cannot read IP mode file for STMicroelectronics.FP-SNS-SMARTAG2.1.2.0
2024-03-21 09:41:12,830 [INFO] LogOutputStream:77 - [STDOUT_REDIRECT] 1 : Invalid condition id : UX_CORESTACK_Condition cause : null
2024-03-21 09:41:12,831 [INFO] LogOutputStream:77 - [STDOUT_REDIRECT] 1 : Invalid condition id : UX_CORESTACK_Condition cause : null
2024-03-21 09:41:12,832 [INFO] LogOutputStream:77 - [STDOUT_REDIRECT] 1 : Invalid condition id : UX_CORESTACK_Condition cause : null
2024-03-21 09:41:12,833 [INFO] LogOutputStream:77 - [STDOUT_REDIRECT] 1 : Invalid condition id : UX_CORESTACK_Condition cause : null
2024-03-21 09:41:12,834 [INFO] LogOutputStream:77 - [STDOUT_REDIRECT] 1 : Invalid condition id : UX_CORESTACK_Condition cause : null
2024-03-21 09:41:12,836 [WARN] PackLoader:240 - Cannot read IP mode file for STMicroelectronics.X-CUBE-AZRTOS-WL.2.0.0
2024-03-21 09:41:12,846 [WARN] PackLoader:240 - Cannot read IP mode file for WES.I-CUBE-Cesium.1.3.0
2024-03-21 09:41:12,854 [WARN] PackLoader:240 - Cannot read IP mode file for STMicroelectronics.X-CUBE-BLE2.3.3.0
2024-03-21 09:41:12,862 [WARN] PackLoader:240 - Cannot read IP mode file for STMicroelectronics.X-CUBE-ALGOBUILD.1.3.0
2024-03-21 09:41:12,878 [WARN] PackLoader:240 - Cannot read IP mode file for STMicroelectronics.X-CUBE-AZRTOS-G0.1.1.0
2024-03-21 09:41:12,887 [WARN] PackLoader:240 - Cannot read IP mode file for STMicroelectronics.X-CUBE-NFC4.3.0.0
2024-03-21 09:41:12,896 [WARN] PackLoader:240 - Cannot read IP mode file for STMicroelectronics.X-CUBE-BLEMGR.3.0.0
2024-03-21 09:41:12,904 [WARN] PackLoader:240 - Cannot read IP mode file for STMicroelectronics.FP-ATR-SIGFOX1.3.2.0
2024-03-21 09:41:12,915 [WARN] PackLoader:240 - Cannot read IP mode file for STMicroelectronics.X-CUBE-EEPRMA1.5.1.0
2024-03-21 09:41:12,941 [WARN] PackLoader:240 - Cannot read IP mode file for SEGGER.I-CUBE-embOS.1.3.1
2024-03-21 09:41:12,977 [WARN] PackLoader:240 - Cannot read IP mode file for STMicroelectronics.X-CUBE-GNSS1.6.0.0
2024-03-21 09:41:12,994 [WARN] PackLoader:240 - Cannot read IP mode file for STMicroelectronics.X-CUBE-AZRTOS-F4.1.1.0
2024-03-21 09:41:13,011 [WARN] PackLoader:240 - Cannot read IP mode file for STMicroelectronics.X-CUBE-AZRTOS-L5.2.0.0
2024-03-21 09:41:13,019 [WARN] PackLoader:240 - Cannot read IP mode file for STMicroelectronics.X-CUBE-EEPRMA1.4.2.0
2024-03-21 09:41:13,023 [WARN] PackLoader:240 - Cannot read IP mode file for STMicroelectronics.X-CUBE-NFC6.3.1.0
2024-03-21 09:41:13,032 [WARN] PackLoader:240 - Cannot read IP mode file for ITTIA_DB.I-CUBE-ITTIADB.8.8.0
2024-03-21 09:41:13,040 [WARN] PackLoader:240 - Cannot read IP mode file for STMicroelectronics.X-CUBE-NFC7.1.0.1
2024-03-21 09:41:13,048 [WARN] PackLoader:240 - Cannot read IP mode file for STMicroelectronics.X-CUBE-NFC6.3.0.0
2024-03-21 09:41:13,056 [WARN] PackLoader:240 - Cannot read IP mode file for STMicroelectronics.X-CUBE-AI.8.1.0
2024-03-21 09:41:13,073 [WARN] ConditionMgr:438 - getConditionDescription Invalid condition id : LAN8742 Phy interface Condition cause : null
2024-03-21 09:41:13,074 [WARN] PackLoader:240 - Cannot read IP mode file for STMicroelectronics.X-CUBE-AZRTOS-L4.2.0.0
2024-03-21 09:41:13,074 [WARN] ConditionMgr:1039 - genDependencies : Invalid condition id : LAN8742 Phy interface Condition cause : null
2024-03-21 09:41:13,074 [WARN] ConditionMgr:1039 - genDependencies : Invalid condition id : LAN8742 Phy interface Condition cause : null
2024-03-21 09:41:13,074 [WARN] ConditionMgr:1039 - genDependencies : Invalid condition id : LAN8742 Phy interface Condition cause : null
2024-03-21 09:41:13,086 [WARN] PackLoader:240 - Cannot read IP mode file for STMicroelectronics.X-CUBE-SFXS2LP1.4.0.0
2024-03-21 09:41:13,102 [WARN] ConditionMgr:438 - getConditionDescription Invalid condition id : UX DEVICE CLASS RTOS Condition cause : null
2024-03-21 09:41:13,102 [WARN] ConditionMgr:438 - getConditionDescription Invalid condition id : UX DEVICE CLASS RTOS Condition cause : null
2024-03-21 09:41:13,104 [WARN] PackLoader:240 - Cannot read IP mode file for STMicroelectronics.X-CUBE-AZRTOS-WB.2.0.0
2024-03-21 09:41:13,104 [WARN] ConditionMgr:1039 - genDependencies : Invalid condition id : UX DEVICE CLASS RTOS Condition cause : null
2024-03-21 09:41:13,104 [WARN] ConditionMgr:1039 - genDependencies : Invalid condition id : UX DEVICE CLASS RTOS Condition cause : null
2024-03-21 09:41:13,104 [WARN] ConditionMgr:1039 - genDependencies : Invalid condition id : UX DEVICE CLASS RTOS Condition cause : null
2024-03-21 09:41:13,105 [WARN] ConditionMgr:1039 - genDependencies : Invalid condition id : UX DEVICE CLASS RTOS Condition cause : null
2024-03-21 09:41:13,105 [WARN] ConditionMgr:1039 - genDependencies : Invalid condition id : UX DEVICE CLASS RTOS Condition cause : null
2024-03-21 09:41:13,116 [WARN] PackLoader:240 - Cannot read IP mode file for STMicroelectronics.X-CUBE-SUBG2.5.0.0
2024-03-21 09:41:13,137 [WARN] PackLoader:240 - Cannot read IP mode file for STMicroelectronics.X-CUBE-AZRTOS-G4.2.0.0
2024-03-21 09:41:13,153 [WARN] PackLoader:240 - Cannot read IP mode file for Infineon.AIROC-Wi-Fi-Bluetooth-STM32.1.5.1
2024-03-21 09:41:13,190 [WARN] PackLoader:240 - Cannot read IP mode file for STMicroelectronics.X-CUBE-MEMS1.10.0.0
2024-03-21 09:41:13,245 [WARN] PackLoader:240 - Cannot read IP mode file for STMicroelectronics.X-CUBE-FREERTOS.1.1.0
2024-03-21 09:41:13,255 [WARN] PackLoader:240 - Cannot read IP mode file for portGmbH.I-Cube-SoM-uGOAL.1.1.0
2024-03-21 09:41:13,262 [WARN] PackLoader:240 - Cannot read IP mode file for STMicroelectronics.X-CUBE-ALS.1.0.1
2024-03-21 09:41:13,270 [WARN] PackLoader:240 - Cannot read IP mode file for STMicroelectronics.FP-ATR-ASTRA1.2.0.0
2024-03-21 09:41:13,282 [WARN] PackLoader:240 - Cannot read IP mode file for STMicroelectronics.X-CUBE-TOF1.3.4.0
2024-03-21 09:41:13,298 [WARN] PackLoader:240 - Cannot read IP mode file for STMicroelectronics.X-CUBE-TOF1.3.4.1
2024-03-21 09:41:13,303 [INFO] ThirdParty:978 - Integrity check success = true
2024-03-21 09:41:13,303 [INFO] IntegrityCheckThread:100 - exiting critical section [integrity check]
2024-03-21 09:41:13,303 [INFO] IntegrityCheckThread:103 - End integrity checks thread
2024-03-21 09:41:13,320 [INFO] WebApp:780 - Register for checkConnection events
2024-03-21 09:41:13,320 [INFO] WebApp:414 - Apply proxy settings
2024-03-21 09:41:13,320 [INFO] WebApp:499 - Chromium requires no authentication
2024-03-21 09:41:13,343 [INFO] WebApp:442 - Direct internet connection detected
2024-03-21 09:41:13,675 [INFO] WebApp:192 - Starting web application
2024-03-21 09:41:13,675 [INFO] WebApp:544 - Web application path used C:\ST\STM32CubeIDE_1.14.0\STM32CubeIDE\plugins\com.st.stm32cube.common.mx_6.10.0.202311202037\db\plugins\mcufinder\reactClient1\index.html
2024-03-21 09:41:34,382 [ERROR] LogOutputStream:75 - [STDERR_REDIRECT] SLF4J: Failed to load class "org.slf4j.impl.StaticLoggerBinder".
2024-03-21 09:41:34,383 [ERROR] LogOutputStream:75 - [STDERR_REDIRECT] SLF4J: Defaulting to no-operation (NOP) logger implementation
2024-03-21 09:41:34,383 [ERROR] LogOutputStream:75 - [STDERR_REDIRECT] SLF4J: See http://www.slf4j.org/codes.html#StaticLoggerBinder for further details.
2024-03-21 13:55:41,571 [ERROR] LogOutputStream:75 - [STDERR_REDIRECT] 
2024-03-21 13:55:41,572 [ERROR] LogOutputStream:75 - [STDERR_REDIRECT] 
